============================================================
   Tang Dynasty, V6.2.168116
   Copyright (c) 2012-2025 Anlogic Inc.
   Executable = E:/anlu/bin/run.exe
   Built at =   16:32:07 Jun 12 2025
   Run by =     Lenovo
   Run Date =   Tue Nov  4 11:29:05 2025

   Run on =     LAPTOP-2020B3A6
============================================================
RUN-1002 : start command "import_device eagle_s20.db -package EG4S20BG256"
RUN-1001 : Using default speed grade: NA
ARC-1001 : Device Initialization.
ARC-1001 : ------------------------------------------------------------------
ARC-1001 :            OPTION            |          IO          |   SETTING   
ARC-1001 : ------------------------------------------------------------------
ARC-1001 :   cso_b/cclk/mosi/miso/dout  |  T3/R11/T10/P10/S11  |    gpio    
ARC-1001 :             done             |         P13          |    gpio    
ARC-1001 :           program_b          |          T2          |  dedicate  
ARC-1001 :        tdi/tms/tck/tdo       |   C12/A15/C14/E14    |  dedicate  
ARC-1001 : ------------------------------------------------------------------
ARC-1004 : Device setting, marked 5 dedicate IOs in total.
RUN-1002 : start command "open_project UDP_EXAMPLE.prj -noanalyze"
RUN-1002 : start command "import_db ../syn_1/UDP_EXAMPLE_gate.db"
RUN-1001 : Importing database generated by Tang Dynasty, V6.2.168116.
RUN-1001 : Database version number 46207
RUN-1001 : Import flow parameters
RUN-1001 : Import netlist
RUN-1001 : Import timing constraints
RUN-1001 : Import IO constraints
RUN-1001 : Import Inst constraints
RUN-1001 : Import ChipWatcher
RUN-1001 : Import design success TD_VERSION=6.2.168116 , DB_VERSION=46207
RUN-1002 : start command "commit_param -step place"
RUN-1001 : Print Global Property
RUN-1001 : --------------------------------------------------------
RUN-1001 :   Parameters   |  Settings  |  Default Values  |  Note  
RUN-1001 : --------------------------------------------------------
RUN-1001 :   enable_seed  |    off     |       off        |        
RUN-1001 :     message    |  standard  |     standard     |        
RUN-1001 :   qor_monitor  |     on     |        on        |        
RUN-1001 :   syn_ip_flow  |    off     |       off        |        
RUN-1001 :     thread     |    auto    |       auto       |        
RUN-1001 : --------------------------------------------------------
RUN-1002 : start command "set_param place effort high"
RUN-1002 : start command "set_param place hfn_opt_effort high"
RUN-1002 : start command "set_param place opt_timing high"
RUN-1001 : Print Place Property
RUN-1001 : -----------------------------------------------------------
RUN-1001 :     Parameters    |  Settings  |  Default Values  |  Note  
RUN-1001 : -----------------------------------------------------------
RUN-1001 :       effort      |    high    |      medium      |   *    
RUN-1001 :   hfn_opt_effort  |    high    |      medium      |   *    
RUN-1001 :     max_fanout    |   999999   |      999999      |        
RUN-1001 :     opt_timing    |    high    |      medium      |   *    
RUN-1001 :   post_place_opt  |    auto    |       auto       |        
RUN-1001 :    pr_strategy    |     1      |        1         |        
RUN-1001 :     relaxation    |    1.00    |       1.00       |        
RUN-1001 : -----------------------------------------------------------
RUN-1002 : start command "insert_debugger ../../chip_debugger"
RUN-1002 : start command "config_chipwatcher ../../chip_debugger/user.cfg"
RUN-1002 : start command "update_timing"
RUN-1002 : start command "start_timer"
USR-1002 : Derived clock:  create_generated_clock -name {u_clk_gen/u_pll_0/pll_inst.clkc[0]} -source [get_ports {clk_50}] -master_clock {clk_in} -multiply_by 2.5000 -duty_cycle 50.0000 [get_pins {u_clk_gen/u_pll_0/pll_inst.clkc[0]}]
USR-1002 : Derived clock:  create_generated_clock -name {u_clk_gen/u_pll_0/pll_inst.clkc[1]} -source [get_ports {clk_50}] -master_clock {clk_in} -multiply_by 2.5000 -duty_cycle 50.0000 [get_pins {u_clk_gen/u_pll_0/pll_inst.clkc[1]}]
USR-1002 : Derived clock:  create_generated_clock -name {u_clk_gen/u_pll_0/pll_inst.clkc[4]} -source [get_ports {clk_50}] -master_clock {clk_in} -multiply_by 2.5000 -phase 90 -duty_cycle 50.0000 [get_pins {u_clk_gen/u_pll_0/pll_inst.clkc[4]}]
USR-1002 : Derived clock:  create_generated_clock -name {u_sys_pll/pll_inst.clkc[0]} -source [get_ports {clk_50}] -master_clock {clk_in} -multiply_by 2.0000 -duty_cycle 50.0000 [get_pins {u_sys_pll/pll_inst.clkc[0]}]
USR-1002 : Derived clock:  create_generated_clock -name {u_video_pll/pll_inst.clkc[0]} -source [get_ports {clk_50}] -master_clock {clk_in} -divide_by 2.0000 -duty_cycle 50.0000 [get_pins {u_video_pll/pll_inst.clkc[0]}]
USR-1002 : Derived clock:  create_generated_clock -name {u_video_pll/pll_inst.clkc[1]} -source [get_ports {clk_50}] -master_clock {clk_in} -multiply_by 2.5000 -duty_cycle 50.0000 [get_pins {u_video_pll/pll_inst.clkc[1]}]
USR-6001 WARNING: No ports matched 'get_ports clk'
USR-6001 WARNING: No pins matched 'get_pins sys_pll_m0/pll_inst.clkc[1]'
USR-8124 CRITICAL-WARNING: Rename_clock: please specify object list.
USR-8159 CRITICAL-WARNING: Command rename_clock -name {ext_mem_clk} -source [get_ports {clk}] -master_clock {clk} [get_pins {sys_pll_m0/pll_inst.clkc[1]}] in C:/Users/Lenovo/Desktop/key34/key34/source_code/constraints/UDP.sdc(14) fails.
TMR-2502 : Net delay update with mode: Synthesized
KIT-5618 CRITICAL-WARNING: the bus debug_app_rx_data[7:0] is invalid in chipwatcher, ignored.
KIT-5603 WARNING: Net debug_app_rx_data_valid is invalid in chipwatcher, ignored.
KIT-5618 CRITICAL-WARNING: the bus debug_app_tx_data[7:0] is invalid in chipwatcher, ignored.
KIT-5603 WARNING: Net debug_app_tx_data_valid is invalid in chipwatcher, ignored.
KIT-5618 CRITICAL-WARNING: the bus debug_rx_data[7:0] is invalid in chipwatcher, ignored.
KIT-5603 WARNING: Net debug_rx_valid is invalid in chipwatcher, ignored.
KIT-5618 CRITICAL-WARNING: the bus debug_temac_rx_data[7:0] is invalid in chipwatcher, ignored.
KIT-5603 WARNING: Net debug_temac_rx_valid is invalid in chipwatcher, ignored.
KIT-5618 CRITICAL-WARNING: the bus debug_temac_tx_data[7:0] is invalid in chipwatcher, ignored.
KIT-5603 WARNING: Net debug_temac_tx_valid is invalid in chipwatcher, ignored.
KIT-5618 CRITICAL-WARNING: the bus debug_tx_data[7:0] is invalid in chipwatcher, ignored.
KIT-5603 WARNING: Net debug_tx_valid is invalid in chipwatcher, ignored.
KIT-1004 : chipwatcher: sanity check successfully
KIT-1004 : Chipwatcher code = 1001000110001111
KIT-1004 : import watcher inst auto_created_cwc1 completed, there are 7 view node(s), 21 trigger net(s), 21 data net(s).
RUN-1002 : start command "compile_watcher"
KIT-1004 : Ooc flow for module top_debug_hub is running...
RUN-1002 : start command "import_db -mode ooc cw/debug_hub/top_debug_hub_ooc.db"
USR-1600 : Load OOC design OOC Model: top_debug_hub .
RUN-1001 : Import OOC design success TD_VERSION=6.2.168116 , DB_VERSION=46207
KIT-1004 : Ooc flow for module auto_created_cwc1 is running...
RUN-1002 : start command "import_db -mode ooc cw/auto_created_cwc1/auto_created_cwc1_ooc.db"
USR-1600 : Load OOC design OOC Model: auto_created_cwc1 .
RUN-1001 : Import OOC design success TD_VERSION=6.2.168116 , DB_VERSION=46207
KIT-5610 WARNING: compile chipwatcher: reassign: use following clock net u4_trimac_block/rx_clk instead of phy1_rgmii_rx_clk_dup_1.
RUN-1003 : finish command "compile_watcher" in  2.264101s wall, 0.031250s user + 0.031250s system = 0.062500s CPU (2.8%)

RUN-1004 : used memory is 279 MB, reserved memory is 296 MB, peak memory is 279 MB
RUN-1002 : start command "pack -eco"
SYN-4002 : Packing 0 DFF/LATCH to SEQ ...
RUN-1002 : start command "legalize_phy_inst"
SYN-1001 : Stage 1 | Legalize Phy Inst
SYN-1011 : Flatten model UDP_Example_Top
SYN-1001 : End Stage 1 | Legalize Phy Inst; Time: 0.016348s wall, 0.015625s user + 0.000000s system = 0.015625s CPU (95.6%); Memory(MB): used = 279, reserved = 296, peak = 279;

RUN-1003 : finish command "insert_debugger ../../chip_debugger" in  3.145585s wall, 0.890625s user + 0.031250s system = 0.921875s CPU (29.3%)

RUN-1004 : used memory is 279 MB, reserved memory is 296 MB, peak memory is 279 MB
RUN-1002 : start command "place"
RUN-1001 : Open license file E:/anlu/license/Anlogic.lic
PHY-3001 : Placer runs in 20 thread(s) with high effort.
PHY-1001 : Stage 1 | Initialize Design
PHY-1001 : Stage 1.1 | Build Design
PHY-1001 : 5146 luts, 6389 seqs, 463 mslices, 249 lslices, 84 pads, 17 brams, 3 dsps
RUN-1002 : start command "legalize_phy_inst"
SYN-1011 : Flatten model UDP_Example_Top
PHY-1001 : Remove keep and sweep redundant instances ...
PHY-1001 : 5146 luts, 6357 seqs, 463 mslices, 249 lslices, 84 pads, 17 brams, 3 dsps
PHY-1001 : End Stage 1.1 | Build Design; Time: 0.032510s wall, 0.031250s user + 0.000000s system = 0.031250s CPU (96.1%); Memory(MB): used = 279, reserved = 296, peak = 279;

PHY-1001 : Stage 1.2 | Optimize Design
OPT-1001 : Stage 1.2.1 | Simplify Lut
OPT-1001 : End Stage 1.2.1 | Simplify Lut; Time: 0.009295s wall, 0.015625s user + 0.000000s system = 0.015625s CPU (168.1%); Memory(MB): used = 280, reserved = 296, peak = 280;

OPT-1001 : Stage 1.2.2 | Sweep
OPT-1001 : End Stage 1.2.2 | Sweep; Time: 0.002800s wall, 0.000000s user + 0.000000s system = 0.000000s CPU (n/a%); Memory(MB): used = 280, reserved = 296, peak = 280;

OPT-1001 : Stage 1.2.3 | Synthesize High-fanout Net
OPT-1001 : Current memory(MB): used = 280, reserved = 296, peak = 280.
OPT-1001 : End Stage 1.2.3 | Synthesize High-fanout Net; Time: 0.000034s wall, 0.000000s user + 0.000000s system = 0.000000s CPU (n/a%); Memory(MB): used = 280, reserved = 296, peak = 280;

OPT-1001 : End physical optimization;  0.012279s wall, 0.015625s user + 0.000000s system = 0.015625s CPU (127.2%)

PHY-1001 : End Stage 1.2 | Optimize Design; Time: 0.012331s wall, 0.015625s user + 0.000000s system = 0.015625s CPU (126.7%); Memory(MB): used = 280, reserved = 296, peak = 280;

PHY-1001 : Stage 1.3 | Initialize Clock
SYN-4016 : Net u4_trimac_block/rx_clk driven by BUFG (1073 clock/control pins, 0 other pins).
SYN-4016 : Net temac_clk driven by BUFG (1014 clock/control pins, 1 other pins).
SYN-4016 : Net u_sd_card_bmp/bmp_read_m0/clk driven by BUFG (585 clock/control pins, 2 other pins).
SYN-4016 : Net u_hdmi_tx/Inst_DVITransmitter/PCLK_I driven by BUFG (251 clock/control pins, 2 other pins).
SYN-4027 : Net udp_clk is clkc1 of pll u_clk_gen/u_pll_0/pll_inst.
SYN-4027 : Net u_sdram/u2_ram/SDRAM_CLK is clkc4 of pll u_clk_gen/u_pll_0/pll_inst.
SYN-4019 : Net clk_50_dup_1 is refclk of pll u_clk_gen/u_pll_0/pll_inst.
SYN-4020 : Net clk_50_dup_1 is fbclk of pll u_clk_gen/u_pll_0/pll_inst.
SYN-4019 : Net clk_50_dup_1 is refclk of pll u_sys_pll/pll_inst.
SYN-4020 : Net clk_50_dup_1 is fbclk of pll u_sys_pll/pll_inst.
SYN-4027 : Net u_hdmi_tx/Inst_DVITransmitter/PCLK_X5_I is clkc1 of pll u_video_pll/pll_inst.
SYN-4019 : Net clk_50_dup_1 is refclk of pll u_video_pll/pll_inst.
SYN-4020 : Net clk_50_dup_1 is fbclk of pll u_video_pll/pll_inst.
SYN-4024 : Net "cwc_jtck" drives clk pins.
SYN-4024 : Net "u_frame_rw/read_clk" drives clk pins.
SYN-4024 : Net "u_frame_rw/write_clk" drives clk pins.
SYN-4025 : Tag rtl::Net clk_50_dup_1 as clock net
SYN-4025 : Tag rtl::Net cwc_jtck as clock net
SYN-4025 : Tag rtl::Net temac_clk as clock net
SYN-4025 : Tag rtl::Net u4_trimac_block/rx_clk as clock net
SYN-4025 : Tag rtl::Net u_frame_rw/read_clk as clock net
SYN-4025 : Tag rtl::Net u_frame_rw/write_clk as clock net
SYN-4025 : Tag rtl::Net u_hdmi_tx/Inst_DVITransmitter/PCLK_I as clock net
SYN-4025 : Tag rtl::Net u_hdmi_tx/Inst_DVITransmitter/PCLK_X5_I as clock net
SYN-4025 : Tag rtl::Net u_sd_card_bmp/bmp_read_m0/clk as clock net
SYN-4025 : Tag rtl::Net u_sdram/u2_ram/SDRAM_CLK as clock net
SYN-4025 : Tag rtl::Net udp_clk as clock net
SYN-4026 : Tagged 11 rtl::Net as clock net
SYN-4015 : Create BUFG instance for clk Net cwc_jtck to drive 389 clock pins.
SYN-4015 : Create BUFG instance for clk Net u_frame_rw/read_clk to drive 49 clock pins.
SYN-4015 : Create BUFG instance for clk Net u_frame_rw/write_clk to drive 49 clock pins.
PHY-1001 : Populate physical database on model UDP_Example_Top.
RUN-1001 : There are total 12334 instances
RUN-0007 : 5144 luts, 6357 seqs, 463 mslices, 249 lslices, 84 pads, 17 brams, 3 dsps
RUN-1001 : There are total 13576 nets
RUN-1001 : 9826 nets have 2 pins
RUN-1001 : 2771 nets have [3 - 5] pins
RUN-1001 : 623 nets have [6 - 10] pins
RUN-1001 : 185 nets have [11 - 20] pins
RUN-1001 : 147 nets have [21 - 99] pins
RUN-1001 : 24 nets have 100+ pins
PHY-1001 : End Stage 1.3 | Initialize Clock; Time: 0.017535s wall, 0.031250s user + 0.000000s system = 0.031250s CPU (178.2%); Memory(MB): used = 293, reserved = 296, peak = 293;

PHY-1001 : End Stage 1 | Initialize Design; Time: 0.070851s wall, 0.078125s user + 0.000000s system = 0.078125s CPU (110.3%); Memory(MB): used = 293, reserved = 296, peak = 293;

PHY-1001 : Stage 2 | Global Placement
RUN-1001 : Report Control nets information:
RUN-1001 : DFF Distribution
RUN-1001 : -------------------------------------
RUN-1001 :   CE   |  SSR  |  ASR  |  DFF Count  
RUN-1001 : -------------------------------------
RUN-1001 :   No   |  No   |  No   |    1020     
RUN-1001 :   No   |  No   |  Yes  |    1366     
RUN-1001 :   No   |  Yes  |  No   |     117     
RUN-1001 :   Yes  |  No   |  No   |     187     
RUN-1001 :   Yes  |  No   |  Yes  |    3196     
RUN-1001 :   Yes  |  Yes  |  No   |     471     
RUN-1001 : -------------------------------------
RUN-1001 : Control Group Statistic
RUN-1001 : -----------------------------
RUN-1001 :   #CLK  |  #CE  |  #SSR/ASR  
RUN-1001 : -----------------------------
RUN-1001 :    9    |  195  |     25     
RUN-1001 : -----------------------------
RUN-0007 : Control Set = 228
PHY-1001 : Stage 2.1 | Place Fixed Instances
PHY-1001 : End Stage 2.1 | Place Fixed Instances; Time: 0.043114s wall, 0.046875s user + 0.000000s system = 0.046875s CPU (108.7%); Memory(MB): used = 305, reserved = 297, peak = 305;

PHY-1001 : Stage 2.2 | Pre-Place DRC Check
PHY-1001 : Stage 2.2.1 | Force Route Constraint Check
PHY-1001 : Check Pass.
PHY-1001 : End Stage 2.2.1 | Force Route Constraint Check; Time: 0.000626s wall, 0.000000s user + 0.000000s system = 0.000000s CPU (n/a%); Memory(MB): used = 305, reserved = 297, peak = 305;

PHY-1001 : End Stage 2.2 | Pre-Place DRC Check; Time: 0.000660s wall, 0.000000s user + 0.000000s system = 0.000000s CPU (n/a%); Memory(MB): used = 305, reserved = 297, peak = 305;

PHY-1001 : Stage 2.3 | Global Placement Step 1
PHY-3001 : Target density is 33%
PHY-1001 : Stage 2.3.1 | Update Timing
RUN-1002 : start command "start_timer"
PHY-1001 : SWNS: -7291, STNS: -419943, FEP: 212
PHY-1001 : End Stage 2.3.1 | Update Timing; Time: 0.660737s wall, 0.656250s user + 0.015625s system = 0.671875s CPU (101.7%); Memory(MB): used = 334, reserved = 327, peak = 334;

PHY-0007 : Cell area utilization is 33%
RUN-1001 : Huge Net Statistic
RUN-1001 : ---------------------------------------------
RUN-1001 :   Fanout  |  Slack  |          Net           
RUN-1001 : ---------------------------------------------
RUN-1001 :    3435   |  1185   |  u7_rx_fifo/wr_sreset  
RUN-1001 : ---------------------------------------------
PHY-3001 : Clustering ...
PHY-3001 : End clustering;  0.031307s wall, 0.031250s user + 0.000000s system = 0.031250s CPU (99.8%)

PHY-3001 : Target density is 33%
PHY-1001 : Stage 2.3.2 | GP Iteration
PHY-1001 : End Stage 2.3.2 | GP Iteration; Time: 0.832571s wall, 3.109375s user + 1.390625s system = 4.500000s CPU (540.5%); Memory(MB): used = 339, reserved = 331, peak = 339;

PHY-3001 : Multithread accelerating rate: 5.21
TMR-2502 : Net delay update with mode: Placed
PHY-3001 : No need to merge 9x9 Dsps.
PHY-1001 : Populate physical database on model UDP_Example_Top.
PHY-1001 : End Stage 2.3 | Global Placement Step 1; Time: 1.959610s wall, 4.203125s user + 1.406250s system = 5.609375s CPU (286.2%); Memory(MB): used = 341, reserved = 332, peak = 341;

PHY-1001 : Stage 2.4 | RAM/DSP Legalization and Detailed Placement
PHY-1001 : Stage 2.4.1 | Legalization
PHY-3001 : Before Legalized: Len = 264215
PHY-3001 : After Legalized: Len = 270334, Over = 6.6875
PHY-1001 : End Stage 2.4.1 | Legalization; Time: 0.379533s wall, 0.375000s user + 0.000000s system = 0.375000s CPU (98.8%); Memory(MB): used = 341, reserved = 332, peak = 341;

PHY-1001 : End Stage 2.4 | RAM/DSP Legalization and Detailed Placement; Time: 0.380153s wall, 0.375000s user + 0.000000s system = 0.375000s CPU (98.6%); Memory(MB): used = 341, reserved = 332, peak = 341;

PHY-1001 : Stage 2.5 | Global Placement Step 2
PHY-3001 : Target density is 40%
PHY-1001 : Stage 2.5.1 | Update Timing
PHY-1001 : SWNS: -9293, STNS: -353034, FEP: 111
PHY-1001 : End Stage 2.5.1 | Update Timing; Time: 0.033257s wall, 0.031250s user + 0.000000s system = 0.031250s CPU (94.0%); Memory(MB): used = 341, reserved = 332, peak = 341;

PHY-1001 : Stage 2.5.2 | Refresh Congestion
RUN-1001 : Generating global routing grids ...
RUN-1001 : Building simple global routing graph ...
PHY-1001 : Generate routing nets ...
PHY-1001 : Reuse net number 0/4860.
PHY-1001 : Global iterations in 20 thread ...
PHY-1002 : len = 304656, over cnt = 847(2%), over = 4063, worst = 43
PHY-1001 : End global iterations;  0.164522s wall, 0.296875s user + 0.015625s system = 0.312500s CPU (189.9%)

PHY-1001 : Congestion index:
PHY-1001 : top1  = 67.33(S 93.10, N 128.79, E 85.60, W 80.50, I 0.00, O 0.00)
PHY-1001 : top5  = 45.98(S 57.76, N 82.11, E 55.11, W 47.35, I 0.00, O 0.00)
PHY-1001 : top10 = 36.71(S 43.18, N 62.78, E 42.55, W 34.93, I 0.00, O 0.00)
PHY-1001 : top15 = 31.18(S 35.39, N 51.33, E 35.34, W 28.45, I 0.00, O 0.00)
PHY-1001 : End Stage 2.5.2 | Refresh Congestion; Time: 0.223141s wall, 0.343750s user + 0.015625s system = 0.359375s CPU (161.1%); Memory(MB): used = 379, reserved = 371, peak = 379;

PHY-1001 : Stage 2.5.3 | GP Iteration
PHY-1001 : End Stage 2.5.3 | GP Iteration; Time: 0.668809s wall, 3.156250s user + 0.046875s system = 3.203125s CPU (478.9%); Memory(MB): used = 379, reserved = 371, peak = 379;

PHY-3001 : Multithread accelerating rate: 4.77
PHY-1001 : End Stage 2.5 | Global Placement Step 2; Time: 1.398543s wall, 4.000000s user + 0.062500s system = 4.062500s CPU (290.5%); Memory(MB): used = 380, reserved = 372, peak = 380;

PHY-1001 : Stage 2.6 | RAM/DSP Detailed Placement
PHY-1001 : End Stage 2.6 | RAM/DSP Detailed Placement; Time: 0.003866s wall, 0.015625s user + 0.000000s system = 0.015625s CPU (404.2%); Memory(MB): used = 380, reserved = 372, peak = 380;

PHY-1001 : Stage 2.7 | Optimize Design
OPT-1001 : Start physical optimization ...
OPT-1001 : Total overflow 301.59 peak overflow 3.19
OPT-1001 : Stage 2.7.1 | Synthesize High-fanout Net
OPT-1001 : Start high-fanout net optimization in pre-pack flow with high effort ...
OPT-1001 : Update timing in Manhattan mode
OPT-1001 : End timing update;  0.364161s wall, 0.343750s user + 0.000000s system = 0.343750s CPU (94.4%)

OPT-1001 : Start: SWNS -9343 STNS -350824 NUM_FEPS 113
OPT-1001 : Total overflow 301.59 peak overflow 3.19
PHY-1001 : Populate physical database on model UDP_Example_Top.
OPT-1001 : 18 high-fanout net processed.
PHY-3001 : Start incremental placement ...
PHY-1001 : Populate physical database on model UDP_Example_Top.
PHY-3001 : Target density is 40%
PHY-3001 : Target density is 40%
PHY-1001 : Stage 2.7.1.1 | Update Timing
PHY-1001 : SWNS: -6713, STNS: -302602, FEP: 115
PHY-1001 : End Stage 2.7.1.1 | Update Timing; Time: 0.040928s wall, 0.031250s user + 0.000000s system = 0.031250s CPU (76.4%); Memory(MB): used = 383, reserved = 374, peak = 383;

PHY-1001 : Stage 2.7.1.2 | Refresh Congestion
RUN-1001 : Generating global routing grids ...
PHY-1001 : Generate routing nets ...
PHY-1001 : Reuse net number 118/10470.
PHY-1001 : Global iterations in 20 thread ...
PHY-1002 : len = 362880, over cnt = 1475(4%), over = 5414, worst = 21
PHY-1001 : End global iterations;  0.237449s wall, 0.375000s user + 0.046875s system = 0.421875s CPU (177.7%)

PHY-1001 : Congestion index:
PHY-1001 : top1  = 60.74(S 96.81, N 112.18, E 72.89, W 73.66, I 0.00, O 0.00)
PHY-1001 : top5  = 44.31(S 63.41, N 74.49, E 52.64, W 52.37, I 0.00, O 0.00)
PHY-1001 : top10 = 37.94(S 48.98, N 60.15, E 43.93, W 42.86, I 0.00, O 0.00)
PHY-1001 : top15 = 34.25(S 41.21, N 52.03, E 39.12, W 37.42, I 0.00, O 0.00)
PHY-1001 : End Stage 2.7.1.2 | Refresh Congestion; Time: 0.288625s wall, 0.421875s user + 0.046875s system = 0.468750s CPU (162.4%); Memory(MB): used = 389, reserved = 380, peak = 389;

PHY-1001 : Stage 2.7.1.3 | GP Iteration
PHY-1001 : End Stage 2.7.1.3 | GP Iteration; Time: 0.430153s wall, 1.625000s user + 0.031250s system = 1.656250s CPU (385.0%); Memory(MB): used = 389, reserved = 381, peak = 389;

PHY-3001 : Multithread accelerating rate: 3.83
PHY-3001 : Low accelerating rate: 3.83. This may happen when it is heavy-loaded.
PHY-3001 : Final: Len = 280202, Over = 90.4688
PHY-3001 : End incremental placement;  0.860230s wall, 2.187500s user + 0.093750s system = 2.281250s CPU (265.2%)

OPT-1001 : Total overflow 347.66 peak overflow 3.78
RUN-1001 : HFN opt statistic
RUN-1001 : ------------------------------------------------------
RUN-1001 :   DriverCell type  |  HFN count  |  Duplicated count  
RUN-1001 : ------------------------------------------------------
RUN-1001 :         REG        |     13      |         80         
RUN-1001 :        LUT6        |      0      |         0          
RUN-1001 :        LUT5        |      0      |         0          
RUN-1001 :        LUT4        |      1      |         3          
RUN-1001 :        LUT3        |      2      |        112         
RUN-1001 :        LUT2        |      2      |         4          
RUN-1001 :        TOTAL       |     18      |        199         
RUN-1001 : ------------------------------------------------------
OPT-1001 : End high-fanout net optimization;  1.806251s wall, 3.218750s user + 0.109375s system = 3.328125s CPU (184.3%)

OPT-1001 : Update timing in Manhattan mode
OPT-1001 : End timing update;  0.396070s wall, 0.390625s user + 0.000000s system = 0.390625s CPU (98.6%)

OPT-1001 : Current memory(MB): used = 390, reserved = 381, peak = 390.
OPT-1001 : End Stage 2.7.1 | Synthesize High-fanout Net; Time: 2.242263s wall, 3.640625s user + 0.109375s system = 3.750000s CPU (167.2%); Memory(MB): used = 390, reserved = 381, peak = 390;

OPT-1001 : Stage 2.7.2 | Optimize Bottleneck
OPT-1001 : Start bottleneck based optimization ...
OPT-0007 : Start: SWNS -6713 STNS -301682 NUM_FEPS 109
OPT-1001 : Start congestion update ...
RUN-1001 : Generating global routing grids ...
PHY-1001 : Generate routing nets ...
PHY-1001 : Reuse net number 2317/10116.
PHY-1001 : Global iterations in 20 thread ...
PHY-1002 : len = 332024, over cnt = 1328(3%), over = 3458, worst = 14
PHY-1002 : len = 359600, over cnt = 898(2%), over = 1617, worst = 12
PHY-1002 : len = 375504, over cnt = 357(1%), over = 553, worst = 9
PHY-1002 : len = 384136, over cnt = 96(0%), over = 132, worst = 8
PHY-1002 : len = 387776, over cnt = 0(0%), over = 0, worst = 0
PHY-1001 : End global iterations;  0.540364s wall, 0.625000s user + 0.015625s system = 0.640625s CPU (118.6%)

PHY-1001 : Congestion index:
PHY-1001 : top1  = 48.81(S 57.16, N 65.78, E 53.94, W 56.55, I 0.00, O 0.00)
PHY-1001 : top5  = 39.49(S 43.86, N 55.16, E 44.20, W 45.68, I 0.00, O 0.00)
PHY-1001 : top10 = 34.77(S 37.10, N 47.90, E 38.40, W 39.42, I 0.00, O 0.00)
PHY-1001 : top15 = 31.93(S 33.45, N 43.07, E 34.77, W 35.43, I 0.00, O 0.00)
OPT-1001 : End congestion update;  0.620744s wall, 0.718750s user + 0.015625s system = 0.734375s CPU (118.3%)

OPT-0007 : Iter 1: improved SWNS -6713 STNS -298238 NUM_FEPS 111 with 38(108) cells processed with 1000 slack improved, crit_thod: 846 ratio: 1.00(38/38) rt: 0.2s
OPT-0007 : Iter 2: improved SWNS -6713 STNS -298038 NUM_FEPS 111 with 5(112) cells processed with 650 slack improved, crit_thod: 812 ratio: 1.00(5/5) rt: 0.2s
OPT-0007 : Iter 3: improved SWNS -6713 STNS -298038 NUM_FEPS 111 with 2(110) cells processed with 50 slack improved, crit_thod: 846 ratio: 1.00(2/2) rt: 0.2s
OPT-0007 : Iter 4: improved SWNS -6713 STNS -298038 NUM_FEPS 111 with 0(109) cells processed with 0 slack improved, crit_thod: 846 ratio: -1.00(0/0) rt: 0.2s
OPT-1001 : End bottleneck based optimization;  1.362438s wall, 1.468750s user + 0.015625s system = 1.484375s CPU (108.9%)

OPT-1001 : Current memory(MB): used = 390, reserved = 381, peak = 390.
OPT-1001 : End Stage 2.7.2 | Optimize Bottleneck; Time: 1.402445s wall, 1.500000s user + 0.015625s system = 1.515625s CPU (108.1%); Memory(MB): used = 390, reserved = 381, peak = 390;

OPT-1001 : Stage 2.7.3 | Optimize Path
OPT-1001 : Start path based optimization ...
OPT-0007 : Start: SWNS -6713 STNS -298038 NUM_FEPS 111 with mode 0
OPT-1001 : Start congestion update ...
RUN-1001 : Generating global routing grids ...
PHY-1001 : Generate routing nets ...
PHY-1001 : Reuse net number 10089/10136.
PHY-1001 : Global iterations in 20 thread ...
PHY-1002 : len = 387848, over cnt = 21(0%), over = 30, worst = 4
PHY-1002 : len = 388032, over cnt = 8(0%), over = 9, worst = 2
PHY-1002 : len = 388120, over cnt = 4(0%), over = 4, worst = 1
PHY-1002 : len = 388120, over cnt = 4(0%), over = 4, worst = 1
PHY-1002 : len = 388208, over cnt = 0(0%), over = 0, worst = 0
PHY-1001 : End global iterations;  0.072624s wall, 0.062500s user + 0.000000s system = 0.062500s CPU (86.1%)

PHY-1001 : Congestion index:
PHY-1001 : top1  = 48.79(S 57.16, N 65.69, E 53.94, W 56.55, I 0.00, O 0.00)
PHY-1001 : top5  = 39.47(S 43.84, N 55.16, E 44.25, W 45.71, I 0.00, O 0.00)
PHY-1001 : top10 = 34.76(S 37.08, N 47.93, E 38.45, W 39.43, I 0.00, O 0.00)
PHY-1001 : top15 = 31.94(S 33.44, N 43.11, E 34.79, W 35.41, I 0.00, O 0.00)
OPT-1001 : End congestion update;  0.156883s wall, 0.156250s user + 0.000000s system = 0.156250s CPU (99.6%)

OPT-0007 : Iter 1: improved SWNS -6713 STNS -298038 NUM_FEPS 111 with 0(0) cells and 999(2321) paths processed with 0 slack improved, crit_thod: 846 ratio: -1.00(0/0) rt: 0.1s
OPT-1001 : End path based optimization;  0.302314s wall, 0.312500s user + 0.000000s system = 0.312500s CPU (103.4%)

OPT-1001 : Current memory(MB): used = 390, reserved = 381, peak = 390.
OPT-1001 : End Stage 2.7.3 | Optimize Path; Time: 0.344470s wall, 0.343750s user + 0.000000s system = 0.343750s CPU (99.8%); Memory(MB): used = 390, reserved = 381, peak = 390;

OPT-0007 : End flow prepack: SWNS -6713 STNS -298038 NUM_FEPS 111
OPT-1001 : End physical optimization;  4.002167s wall, 5.500000s user + 0.125000s system = 5.625000s CPU (140.5%)

PHY-1001 : End Stage 2.7 | Optimize Design; Time: 4.002257s wall, 5.500000s user + 0.125000s system = 5.625000s CPU (140.5%); Memory(MB): used = 390, reserved = 381, peak = 390;

PHY-1001 : Stage 2.8 | Place Packing
PHY-1001 : Stage 2.8.1 | Packing
SYN-4007 : Packing 0 MUX to BLE ...
SYN-4008 : Packed 0 MUX and 0 SEQ to BLE.
SYN-4007 : Packing 5263 LUT to BLE ...
SYN-4008 : Packed 5263 LUT and 3454 SEQ to BLE.
SYN-4003 : Packing 2983 remaining SEQ's ...
SYN-4005 : Packed 1292 SEQ with LUT/SLICE
SYN-4006 : 617 single LUT's are left
SYN-4006 : 1691 single SEQ's are left
SYN-4011 : Packing model "UDP_Example_Top" (AL_USER_NORMAL) with 6954/7789 primitive instances ...
PHY-1001 : Populate physical database on model UDP_Example_Top.
RUN-1001 : There are total 4745 instances
RUN-1001 : 2312 mslices, 2312 lslices, 84 pads, 17 brams, 3 dsps
RUN-1001 : There are total 10502 nets
RUN-1001 : 6528 nets have 2 pins
RUN-1001 : 2778 nets have [3 - 5] pins
RUN-1001 : 716 nets have [6 - 10] pins
RUN-1001 : 244 nets have [11 - 20] pins
RUN-1001 : 224 nets have [21 - 99] pins
RUN-1001 : 12 nets have 100+ pins
PHY-3001 : Target density is 56%
RUN-1002 : start command "start_timer"
USR-1002 : Derived clock:  create_generated_clock -name {u_clk_gen/u_pll_0/pll_inst.clkc[0]} -source [get_ports {clk_50}] -master_clock {clk_in} -multiply_by 2.5000 -duty_cycle 50.0000 [get_pins {u_clk_gen/u_pll_0/pll_inst.clkc[0]}]
USR-1002 : Derived clock:  create_generated_clock -name {u_clk_gen/u_pll_0/pll_inst.clkc[1]} -source [get_ports {clk_50}] -master_clock {clk_in} -multiply_by 2.5000 -duty_cycle 50.0000 [get_pins {u_clk_gen/u_pll_0/pll_inst.clkc[1]}]
USR-1002 : Derived clock:  create_generated_clock -name {u_clk_gen/u_pll_0/pll_inst.clkc[4]} -source [get_ports {clk_50}] -master_clock {clk_in} -multiply_by 2.5000 -phase 90 -duty_cycle 50.0000 [get_pins {u_clk_gen/u_pll_0/pll_inst.clkc[4]}]
USR-1002 : Derived clock:  create_generated_clock -name {u_sys_pll/pll_inst.clkc[0]} -source [get_ports {clk_50}] -master_clock {clk_in} -multiply_by 2.0000 -duty_cycle 50.0000 [get_pins {u_sys_pll/pll_inst.clkc[0]}]
USR-1002 : Derived clock:  create_generated_clock -name {u_video_pll/pll_inst.clkc[0]} -source [get_ports {clk_50}] -master_clock {clk_in} -divide_by 2.0000 -duty_cycle 50.0000 [get_pins {u_video_pll/pll_inst.clkc[0]}]
USR-1002 : Derived clock:  create_generated_clock -name {u_video_pll/pll_inst.clkc[1]} -source [get_ports {clk_50}] -master_clock {clk_in} -multiply_by 2.5000 -duty_cycle 50.0000 [get_pins {u_video_pll/pll_inst.clkc[1]}]
USR-6001 WARNING: No ports matched 'get_ports clk'
USR-6001 WARNING: No pins matched 'get_pins sys_pll_m0/pll_inst.clkc[1]'
USR-8124 CRITICAL-WARNING: Rename_clock: please specify object list.
USR-8159 CRITICAL-WARNING: Command rename_clock -name {ext_mem_clk} -source [get_ports {clk}] -master_clock {clk} [get_pins {sys_pll_m0/pll_inst.clkc[1]}] in C:/Users/Lenovo/Desktop/key34/key34/source_code/constraints/UDP.sdc(14) fails.
PHY-1001 : End Stage 2.8.1 | Packing; Time: 1.897964s wall, 1.890625s user + 0.000000s system = 1.890625s CPU (99.6%); Memory(MB): used = 400, reserved = 390, peak = 400;

PHY-1001 : Stage 2.8.2 | Post Pack GP
PHY-3001 : Target density is 54%
PHY-3001 : Cell area utilization is 54%
PHY-3001 : After packing: Len = 287667, Over = 164.25
PHY-3001 : Target density is 54%
PHY-1001 : Stage 2.8.2.1 | Update Timing
PHY-1001 : SWNS: -7643, STNS: -294062, FEP: 104
PHY-1001 : End Stage 2.8.2.1 | Update Timing; Time: 0.035147s wall, 0.031250s user + 0.000000s system = 0.031250s CPU (88.9%); Memory(MB): used = 401, reserved = 391, peak = 401;

PHY-1001 : Stage 2.8.2.2 | Refresh Congestion
RUN-1001 : Generating global routing grids ...
PHY-1001 : Generate routing nets ...
PHY-1001 : Reuse net number 3893/8322.
PHY-1001 : Global iterations in 20 thread ...
PHY-1002 : len = 364408, over cnt = 827(2%), over = 1461, worst = 8
PHY-1002 : len = 375480, over cnt = 487(1%), over = 657, worst = 7
PHY-1002 : len = 382968, over cnt = 127(0%), over = 151, worst = 4
PHY-1002 : len = 385368, over cnt = 47(0%), over = 53, worst = 3
PHY-1002 : len = 386368, over cnt = 0(0%), over = 0, worst = 0
PHY-1001 : End global iterations;  0.372711s wall, 0.406250s user + 0.000000s system = 0.406250s CPU (109.0%)

PHY-1001 : Congestion index:
PHY-1001 : top1  = 47.79(S 55.17, N 66.57, E 54.59, W 55.60, I 0.00, O 0.00)
PHY-1001 : top5  = 38.27(S 42.49, N 54.38, E 44.16, W 44.21, I 0.00, O 0.00)
PHY-1001 : top10 = 33.79(S 36.15, N 47.00, E 38.02, W 38.10, I 0.00, O 0.00)
PHY-1001 : top15 = 30.89(S 32.27, N 42.00, E 34.28, W 33.97, I 0.00, O 0.00)
PHY-1001 : End Stage 2.8.2.2 | Refresh Congestion; Time: 0.485445s wall, 0.453125s user + 0.015625s system = 0.468750s CPU (96.6%); Memory(MB): used = 402, reserved = 393, peak = 402;

PHY-1001 : Stage 2.8.2.3 | GP Iteration
PHY-1001 : End Stage 2.8.2.3 | GP Iteration; Time: 0.548503s wall, 2.218750s user + 0.078125s system = 2.296875s CPU (418.8%); Memory(MB): used = 402, reserved = 393, peak = 402;

PHY-3001 : Multithread accelerating rate: 4.21
PHY-1001 : End Stage 2.8.2 | Post Pack GP; Time: 1.075763s wall, 2.718750s user + 0.093750s system = 2.812500s CPU (261.4%); Memory(MB): used = 402, reserved = 393, peak = 402;

PHY-1001 : End Stage 2.8 | Place Packing; Time: 2.973851s wall, 4.609375s user + 0.093750s system = 4.703125s CPU (158.1%); Memory(MB): used = 402, reserved = 393, peak = 402;

PHY-1001 : Stage 2.9 | Legalization
PHY-3001 : Before Legalized: Len = 375303
PHY-3001 : After Legalized: Len = 414135, Over = 0
PHY-1001 : End Stage 2.9 | Legalization; Time: 0.009841s wall, 0.000000s user + 0.015625s system = 0.015625s CPU (158.8%); Memory(MB): used = 402, reserved = 393, peak = 402;

PHY-1001 : Stage 2.10 | Global Placement Step 3
PHY-3001 : Target density is 53%
PHY-1001 : Stage 2.10.1 | Update Timing
PHY-1001 : SWNS: -7143, STNS: -299071, FEP: 103
PHY-1001 : End Stage 2.10.1 | Update Timing; Time: 0.366542s wall, 0.343750s user + 0.000000s system = 0.343750s CPU (93.8%); Memory(MB): used = 403, reserved = 394, peak = 403;

PHY-1001 : Stage 2.10.2 | Refresh Congestion
RUN-1001 : Generating global routing grids ...
PHY-1001 : Generate routing nets ...
PHY-1001 : Reuse net number 197/9492.
PHY-1001 : Global iterations in 20 thread ...
PHY-1002 : len = 476496, over cnt = 1153(3%), over = 1965, worst = 7
PHY-1002 : len = 486984, over cnt = 766(2%), over = 1152, worst = 7
PHY-1002 : len = 495304, over cnt = 339(0%), over = 475, worst = 6
PHY-1002 : len = 498264, over cnt = 174(0%), over = 257, worst = 6
PHY-1002 : len = 501816, over cnt = 0(0%), over = 0, worst = 0
PHY-1001 : End global iterations;  0.597412s wall, 0.734375s user + 0.000000s system = 0.734375s CPU (122.9%)

PHY-1001 : Congestion index:
PHY-1001 : top1  = 42.98(S 56.98, N 66.47, E 50.34, W 50.95, I 0.00, O 0.00)
PHY-1001 : top5  = 37.95(S 48.24, N 56.76, E 42.54, W 41.86, I 0.00, O 0.00)
PHY-1001 : top10 = 34.84(S 42.10, N 50.49, E 38.11, W 37.08, I 0.00, O 0.00)
PHY-1001 : top15 = 32.65(S 38.08, N 46.22, E 35.10, W 34.12, I 0.00, O 0.00)
PHY-1001 : End Stage 2.10.2 | Refresh Congestion; Time: 0.712610s wall, 0.828125s user + 0.000000s system = 0.828125s CPU (116.2%); Memory(MB): used = 410, reserved = 400, peak = 410;

PHY-1001 : Stage 2.10.3 | GP Iteration
PHY-1001 : End Stage 2.10.3 | GP Iteration; Time: 0.348630s wall, 1.187500s user + 0.046875s system = 1.234375s CPU (354.1%); Memory(MB): used = 410, reserved = 400, peak = 410;

PHY-3001 : Multithread accelerating rate: 3.53
PHY-3001 : Low accelerating rate: 3.53. This may happen when it is heavy-loaded.
PHY-1001 : End Stage 2.10 | Global Placement Step 3; Time: 1.443582s wall, 2.359375s user + 0.046875s system = 2.406250s CPU (166.7%); Memory(MB): used = 410, reserved = 400, peak = 410;

PHY-1001 : Stage 2.11 | Final Legalization
PHY-3001 : Before Legalized: Len = 362631
PHY-3001 : After Legalized: Len = 379752, Over = 0
PHY-1001 : End Stage 2.11 | Final Legalization; Time: 0.009844s wall, 0.015625s user + 0.000000s system = 0.015625s CPU (158.7%); Memory(MB): used = 410, reserved = 400, peak = 410;

PHY-1001 : End Stage 2 | Global Placement; Time: 12.246288s wall, 21.156250s user + 1.750000s system = 22.906250s CPU (187.0%); Memory(MB): used = 410, reserved = 400, peak = 410;

PHY-1001 : Stage 3 | Detailed Placement
PHY-1001 : Stage 3.1 | SLICE Detailed Placement
PHY-1001 : Stage 3.1.1 | Spreading
PHY-3001 : Spreading special nets. 173 overflows in 2952 tiles.
PHY-3001 : End spreading;  0.020554s wall, 0.015625s user + 0.000000s system = 0.015625s CPU (76.0%)

PHY-1001 : End Stage 3.1.1 | Spreading; Time: 0.020603s wall, 0.015625s user + 0.000000s system = 0.015625s CPU (75.8%); Memory(MB): used = 411, reserved = 401, peak = 411;

PHY-3001 : Final: Len = 383090, Over = 0
PHY-1001 : End Stage 3.1 | SLICE Detailed Placement; Time: 0.408467s wall, 0.406250s user + 0.000000s system = 0.406250s CPU (99.5%); Memory(MB): used = 411, reserved = 401, peak = 411;

PHY-3001 : BANK 5 DIFFRESISTOR:NONE VOD:350M VCM:1.2
PHY-3001 : End Detailed Place; 
PHY-1001 : Stage 3.2 | Optimize Design
OPT-1001 : Start physical optimization ...
OPT-1001 : Total overflow 0.00 peak overflow 0.00
OPT-1001 : Stage 3.2.1 | Physical Optimization
OPT-1001 : Start high-fanout net optimization in optimize equivalent flow with high effort ...
OPT-1001 : Clean unloaded insts before merging registers
PHY-1001 : Populate physical database on model UDP_Example_Top.
PHY-1001 : Populate physical database on model UDP_Example_Top.
OPT-1001 : Total overflow 0.00 peak overflow 0.00
OPT-1001 : End optimize duplicated nets. Total 90 instances are merged and 1518 sinks are reconnected,  0.083205s wall, 0.078125s user + 0.000000s system = 0.078125s CPU (93.9%)

OPT-1001 : End high-fanout net optimization;  0.083484s wall, 0.093750s user + 0.000000s system = 0.093750s CPU (112.3%)

OPT-1001 : Update timing in Manhattan mode
RUN-1002 : start command "start_timer"
OPT-1001 : End timing update;  0.759205s wall, 0.734375s user + 0.000000s system = 0.734375s CPU (96.7%)

OPT-1001 : Current memory(MB): used = 411, reserved = 401, peak = 411.
OPT-1001 : End Stage 3.2.1 | Physical Optimization; Time: 0.885532s wall, 0.875000s user + 0.000000s system = 0.875000s CPU (98.8%); Memory(MB): used = 411, reserved = 401, peak = 411;

OPT-1001 : Stage 3.2.2 | Synthesize High-fanout Net
OPT-1001 : Start high-fanout net optimization in post-pack flow with high effort ...
OPT-1001 : Start: SWNS -6743 STNS -297206 NUM_FEPS 101
OPT-1001 : Total overflow 0.00 peak overflow 0.00
PHY-1001 : Populate physical database on model UDP_Example_Top.
OPT-1001 : 9 high-fanout net processed.
OPT-1001 : Total overflow 0.00 peak overflow 0.00
RUN-1001 : HFN opt statistic
RUN-1001 : ------------------------------------------------------
RUN-1001 :   DriverCell type  |  HFN count  |  Duplicated count  
RUN-1001 : ------------------------------------------------------
RUN-1001 :       LSLICE       |      0      |         0          
RUN-1001 :       MSLICE       |      0      |         0          
RUN-1001 :        OTHER       |      9      |         40         
RUN-1001 :        TOTAL       |      9      |         40         
RUN-1001 : ------------------------------------------------------
OPT-1001 : End high-fanout net optimization;  0.289333s wall, 0.281250s user + 0.000000s system = 0.281250s CPU (97.2%)

OPT-1001 : Current memory(MB): used = 411, reserved = 401, peak = 411.
OPT-1001 : End Stage 3.2.2 | Synthesize High-fanout Net; Time: 0.335297s wall, 0.328125s user + 0.000000s system = 0.328125s CPU (97.9%); Memory(MB): used = 411, reserved = 401, peak = 411;

OPT-1001 : Stage 3.2.3 | Optimize Bottleneck
OPT-1001 : Start bottleneck based optimization ...
OPT-0007 : Start: SWNS -6743 STNS -297996 NUM_FEPS 104
OPT-1001 : Start congestion update ...
RUN-1001 : Generating global routing grids ...
PHY-1001 : Generate routing nets ...
PHY-1001 : Reuse net number 2111/9316.
PHY-1001 : Global iterations in 20 thread ...
PHY-1002 : len = 453976, over cnt = 1015(2%), over = 1719, worst = 7
PHY-1002 : len = 463216, over cnt = 605(1%), over = 922, worst = 6
PHY-1002 : len = 470632, over cnt = 219(0%), over = 302, worst = 5
PHY-1002 : len = 474904, over cnt = 23(0%), over = 30, worst = 4
PHY-1002 : len = 475280, over cnt = 0(0%), over = 0, worst = 0
PHY-1001 : End global iterations;  0.488572s wall, 0.656250s user + 0.000000s system = 0.656250s CPU (134.3%)

PHY-1001 : Congestion index:
PHY-1001 : top1  = 42.86(S 58.79, N 65.17, E 50.26, W 52.09, I 0.00, O 0.00)
PHY-1001 : top5  = 36.86(S 45.80, N 54.75, E 41.87, W 42.87, I 0.00, O 0.00)
PHY-1001 : top10 = 33.57(S 39.58, N 49.02, E 37.15, W 37.46, I 0.00, O 0.00)
PHY-1001 : top15 = 31.39(S 35.83, N 45.02, E 34.16, W 34.05, I 0.00, O 0.00)
OPT-1001 : End congestion update;  0.611847s wall, 0.781250s user + 0.000000s system = 0.781250s CPU (127.7%)

PHY-3001 : Start incremental legalization ...
PHY-1001 : Populate physical database on model UDP_Example_Top.
PHY-7002 CRITICAL-WARNING: Instance u_sdram/sdram location (12, 12) is not honored. Cell's initial location is not legal at the beginning of ECO placement, and will be moved during placement. Please verify user location constraints through the adc file.
PHY-3001 : Target density is 47%
PHY-3001 : Target density is 54%
PHY-3001 : Initial: Len = 385284, Over = 0
PHY-3001 : End spreading;  0.016247s wall, 0.015625s user + 0.000000s system = 0.015625s CPU (96.2%)

PHY-3001 : Final: Len = 385284, Over = 0
PHY-3001 : End incremental legalization;  0.103838s wall, 0.093750s user + 0.000000s system = 0.093750s CPU (90.3%)

OPT-0007 : Iter 1: improved SWNS -6743 STNS -297996 NUM_FEPS 104 with 34(64) cells processed with 5316 slack improved, crit_thod: 623 ratio: 1.00(34/34) rt: 0.3s
OPT-0007 : Iter 2: improved SWNS -6743 STNS -297996 NUM_FEPS 104 with 0(0) cells processed with 0 slack improved, crit_thod: 706 ratio: -1.00(0/0) rt: 0.0s
OPT-0007 : Iter 3: improved SWNS -6743 STNS -297996 NUM_FEPS 104 with 0(0) cells processed with 0 slack improved, crit_thod: 706 ratio: -1.00(0/0) rt: 0.0s
OPT-1001 : End bottleneck based optimization;  0.974602s wall, 1.156250s user + 0.000000s system = 1.156250s CPU (118.6%)

OPT-1001 : Update timing in Manhattan mode
OPT-1001 : End timing update;  0.392758s wall, 0.390625s user + 0.000000s system = 0.390625s CPU (99.5%)

OPT-1001 : Current memory(MB): used = 415, reserved = 405, peak = 415.
OPT-1001 : End Stage 3.2.3 | Optimize Bottleneck; Time: 1.410667s wall, 1.593750s user + 0.000000s system = 1.593750s CPU (113.0%); Memory(MB): used = 415, reserved = 405, peak = 415;

OPT-1001 : Stage 3.2.4 | Optimize Path
OPT-1001 : Start path based optimization ...
OPT-0007 : Start: SWNS -6713 STNS -291172 NUM_FEPS 100 with mode 0
OPT-1001 : Start congestion update ...
RUN-1001 : Generating global routing grids ...
PHY-1001 : Generate routing nets ...
PHY-1001 : Reuse net number 9218/9310.
PHY-1001 : Global iterations in 20 thread ...
PHY-1002 : len = 475640, over cnt = 17(0%), over = 27, worst = 3
PHY-1002 : len = 475928, over cnt = 4(0%), over = 4, worst = 1
PHY-1002 : len = 475984, over cnt = 1(0%), over = 1, worst = 1
PHY-1002 : len = 476000, over cnt = 0(0%), over = 0, worst = 0
PHY-1001 : End global iterations;  0.072884s wall, 0.078125s user + 0.000000s system = 0.078125s CPU (107.2%)

PHY-1001 : Congestion index:
PHY-1001 : top1  = 42.99(S 58.53, N 65.09, E 50.15, W 52.09, I 0.00, O 0.00)
PHY-1001 : top5  = 36.94(S 45.68, N 54.86, E 41.66, W 42.85, I 0.00, O 0.00)
PHY-1001 : top10 = 33.61(S 39.43, N 49.14, E 37.06, W 37.56, I 0.00, O 0.00)
PHY-1001 : top15 = 31.43(S 35.73, N 45.11, E 34.14, W 34.11, I 0.00, O 0.00)
OPT-1001 : End congestion update;  0.175195s wall, 0.171875s user + 0.000000s system = 0.171875s CPU (98.1%)

OPT-0007 : Iter 1: improved SWNS -6713 STNS -291172 NUM_FEPS 100 with 0(0) cells and 999(1734) paths processed with 0 slack improved, crit_thod: 706 ratio: -1.00(0/0) rt: 0.1s
OPT-1001 : End path based optimization;  0.305022s wall, 0.296875s user + 0.000000s system = 0.296875s CPU (97.3%)

OPT-1001 : Current memory(MB): used = 415, reserved = 405, peak = 415.
OPT-1001 : End Stage 3.2.4 | Optimize Path; Time: 0.348508s wall, 0.343750s user + 0.000000s system = 0.343750s CPU (98.6%); Memory(MB): used = 415, reserved = 405, peak = 415;

OPT-1001 : Stage 3.2.5 | Aggressive Optimization
OPT-1001 : End Stage 3.2.5 | Aggressive Optimization; Time: 0.044434s wall, 0.046875s user + 0.000000s system = 0.046875s CPU (105.5%); Memory(MB): used = 415, reserved = 405, peak = 415;

OPT-1001 : Stage 3.2.6 | Optimize Duplicated Nets
OPT-1001 : Start: WNS -6713 TNS -291172 NUM_FEPS 100
OPT-1001 : Clean unloaded insts before merging registers
PHY-1001 : Populate physical database on model UDP_Example_Top.
PHY-1001 : Populate physical database on model UDP_Example_Top.
OPT-1001 : Total overflow 0.00 peak overflow 0.00
OPT-1001 : End optimize duplicated nets. Total 8 instances are merged and 476 sinks are reconnected,  0.175672s wall, 0.171875s user + 0.000000s system = 0.171875s CPU (97.8%)

OPT-1001 : Update timing in Manhattan mode
RUN-1002 : start command "start_timer"
OPT-1001 : End timing update;  0.759152s wall, 0.765625s user + 0.000000s system = 0.765625s CPU (100.9%)

OPT-1001 : Current memory(MB): used = 415, reserved = 405, peak = 415.
OPT-1001 : End Stage 3.2.6 | Optimize Duplicated Nets; Time: 0.977218s wall, 0.968750s user + 0.000000s system = 0.968750s CPU (99.1%); Memory(MB): used = 415, reserved = 405, peak = 415;

OPT-1001 : Stage 3.2.7 | Swap Pins
OPT-1001 : Start pin optimization...
OPT-1001 : skip pin optimization...
OPT-1001 : Current memory(MB): used = 415, reserved = 405, peak = 415.
OPT-1001 : End Stage 3.2.7 | Swap Pins; Time: 0.043140s wall, 0.046875s user + 0.000000s system = 0.046875s CPU (108.7%); Memory(MB): used = 415, reserved = 405, peak = 415;

OPT-0007 : End flow postpack: SWNS -6713 STNS -291172 NUM_FEPS 100
RUN-1001 : Generating global routing grids ...
PHY-1001 : Generate routing nets ...
PHY-1001 : Reuse net number 9290/9304.
PHY-1001 : Global iterations in 20 thread ...
PHY-1002 : len = 474416, over cnt = 26(0%), over = 27, worst = 2
PHY-1002 : len = 474688, over cnt = 12(0%), over = 12, worst = 1
PHY-1002 : len = 474752, over cnt = 3(0%), over = 3, worst = 1
PHY-1002 : len = 474776, over cnt = 0(0%), over = 0, worst = 0
PHY-1001 : End global iterations;  0.073863s wall, 0.078125s user + 0.000000s system = 0.078125s CPU (105.8%)

PHY-1001 : Congestion index:
PHY-1001 : top1  = 42.88(S 58.28, N 64.91, E 49.81, W 52.20, I 0.00, O 0.00)
PHY-1001 : top5  = 36.89(S 45.65, N 54.65, E 41.62, W 42.84, I 0.00, O 0.00)
PHY-1001 : top10 = 33.55(S 39.38, N 48.93, E 36.99, W 37.51, I 0.00, O 0.00)
PHY-1001 : top15 = 31.37(S 35.70, N 44.92, E 34.08, W 34.12, I 0.00, O 0.00)
RUN-1001 : QoR Analysis:
OPT-0007 :   SWNS -6713 STNS -291172 NUM_FEPS 100
RUN-1001 :   No local congestion issue, and most congested 1% tile average routing util is 42.586207
RUN-1001 :   Top critical paths
RUN-1001 :       #1 path slack -6713ps with logic level 2 and starts from PAD
RUN-1001 :       #2 path slack -6713ps with logic level 2 and starts from PAD
RUN-1001 :       #3 path slack -6713ps with logic level 2 and starts from PAD
RUN-1001 :       #4 path slack -6713ps with logic level 2 and starts from PAD
RUN-1001 :       #5 path slack -6713ps with logic level 2 and starts from PAD
RUN-1001 :       #6 path slack -6713ps with logic level 2 and starts from PAD
RUN-1001 :       #7 path slack -6713ps with logic level 2 and starts from PAD
RUN-1001 :       #8 path slack -6713ps with logic level 2 and starts from PAD
RUN-1001 :       #9 path slack -6713ps with logic level 2 and starts from PAD
RUN-1001 :       #10 path slack -6713ps with logic level 2 and starts from PAD
RUN-1001 :   0 HFN exist on timing critical paths out of 10448 nets
RUN-1001 :   0 long nets exist on timing critical paths out of 10448 nets
OPT-1001 : End physical optimization;  4.285232s wall, 4.437500s user + 0.000000s system = 4.437500s CPU (103.6%)

PHY-1001 : End Stage 3.2 | Optimize Design; Time: 4.285311s wall, 4.437500s user + 0.000000s system = 4.437500s CPU (103.6%); Memory(MB): used = 415, reserved = 405, peak = 415;

PHY-1001 : End Stage 3 | Detailed Placement; Time: 4.699444s wall, 4.859375s user + 0.000000s system = 4.859375s CPU (103.4%); Memory(MB): used = 415, reserved = 405, peak = 415;

PHY-1001 : Stage 4 | Optimize Design
PHY-3001 : Start incremental legalization ...
PHY-1001 : Populate physical database on model UDP_Example_Top.
PHY-7002 CRITICAL-WARNING: Instance u_sdram/sdram location (164, 288) is not honored. Cell's initial location is not legal at the beginning of ECO placement, and will be moved during placement. Please verify user location constraints through the adc file.
PHY-3001 : Target density is 47%
PHY-3001 : Target density is 54%
PHY-3001 : Initial: Len = 382943, Over = 0
PHY-1001 : Stage 4.1 | Spreading
PHY-3001 : End spreading;  0.017763s wall, 0.015625s user + 0.000000s system = 0.015625s CPU (88.0%)

PHY-1001 : End Stage 4.1 | Spreading; Time: 0.017871s wall, 0.015625s user + 0.000000s system = 0.015625s CPU (87.4%); Memory(MB): used = 415, reserved = 405, peak = 415;

PHY-3001 : Final: Len = 382943, Over = 0
PHY-3001 : End incremental legalization;  0.102704s wall, 0.093750s user + 0.000000s system = 0.093750s CPU (91.3%)

RUN-1002 : start command "report_qor -step place -file place.qor"
RUN-1001 : Generating global routing grids ...
-----------------------------------------------------------
| QoR metrics               |         value               |
-----------------------------------------------------------
| Timing                    |                             |
|     Setup WNS             |        -6713                |
|     Setup TNS             |      -291172                |
|     Num of violated S-EP  |          100                |
|     FMAX                  |    67.967MHz                |
|     SWNS path clock period |       8000ps                |
|     Hold WNS              |         -111                |
|     Hold TNS              |        -1449                |
|     Num of violated H-EP  |           59                |
-----------------------------------------------------------
| Routing Resource          |                             |
|     Wire length           |       380996                |
-----------------------------------------------------------
| Utilization               |                             |
|     #slices               |         4645                |
|     slices percentage     |       47.40%                |
|     #RAMs                 |           17                |
|     #DSPs                 |            3                |
|     #DRAMHARDCON          |            0                |
-----------------------------------------------------------
| Congestion                |                             |
|     Top 1% tile util      |           39                |
|     Top 1% tile avg util  |       42.59%                |
|     Over 100% util #tile  |            0                |
-----------------------------------------------------------
Report place stage QoR done.

PHY-1001 : End Stage 4 | Optimize Design; Time: 0.644061s wall, 0.625000s user + 0.000000s system = 0.625000s CPU (97.0%); Memory(MB): used = 415, reserved = 405, peak = 415;

PHY-1001 : Stage 5 | DRC Check
PHY-1001 : Stage 5.1 | Force Route Constraint Check
PHY-1001 : Check Pass.
PHY-1001 : End Stage 5.1 | Force Route Constraint Check; Time: 0.000519s wall, 0.000000s user + 0.000000s system = 0.000000s CPU (n/a%); Memory(MB): used = 415, reserved = 405, peak = 415;

PHY-1001 : Stage 5.2 | Duplicated SelfDriven Check
PHY-1001 : Check pass.
PHY-1001 : End Stage 5.2 | Duplicated SelfDriven Check; Time: 0.009678s wall, 0.000000s user + 0.000000s system = 0.000000s CPU (n/a%); Memory(MB): used = 415, reserved = 405, peak = 415;

PHY-1001 : Stage 5.3 | Clock Rule Check
PHY-1001 : End Stage 5.3 | Clock Rule Check; Time: 0.000307s wall, 0.000000s user + 0.000000s system = 0.000000s CPU (n/a%); Memory(MB): used = 415, reserved = 405, peak = 415;

PHY-1001 : End Stage 5 | DRC Check; Time: 0.022093s wall, 0.000000s user + 0.000000s system = 0.000000s CPU (n/a%); Memory(MB): used = 415, reserved = 405, peak = 415;

OPT-1001 : QoR tracer report on placement steps:
    SWNS [   incr ]     STNS [    incr ]    FEPS [   incr ]    CRIT [   incr ]      CELL [     incr ]        WL [     incr ]    CONG [   incr ]    PDES [   incr ]   RT(s) [   incr ]   MEM(mb) [     incr ]
       0 [      0 ]        0 [       0 ]       0 [      0 ]       0 [      0 ]     12331 [        0 ]         0 [        0 ]    0.00 [   0.00 ]       0 [      0 ]       0 [      0 ]       280 [        0 ] : preplace:simplify_lut
       0 [      0 ]        0 [       0 ]       0 [      0 ]       0 [      0 ]     12331 [        0 ]         0 [        0 ]    0.00 [   0.00 ]       0 [      0 ]       0 [      0 ]       280 [        0 ] : preplace:sweep
       0 [      0 ]        0 [       0 ]       0 [      0 ]       0 [      0 ]     12331 [        0 ]         0 [        0 ]    0.00 [   0.00 ]       0 [      0 ]       0 [      0 ]       280 [        0 ] : preplace:hfn_opt
   -9293 [  -9293 ]  -351826 [ -351826 ]     109 [    109 ]    2858 [   2858 ]     12334 [        3 ]    261726 [   261726 ]    0.00 [   0.00 ]       0 [      0 ]       2 [      2 ]       340 [       60 ] : step1_gp
   -9293 [      0 ]  -353034 [   -1208 ]     111 [      2 ]    2742 [   -116 ]     12334 [        0 ]    268048 [     6322 ]    0.00 [   0.00 ]       0 [      0 ]       2 [      0 ]       341 [        1 ] : step1_legal
   -9343 [    -50 ]  -350824 [    2210 ]     113 [      2 ]    2961 [    219 ]     12334 [        0 ]    297016 [    28968 ]   66.93 [  66.93 ]       0 [      0 ]       3 [      1 ]       380 [       39 ] : step2_gp
   -6713 [   2630 ]  -301682 [   49142 ]     109 [     -4 ]    3074 [    113 ]     12533 [      199 ]    277712 [   -19304 ]   60.28 [  -6.66 ]       0 [      0 ]       6 [      3 ]       390 [       10 ] : prepack:hfn_opt
   -6713 [      0 ]  -298038 [    3644 ]     111 [      2 ]    3080 [      6 ]     12533 [        0 ]    278214 [      502 ]   48.34 [ -11.93 ]       0 [      0 ]       7 [      1 ]       390 [        0 ] : prepack:bn_opt
   -6713 [      0 ]  -298038 [       0 ]     111 [      0 ]    3080 [      0 ]     12533 [        0 ]    278214 [        0 ]   48.31 [  -0.03 ]       0 [      0 ]       7 [      0 ]       390 [        0 ] : prepack:path_opt
   -7643 [   -930 ]  -294062 [    3976 ]     104 [     -7 ]    2977 [   -103 ]      4745 [    -7788 ]    285709 [     7495 ]   48.31 [   0.00 ]       0 [      0 ]       9 [      2 ]       400 [       10 ] : pack
   -7193 [    450 ]  -298594 [   -4532 ]     105 [      1 ]    2801 [   -176 ]      4745 [        0 ]    377794 [    92085 ]   42.59 [  -5.72 ]       0 [      0 ]      12 [      3 ]       411 [       11 ] : post_pack_place
   -7243 [    -50 ]  -298514 [      80 ]     104 [     -1 ]    2801 [      0 ]      4745 [        0 ]    381132 [     3338 ]   42.59 [   0.00 ]       0 [      0 ]      13 [      1 ]       411 [        0 ] : post_pack_spreading
   -6743 [    500 ]  -297206 [    1308 ]     101 [     -3 ]    2806 [      5 ]      4731 [      -14 ]    372452 [    -8680 ]   42.59 [   0.00 ]       0 [      0 ]      14 [      1 ]       411 [        0 ] : postpack:optimize_equivalent_quick
   -6743 [      0 ]  -297996 [    -790 ]     104 [      3 ]    2801 [     -5 ]      4771 [       40 ]    382996 [    10544 ]   42.59 [   0.00 ]       0 [      0 ]      14 [      0 ]       411 [        0 ] : postpack:hfn_opt
   -6713 [     30 ]  -291172 [    6824 ]     100 [     -4 ]    2799 [     -2 ]      4771 [        0 ]    383336 [      340 ]   42.55 [  -0.03 ]       0 [      0 ]      15 [      1 ]       415 [        4 ] : postpack:bn_opt
   -6713 [      0 ]  -291172 [       0 ]     100 [      0 ]    2799 [      0 ]      4771 [        0 ]    383336 [        0 ]   42.69 [   0.14 ]       0 [      0 ]      16 [      1 ]       415 [        0 ] : postpack:path_opt
   -6713 [      0 ]  -291172 [       0 ]     100 [      0 ]    2799 [      0 ]      4771 [        0 ]    383336 [        0 ]   42.69 [   0.00 ]       0 [      0 ]      16 [      0 ]       415 [        0 ] : postpack:aggressive_opt
   -6713 [      0 ]  -291172 [       0 ]     100 [      0 ]    2802 [      3 ]      4767 [       -4 ]    380996 [    -2340 ]   42.69 [   0.00 ]       0 [      0 ]      17 [      1 ]       415 [        0 ] : postpack:optimize_equivalent
   -6713 [      0 ]  -291172 [       0 ]     100 [      0 ]    2802 [      0 ]      4767 [        0 ]    380996 [        0 ]   42.69 [   0.00 ]       0 [      0 ]      17 [      0 ]       415 [        0 ] : postpack:pin_opt

RUN-1003 : finish command "place" in  18.110509s wall, 27.125000s user + 1.750000s system = 28.875000s CPU (159.4%)

RUN-1004 : used memory is 415 MB, reserved memory is 405 MB, peak memory is 415 MB
RUN-1002 : start command "update_timing -mode manhattan"
RUN-1002 : start command "start_timer"
RUN-1002 : start command "report_timing_summary -file UDP_EXAMPLE_place.timing"
RUN-1002 : start command "report_area -io_info -file UDP_EXAMPLE_phy.area"
RUN-1001 : standard
***Report Model: UDP_Example_Top Device: EG4S20BG256***

IO Statistics
#IO                        25   out of    188   13.30%
  #input                   12
  #output                  13
  #inout                    0

Utilization Statistics
#lut                     6875   out of  19600   35.08%
#reg                     6501   out of  19600   33.17%
#le                      8528
  #lut only              2027   out of   8528   23.77%
  #reg only              1653   out of   8528   19.38%
  #lut&reg               4848   out of   8528   56.85%
#bram                      17   out of     64   26.56%
  #bram9k                  17
  #fifo9k                   0
#bram32k                    0   out of     16    0.00%
#dsp                        3   out of     29   10.34%
#pad                       29   out of    188   15.43%
  #ireg                     8
  #oreg                    13
  #treg                     0
#pll                        3   out of      4   75.00%
#gclk                       7   out of     16   43.75%

RUN-1002 : start command "flow_status -file place_flow.status"
Location         : C:\Users\Lenovo\Desktop\key34\key34\prj\UDP_EXAMPLE\UDP_EXAMPLE_Runs\phy_1
Running with     : Tang Dynasty v6.2.168116
                   Copyright (c) 2012-2025 Anlogic Inc.
Top Model        : UDP_Example_Top
Device           : EG4S20BG256
Speed            : NA

Timing Mode      : manhattan
Setup            : WNS -6713ps  TNS  -291172ps  NUM_FEPS   100
Hold             : WNS  -111ps  TNS    -1449ps  NUM_FEPS    59

Flow Statistics  :
RUN-1001 : Flow Statistics:
RUN-1001 : --------------------------------------------------------------------------------------------------
RUN-1001 :      command     |  #calls  |  wall time  |  cpu time(s)  |  used memory(mb)  |  peak memory(mb)  
RUN-1001 : --------------------------------------------------------------------------------------------------
RUN-1001 :       place      |    1     |  18s(100%)  |   28(100%)    |        415        |        415        
RUN-1001 :     import_db    |    3     |   0s(0%)    |     0(0%)     |        279        |        279        
RUN-1001 :   import_device  |    1     |   0s(0%)    |     0(0%)     |        83         |        83         
RUN-1001 :       pack       |    1     |   0s(0%)    |     0(0%)     |        279        |        279        
RUN-1001 : --------------------------------------------------------------------------------------------------
RUN-1001 :       total      |    6     |     18s     |      28       |        415        |        415        
RUN-1001 : --------------------------------------------------------------------------------------------------
RUN-1002 : start command "report_clock_utilization -file place_clock_utilization.txt"
RUN-1001 : Device not support command report_clock_utilization.
RUN-1002 : start command "export_db UDP_EXAMPLE_place.db"
RUN-1001 : Exported flow parameters
RUN-1001 : Exported /
RUN-1001 : Exported libs
RUN-1001 : Exported entities
RUN-1001 : Exported ports
RUN-1001 : Exported pins
RUN-1001 : Exported instances
RUN-1001 : Exported nets
RUN-1001 : Exported buses
RUN-1001 : Exported models
RUN-1001 : Exported phy database
RUN-1001 : Exported packer
RUN-1001 : Exported congestions
RUN-1001 : Exported violations
RUN-1001 : Exported ATMR Setting
RUN-1001 : Exported timing constraints
RUN-1001 : Exported IO constraints
RUN-1001 : Exported Inst constraints
RUN-1001 : Exported ChipWatcher
RUN-1002 : start command "commit_param -step route"
RUN-1001 : Print Global Property
RUN-1001 : --------------------------------------------------------
RUN-1001 :   Parameters   |  Settings  |  Default Values  |  Note  
RUN-1001 : --------------------------------------------------------
RUN-1001 :   enable_seed  |    off     |       off        |        
RUN-1001 :     message    |  standard  |     standard     |        
RUN-1001 :   qor_monitor  |     on     |        on        |        
RUN-1001 :   syn_ip_flow  |    off     |       off        |        
RUN-1001 :     thread     |    auto    |       auto       |        
RUN-1001 : --------------------------------------------------------
RUN-1001 : Print Route Property
RUN-1001 : -------------------------------------------------------
RUN-1001 :   Parameters  |  Settings  |  Default Values  |  Note  
RUN-1001 : -------------------------------------------------------
RUN-1001 :     effort    |   normal   |      normal      |        
RUN-1001 :    fix_hold   |     on     |        on        |        
RUN-1001 :     timing    |     on     |        on        |        
RUN-1001 : -------------------------------------------------------
RUN-1002 : start command "route"
RUN-1001 : Open license file E:/anlu/license/Anlogic.lic
PHY-1001 : Route runs in 20 thread(s)
RUN-1001 : There are total 4767 instances
RUN-1001 : 2325 mslices, 2320 lslices, 84 pads, 17 brams, 3 dsps
RUN-1001 : There are total 10448 nets
RUN-1001 : 6519 nets have 2 pins
RUN-1001 : 2766 nets have [3 - 5] pins
RUN-1001 : 719 nets have [6 - 10] pins
RUN-1001 : 214 nets have [11 - 20] pins
RUN-1001 : 219 nets have [21 - 99] pins
RUN-1001 : 11 nets have 100+ pins
RUN-1002 : start command "start_timer"
PHY-1001 : 2325 mslices, 2320 lslices, 84 pads, 17 brams, 3 dsps

PHY-1001 : Stage 1 | Global Routing
PHY-1001 : Start global routing, caller is route ...
RUN-1001 : Generating global routing grids ...
PHY-1001 : Generate routing nets ...
RUN-1001 : Generate nets statistics:
RUN-1001 : ----------------------------
RUN-1001 :        Type       |  Nets   
RUN-1001 : ----------------------------
RUN-1001 :   TotalRouteNets  |  9746   
RUN-1001 :   DontRouteNets   |   736   
RUN-1001 :     RouteNets     |  9010   
RUN-1001 :     RouteSinks    |  20342  
RUN-1001 : ----------------------------
PHY-1001 : Global iterations in 20 thread ...
PHY-1002 : len = 441664, over cnt = 1118(3%), over = 1984, worst = 7
PHY-1002 : len = 453032, over cnt = 695(1%), over = 1109, worst = 7
PHY-1002 : len = 463648, over cnt = 228(0%), over = 316, worst = 5
PHY-1002 : len = 467760, over cnt = 0(0%), over = 0, worst = 0
PHY-1001 : End global iterations;  0.530877s wall, 0.656250s user + 0.000000s system = 0.656250s CPU (123.6%)

PHY-1001 : Congestion index:
PHY-1001 : top1  = 42.92(S 57.84, N 66.21, E 50.54, W 53.17, I 0.00, O 0.00)
PHY-1001 : top5  = 36.79(S 45.60, N 55.20, E 41.62, W 42.88, I 0.00, O 0.00)
PHY-1001 : top10 = 33.45(S 39.13, N 48.95, E 37.25, W 37.43, I 0.00, O 0.00)
PHY-1001 : top15 = 31.20(S 35.31, N 44.75, E 34.23, W 33.95, I 0.00, O 0.00)
PHY-1001 : End global routing;  0.648489s wall, 0.781250s user + 0.000000s system = 0.781250s CPU (120.5%)

PHY-1001 : End Stage 1 | Global Routing; Time: 0.648537s wall, 0.781250s user + 0.000000s system = 0.781250s CPU (120.5%); Memory(MB): used = 433, reserved = 534, peak = 433;

PHY-1001 : Stage 2 | Detail Routing
PHY-1001 : Stage 2.1 | Build Routing Design
PHY-1001 : Routing in high effort: false
PHY-1001 : Routing Mode: normal
PHY-1001 : Generate detailed routing grids ...
PHY-1001 : End build routing graph; 1.788782s wall, 1.671875s user + 0.031250s system = 1.703125s CPU (95.2%)

PHY-1001 : Generate nets ...
PHY-1001 : net clk_50_dup_1 will be routed on clock mesh
PHY-1001 : clock net temac_clk will be merged with clock u_clk_gen/u_pll_0/clk0_buf
PHY-1001 : net udp_clk will be routed on clock mesh
PHY-1001 : clock net cwc_jtck_syn_2 will be merged with clock cwc_jtck
PHY-1001 : clock net u_frame_rw/write_clk_syn_4 will be merged with clock u_frame_rw/write_clk
PHY-1001 : clock net u_frame_rw/read_clk_syn_4 will be merged with clock u_frame_rw/read_clk
PHY-1001 : clock net u4_trimac_block/rx_clk will be merged with clock phy1_rgmii_rx_clk_dup_1
PHY-1001 : clock net u_hdmi_tx/Inst_DVITransmitter/PCLK_I will be merged with clock u_video_pll/clk0_buf
PHY-1001 : net u_hdmi_tx/Inst_DVITransmitter/PCLK_X5_I will be routed on clock mesh
PHY-1001 : net u_sdram/u2_ram/SDRAM_CLK will be routed on clock mesh
PHY-1001 : clock net u_sd_card_bmp/bmp_read_m0/clk will be merged with clock u_sys_pll/clk0_buf
RUN-1001 : Generate nets statistics:
RUN-1001 : ------------------------------
RUN-1001 :         Type        |  Nets   
RUN-1001 : ------------------------------
RUN-1001 :        Route        |  9746   
RUN-1001 :      DontRoute      |   702   
RUN-1001 :      RouteSinks     |  33064  
RUN-1001 :   RouteEntitySinks  |    0    
RUN-1001 :       Lut2Dff       |    0    
RUN-1001 :       Ram2Dff       |    0    
RUN-1001 :      Carry2Dff      |    0    
RUN-1001 : ------------------------------
RUN-1001 : DR clock net summary:
RUN-1001 : ----------------------------------------------------------------------
RUN-1001 :   Net Idx  |                 Net Name                  |  Clock Type  
RUN-1001 : ----------------------------------------------------------------------
RUN-1001 :      1     |               clk_50_dup_1                |    Normal    
RUN-1001 :      2     |              cwc_jtck_syn_2               |    Normal    
RUN-1001 :      3     |                 temac_clk                 |    Normal    
RUN-1001 :      4     |          u4_trimac_block/rx_clk           |    Normal    
RUN-1001 :      5     |         u_frame_rw/read_clk_syn_4         |    Normal    
RUN-1001 :      6     |        u_frame_rw/write_clk_syn_4         |    Normal    
RUN-1001 :      7     |   u_hdmi_tx/Inst_DVITransmitter/PCLK_I    |    Normal    
RUN-1001 :      8     |  u_hdmi_tx/Inst_DVITransmitter/PCLK_X5_I  |    Normal    
RUN-1001 :      9     |       u_sd_card_bmp/bmp_read_m0/clk       |    Normal    
RUN-1001 :     10     |         u_sdram/u2_ram/SDRAM_CLK          |    Normal    
RUN-1001 :     11     |                  udp_clk                  |    Normal    
RUN-1001 : ----------------------------------------------------------------------
RUN-1001 : DR clock buffer summary:
RUN-1001 : ----------------
RUN-1001 :   Idx  |  Name  
RUN-1001 : ----------------
RUN-1001 : ----------------
PHY-1001 : End Stage 2.1 | Build Routing Design; Time: 2.002527s wall, 1.875000s user + 0.046875s system = 1.921875s CPU (96.0%); Memory(MB): used = 700, reserved = 689, peak = 700;

RUN-1001 : Top Percentage Crit. Net Stat.
RUN-1001 : -------------------------------------------------------
RUN-1001 :   Top %  |  Net Count  |  Avg. Fanout  |  Avg. Slack   
RUN-1001 : -------------------------------------------------------
RUN-1001 :     1    |     104     |   3.125000    |  -713.500000  
RUN-1001 :     2    |     208     |   3.254808    |  285.793269   
RUN-1001 :     3    |     313     |   3.440895    |  948.619808   
RUN-1001 :     4    |     417     |   3.693046    |  1352.553957  
RUN-1001 :     5    |     522     |   3.739464    |  1626.865900  
RUN-1001 :     6    |     626     |   3.706070    |  1829.281150  
RUN-1001 :     7    |     731     |   3.875513    |  1992.361149  
RUN-1001 :     8    |     835     |   3.792814    |  2131.520958  
RUN-1001 :     9    |     940     |   3.915957    |  2258.787234  
RUN-1001 :    10    |    1044     |   3.822797    |  2374.870690  
RUN-1001 : -------------------------------------------------------
PHY-1001 : Stage 2.2 | Clock Nets Routing
PHY-1001 : Routed 0% nets.
PHY-1001 : len = 204232, over cnt = 1(0%), over = 1, worst = 1, crit = 0
PHY-1001 : Ripup-reroute.....
PHY-1001 : Iter 1: len = 204272, over cnt = 0(0%), over = 0, worst = 0, crit = 0, time(s) = 0.00
PHY-1001 : End Stage 2.2 | Clock Nets Routing; Time: 4.841836s wall, 4.718750s user + 0.000000s system = 4.718750s CPU (97.5%); Memory(MB): used = 733, reserved = 722, peak = 733;

PHY-1001 : Stage 2.3 | Routing Initialization
PHY-1001 : Mark 1% net(place mode slack < 771ps) as critical nets.
PHY-1001 : Stage 2.3.1 | Normal Nets Routing
PHY-1001 : Routed 93% nets.
PHY-1001 : len = 845152, over cnt = 777(0%), over = 783, worst = 2, crit = 0
PHY-1001 : End Stage 2.3.1 | Normal Nets Routing; Time: 8.545777s wall, 14.312500s user + 0.062500s system = 14.375000s CPU (168.2%); Memory(MB): used = 739, reserved = 728, peak = 739;

PHY-1001 : Stage 2.3.2 | Update Timing
RUN-1002 : start command "start_timer"
USR-1002 : Derived clock:  create_generated_clock -name {u_clk_gen/u_pll_0/pll_inst.clkc[0]} -source [get_ports {clk_50}] -master_clock {clk_in} -multiply_by 2.5000 -duty_cycle 50.0000 [get_pins {u_clk_gen/u_pll_0/pll_inst.clkc[0]}]
USR-1002 : Derived clock:  create_generated_clock -name {u_clk_gen/u_pll_0/pll_inst.clkc[1]} -source [get_ports {clk_50}] -master_clock {clk_in} -multiply_by 2.5000 -duty_cycle 50.0000 [get_pins {u_clk_gen/u_pll_0/pll_inst.clkc[1]}]
USR-1002 : Derived clock:  create_generated_clock -name {u_clk_gen/u_pll_0/pll_inst.clkc[4]} -source [get_ports {clk_50}] -master_clock {clk_in} -multiply_by 2.5000 -phase 90 -duty_cycle 50.0000 [get_pins {u_clk_gen/u_pll_0/pll_inst.clkc[4]}]
USR-1002 : Derived clock:  create_generated_clock -name {u_sys_pll/pll_inst.clkc[0]} -source [get_ports {clk_50}] -master_clock {clk_in} -multiply_by 2.0000 -duty_cycle 50.0000 [get_pins {u_sys_pll/pll_inst.clkc[0]}]
USR-1002 : Derived clock:  create_generated_clock -name {u_video_pll/pll_inst.clkc[0]} -source [get_ports {clk_50}] -master_clock {clk_in} -divide_by 2.0000 -duty_cycle 50.0000 [get_pins {u_video_pll/pll_inst.clkc[0]}]
USR-1002 : Derived clock:  create_generated_clock -name {u_video_pll/pll_inst.clkc[1]} -source [get_ports {clk_50}] -master_clock {clk_in} -multiply_by 2.5000 -duty_cycle 50.0000 [get_pins {u_video_pll/pll_inst.clkc[1]}]
USR-6001 WARNING: No ports matched 'get_ports clk'
USR-6001 WARNING: No pins matched 'get_pins sys_pll_m0/pll_inst.clkc[1]'
USR-8124 CRITICAL-WARNING: Rename_clock: please specify object list.
USR-8159 CRITICAL-WARNING: Command rename_clock -name {ext_mem_clk} -source [get_ports {clk}] -master_clock {clk} [get_pins {sys_pll_m0/pll_inst.clkc[1]}] in C:/Users/Lenovo/Desktop/key34/key34/source_code/constraints/UDP.sdc(14) fails.
TMR-2502 : Net delay update with mode: Routed
PHY-1001 : 546/9746(5%) critical/total net(s).
PHY-1001 : Setup: WNS(ns) = -5.292, TNS(ns) = -1345.298, FEP = 843 | Hold: WNS(ns) = -5.040, TNS(ns) = -497.908, FEP = 256.
PHY-1001 : End Stage 2.3.2 | Update Timing; Time: 1.442343s wall, 1.437500s user + 0.000000s system = 1.437500s CPU (99.7%); Memory(MB): used = 742, reserved = 731, peak = 742;

PHY-1001 : End Stage 2.3 | Routing Initialization; Time: 10.007487s wall, 15.765625s user + 0.062500s system = 15.828125s CPU (158.2%); Memory(MB): used = 743, reserved = 731, peak = 743;

PHY-1001 : Stage 2.4 | Routing Optimization
PHY-1001 : Build lut bridge;  0.062252s wall, 0.062500s user + 0.000000s system = 0.062500s CPU (100.4%)

PHY-1001 : Stage 2.4.1 | Phase 1
PHY-1001 : Stage 2.4.1.1 | Setup TimeOptimization
PHY-1001 : Start to optimize setup violation with net base ...
PHY-1001 : Iter 1; Processed 190 pins with SWNS -4.699ns STNS -578.517ns FEP 373 took 2.40503 seconds.
PHY-1001 : len = 853488, over cnt = 903(0%), over = 911, worst = 2, crit = 0
PHY-1001 : End Stage 2.4.1.1 | Setup TimeOptimization; Time: 2.458580s wall, 2.421875s user + 0.015625s system = 2.437500s CPU (99.1%); Memory(MB): used = 745, reserved = 734, peak = 745;

PHY-1001 : Stage 2.4.1.2 | Rip-up And ReRoute
PHY-1001 : Iter 1: len = 855792, over cnt = 315(0%), over = 318, worst = 2, crit = 0, time(s) = 0.34
PHY-1001 : Iter 2: len = 856040, over cnt = 140(0%), over = 140, worst = 1, crit = 0, time(s) = 0.19
PHY-1001 : Iter 3: len = 856232, over cnt = 109(0%), over = 109, worst = 1, crit = 0, time(s) = 0.10
PHY-1001 : Iter 4: len = 857168, over cnt = 29(0%), over = 29, worst = 1, crit = 0, time(s) = 0.09
PHY-1001 : Iter 5: len = 857344, over cnt = 14(0%), over = 14, worst = 1, crit = 0, time(s) = 0.03
PHY-1001 : Iter 6: len = 857344, over cnt = 14(0%), over = 14, worst = 1, crit = 0, time(s) = 0.03
PHY-1001 : Iter 7: len = 857344, over cnt = 14(0%), over = 14, worst = 1, crit = 0, time(s) = 0.03
PHY-1001 : Iter 8: len = 857728, over cnt = 1(0%), over = 1, worst = 1, crit = 0, time(s) = 0.02
PHY-1001 : Iter 9: len = 857720, over cnt = 1(0%), over = 1, worst = 1, crit = 0, time(s) = 0.01
PHY-1001 : Iter 10: len = 857736, over cnt = 0(0%), over = 0, worst = 0, crit = 0, time(s) = 0.02
PHY-1001 : End Stage 2.4.1.2 | Rip-up And ReRoute; Time: 0.892673s wall, 1.531250s user + 0.015625s system = 1.546875s CPU (173.3%); Memory(MB): used = 747, reserved = 735, peak = 747;

PHY-1001 : Stage 2.4.1.3 | Update Timing
RUN-1002 : start command "start_timer"
PHY-1001 : 419/9746(4%) critical/total net(s).
PHY-1001 : Setup: WNS(ns) = -4.759, TNS(ns) = -673.603, FEP = 511 | Hold: WNS(ns) = -5.040, TNS(ns) = -489.425, FEP = 250.
PHY-1001 : End Stage 2.4.1.3 | Update Timing; Time: 1.002338s wall, 1.000000s user + 0.000000s system = 1.000000s CPU (99.8%); Memory(MB): used = 747, reserved = 735, peak = 747;

PHY-1001 : Stage 2.4.1.4 | Commit Data
PHY-1001 : Commit better result to database ...
PHY-1001 : 213 feed throughs used by 174 nets
PHY-1001 : End Stage 2.4.1.4 | Commit Data; Time: 0.484514s wall, 0.484375s user + 0.000000s system = 0.484375s CPU (100.0%); Memory(MB): used = 782, reserved = 771, peak = 782;

PHY-1001 : End Stage 2.4.1 | Phase 1; Time: 4.900892s wall, 5.484375s user + 0.031250s system = 5.515625s CPU (112.5%); Memory(MB): used = 782, reserved = 771, peak = 782;

PHY-1001 : Stage 2.4.2 | Phase 2
PHY-1001 : Stage 2.4.2.1 | Setup TimeOptimization
PHY-1001 : Start to optimize setup violation with net base ...
PHY-1001 : Iter 1; Processed 79 pins with SWNS -4.699ns STNS -576.819ns FEP 364 took 0.763229 seconds.
PHY-1001 : len = 859304, over cnt = 46(0%), over = 46, worst = 1, crit = 0
PHY-1001 : End Stage 2.4.2.1 | Setup TimeOptimization; Time: 0.815726s wall, 0.781250s user + 0.000000s system = 0.781250s CPU (95.8%); Memory(MB): used = 782, reserved = 771, peak = 782;

PHY-1001 : Stage 2.4.2.2 | Rip-up And ReRoute
PHY-0007 : Congestion: {45.17, 39.60, 36.77, 34.90}; Timing: {-4.699ns, -576.819ns, 364}
PHY-1001 : Iter 1: len = 858888, over cnt = 4(0%), over = 4, worst = 1, crit = 0, time(s) = 0.04
PHY-1001 : Iter 2: len = 858944, over cnt = 0(0%), over = 0, worst = 0, crit = 0, time(s) = 0.02
PHY-1001 : End Stage 2.4.2.2 | Rip-up And ReRoute; Time: 0.075766s wall, 0.156250s user + 0.000000s system = 0.156250s CPU (206.2%); Memory(MB): used = 782, reserved = 771, peak = 782;

PHY-1001 : Stage 2.4.2.3 | Update Timing
RUN-1002 : start command "start_timer"
PHY-1001 : 397/9746(4%) critical/total net(s).
PHY-1001 : Setup: WNS(ns) = -4.903, TNS(ns) = -608.855, FEP = 417 | Hold: WNS(ns) = -5.040, TNS(ns) = -489.425, FEP = 250.
PHY-1001 : End Stage 2.4.2.3 | Update Timing; Time: 1.005205s wall, 1.015625s user + 0.000000s system = 1.015625s CPU (101.0%); Memory(MB): used = 783, reserved = 772, peak = 783;

PHY-1001 : Stage 2.4.2.4 | Commit Data
PHY-1001 : Don't need to commit to database ...
PHY-1001 : End Stage 2.4.2.4 | Commit Data; Time: 0.005266s wall, 0.000000s user + 0.000000s system = 0.000000s CPU (n/a%); Memory(MB): used = 783, reserved = 772, peak = 783;

PHY-1001 : End Stage 2.4.2 | Phase 2; Time: 1.957277s wall, 2.015625s user + 0.000000s system = 2.015625s CPU (103.0%); Memory(MB): used = 783, reserved = 772, peak = 783;

PHY-1001 : End Stage 2.4 | Routing Optimization; Time: 7.556220s wall, 8.187500s user + 0.046875s system = 8.234375s CPU (109.0%); Memory(MB): used = 783, reserved = 772, peak = 783;

PHY-1003 : Routed, final wirelength = 858944
RUN-1002 : start command "export_db UDP_EXAMPLE_pr.db"
RUN-1001 : Exported flow parameters
RUN-1001 : Exported /
RUN-1001 : Exported libs
RUN-1001 : Exported entities
RUN-1001 : Exported ports
RUN-1001 : Exported pins
RUN-1001 : Exported instances
RUN-1001 : Exported nets
RUN-1001 : Exported buses
RUN-1001 : Exported models
RUN-1001 : Exported phy database
RUN-1001 : Exported packer
RUN-1001 : Exported congestions
RUN-1001 : Exported violations
RUN-1001 : Exported ATMR Setting
RUN-1001 : Exported timing constraints
RUN-1001 : Exported IO constraints
RUN-1001 : Exported Inst constraints
RUN-1001 : Exported ChipWatcher
PHY-1001 : Current memory(MB): used = 815, reserved = 924, peak = 815.
PHY-1001 : End export database. 0.284150s wall, 0.359375s user + 0.015625s system = 0.375000s CPU (132.0%)

PHY-1001 : End detail routing;  25.270067s wall, 31.484375s user + 0.171875s system = 31.656250s CPU (125.3%)

PHY-1001 : End Stage 2 | Detail Routing; Time: 25.270234s wall, 31.484375s user + 0.171875s system = 31.656250s CPU (125.3%); Memory(MB): used = 815, reserved = 924, peak = 815;

PHY-1001 : Stage 3 | Hold Fix
RUN-1002 : start command "start_timer"
RUN-1001 : Too much hold violation, please check the src code.
PHY-1001 : End Stage 3 | Hold Fix; Time: 1.042671s wall, 0.953125s user + 0.000000s system = 0.953125s CPU (91.4%); Memory(MB): used = 815, reserved = 924, peak = 815;

PHY-1001 : Stage 4 | Report Route Qor
RUN-1002 : start command "report_qor -step route -file route.qor"
RUN-1002 : start command "start_timer"
-----------------------------------------------------------
| QoR metrics               |         value               |
-----------------------------------------------------------
| Timing                    |                             |
|     Setup WNS             |        -4759                |
|     Setup TNS             |      -673603                |
|     Num of violated S-EP  |          511                |
|     Hold WNS              |        -5040                |
|     Hold TNS              |      -489425                |
|     Num of violated H-EP  |          250                |
-----------------------------------------------------------
| Routing Resource          |                             |
|     Wire length           |       857736                |
-----------------------------------------------------------
| Utilization               |                             |
|     #slices               |         4645                |
|     slices percentage     |       47.40%                |
|     #RAMs                 |           17                |
|     #DSPs                 |            3                |
|     #DRAMHARDCON          |            0                |
-----------------------------------------------------------
Report route stage QoR done.

RUN-1003 : finish command "report_qor -step route -file route.qor" in  1.004427s wall, 0.953125s user + 0.000000s system = 0.953125s CPU (94.9%)

RUN-1004 : used memory is 815 MB, reserved memory is 924 MB, peak memory is 815 MB
RUN-1002 : start command "update_timing -mode final"
RUN-1002 : start command "start_timer"
RUN-1003 : finish command "update_timing -mode final" in  1.024782s wall, 0.953125s user + 0.000000s system = 0.953125s CPU (93.0%)

RUN-1004 : used memory is 815 MB, reserved memory is 924 MB, peak memory is 815 MB
RUN-1002 : start command "report_timing_summary -file final_timing.rpt"
OPT-1001 : QoR tracer report on route step:
    SWNS [   incr ]      STNS [     incr ]  S-FEPS [   incr ]    HWNS [   incr ]      HTNS [     incr ]    H-FEPS [     incr ]    CELL [   incr ]      WL [   incr ]   RT(s) [   incr ]   MEM(mb) [     incr ]
   -5292 [      0 ]  -1345298 [        0 ]     843 [      0 ]   -5040 [      0 ]   -497908 [        0 ]       256 [        0 ]    4767 [      0 ]  845152 [      0 ]      18 [      0 ]       743 [        0 ] : dr_initialization
   -4699 [    593 ]   -578517 [   766781 ]     373 [   -470 ]   -5040 [      0 ]   -498715 [     -807 ]       256 [        0 ]    4767 [      0 ]  853488 [   8336 ]      21 [      3 ]       745 [        2 ] : dr_timing_opt_phase1
   -4759 [    -60 ]   -673603 [   -95086 ]     511 [    138 ]   -5040 [      0 ]   -489425 [     9290 ]       250 [       -6 ]    4767 [      0 ]  857736 [   4248 ]      24 [      3 ]       782 [       37 ] : dr_opt_phase1
   -4699 [     60 ]   -576819 [    96784 ]     364 [   -147 ]   -5040 [      0 ]   -489408 [       17 ]       250 [        0 ]    4767 [      0 ]  859304 [   1568 ]      25 [      1 ]       782 [        0 ] : dr_timing_opt_phase2
   -4903 [   -204 ]   -608855 [   -32036 ]     417 [     53 ]   -5040 [      0 ]   -489425 [      -17 ]       250 [        0 ]    4767 [      0 ]  858944 [   -360 ]      26 [      1 ]       783 [        1 ] : dr_opt_phase2
   -4903 [      0 ]   -608855 [        0 ]     417 [      0 ]   -5040 [      0 ]   -489425 [        0 ]       250 [        0 ]    4767 [      0 ]  858944 [      0 ]      26 [      0 ]       783 [        0 ] : multi_try_opt
   -4759 [    144 ]   -673603 [   -64748 ]     511 [     94 ]   -5040 [      0 ]   -489425 [        0 ]       250 [        0 ]    4767 [      0 ]  857736 [  -1208 ]      27 [      1 ]       815 [       32 ] : fix_hold_opt

PHY-1001 : End Stage 4 | Report Route Qor; Time: 2.082448s wall, 1.953125s user + 0.000000s system = 1.953125s CPU (93.8%); Memory(MB): used = 815, reserved = 924, peak = 815;

PHY-1001 : Stage 5 | Routing DRC
PHY-1001 : Start multi-drive drc check......
PHY-1001 : No multi-drive.
PHY-1001 : Stage 5.1 | Clock Net Status Check
PHY-1001 : 2 clock net(s) utilize local routing resource.
PHY-5079 CRITICAL-WARNING: Marked 2 clock net(s) utilize the local routing resources. Please check log message and the sinks of clock nets.
RUN-1001 : CTS Local Wire Summary
RUN-1001 : --------------------------------------------------------------------------------------------------------------------------------
RUN-1001 :                ClockName               |  DriverType  |  Clock/Fanout  |  LocalWireNum  |          NetName           |  Marked  
RUN-1001 : --------------------------------------------------------------------------------------------------------------------------------
RUN-1001 :   u_clk_gen/u_pll_0/pll_inst.clkc[1]   |  AL_PHY_PLL  |   1878/1880    |       1        |          udp_clk           |   true   
RUN-1001 :   u_clk_gen/u_pll_0/pll_inst.clkc[4]   |  AL_PHY_PLL  |      1/2       |       1        |  u_sdram/u2_ram/SDRAM_CLK  |   true   
RUN-1001 : --------------------------------------------------------------------------------------------------------------------------------
PHY-1001 : End Stage 5.1 | Clock Net Status Check; Time: 0.001164s wall, 0.000000s user + 0.000000s system = 0.000000s CPU (n/a%); Memory(MB): used = 815, reserved = 924, peak = 815;

PHY-1001 : Stage 5.2 | Abnormal Timing Path check
PHY-5089 WARNING: Skip 172 abnormal timing path for routing due to clock skew is greater than 1000ps or hold slack is less than -1000ps, use load pr.db and report_abnormal_timing_target -file to get detail message. If need to fix these hold violation, place turn on hold fix high.
PHY-1001 : End Stage 5.2 | Abnormal Timing Path check; Time: 0.046579s wall, 0.046875s user + 0.000000s system = 0.046875s CPU (100.6%); Memory(MB): used = 815, reserved = 924, peak = 815;

PHY-1001 : End Stage 5 | Routing DRC; Time: 0.080168s wall, 0.093750s user + 0.000000s system = 0.093750s CPU (116.9%); Memory(MB): used = 815, reserved = 924, peak = 815;

RUN-1003 : finish command "route" in  29.986956s wall, 36.125000s user + 0.171875s system = 36.296875s CPU (121.0%)

RUN-1004 : used memory is 815 MB, reserved memory is 924 MB, peak memory is 815 MB
RUN-1002 : start command "report_area -io_info -file UDP_EXAMPLE_phy.area"
RUN-1001 : standard
***Report Model: UDP_Example_Top Device: EG4S20BG256***

IO Statistics
#IO                        25   out of    188   13.30%
  #input                   12
  #output                  13
  #inout                    0

Utilization Statistics
#lut                     6875   out of  19600   35.08%
#reg                     6501   out of  19600   33.17%
#le                      8528
  #lut only              2027   out of   8528   23.77%
  #reg only              1653   out of   8528   19.38%
  #lut&reg               4848   out of   8528   56.85%
#bram                      17   out of     64   26.56%
  #bram9k                  17
  #fifo9k                   0
#bram32k                    0   out of     16    0.00%
#dsp                        3   out of     29   10.34%
#pad                       29   out of    188   15.43%
  #ireg                     8
  #oreg                    13
  #treg                     0
#pll                        3   out of      4   75.00%
#gclk                       7   out of     16   43.75%


DataNet Average Fanout:

   Index     Fanout     Nets  
    #1          1       6439  
    #2          2       1547  
    #3          3       798   
    #4          4       419   
    #5        5-10      762   
    #6        11-50     349   
    #7       51-100      36   
    #8       101-500     2    
  Average     2.86            

RUN-1002 : start command "update_timing -mode final"
RUN-1002 : start command "start_timer"
RUN-1003 : finish command "update_timing -mode final" in  1.039053s wall, 0.968750s user + 0.000000s system = 0.968750s CPU (93.2%)

RUN-1004 : used memory is 815 MB, reserved memory is 924 MB, peak memory is 815 MB
RUN-1002 : start command "report_timing_status -file UDP_EXAMPLE_phy.ts"
RUN-1002 : start command "report_timing_summary -file UDP_EXAMPLE_pr.timing"
RUN-1002 : start command "report_timing_exception -file UDP_EXAMPLE_exception.timing"
RUN-1002 : start command "flow_status -file route_flow.status"
Location         : C:\Users\Lenovo\Desktop\key34\key34\prj\UDP_EXAMPLE\UDP_EXAMPLE_Runs\phy_1
Running with     : Tang Dynasty v6.2.168116
                   Copyright (c) 2012-2025 Anlogic Inc.
Top Model        : UDP_Example_Top
Device           : EG4S20BG256
Speed            : NA

Timing Mode      : final
Setup            : WNS -4759ps  TNS  -673603ps  NUM_FEPS   511
Hold             : WNS -5040ps  TNS  -489425ps  NUM_FEPS   250

Flow Statistics  :
RUN-1001 : Flow Statistics:
RUN-1001 : --------------------------------------------------------------------------------------------------
RUN-1001 :      command     |  #calls  |  wall time  |  cpu time(s)  |  used memory(mb)  |  peak memory(mb)  
RUN-1001 : --------------------------------------------------------------------------------------------------
RUN-1001 :       route      |    1     |  29s(61%)   |    36(56%)    |        815        |        815        
RUN-1001 :       place      |    1     |  18s(38%)   |    28(43%)    |        415        |        415        
RUN-1001 :     import_db    |    3     |   0s(0%)    |     0(0%)     |        279        |        279        
RUN-1001 :   import_device  |    1     |   0s(0%)    |     0(0%)     |        83         |        83         
RUN-1001 :       pack       |    1     |   0s(0%)    |     0(0%)     |        279        |        279        
RUN-1001 : --------------------------------------------------------------------------------------------------
RUN-1001 :       total      |    7     |     47s     |      64       |        815        |        815        
RUN-1001 : --------------------------------------------------------------------------------------------------
RUN-1002 : start command "report_clock_utilization -file route_clock_utilization.txt"
RUN-1001 : Device not support command report_clock_utilization.
RUN-1002 : start command "export_db UDP_EXAMPLE_pr.db"
RUN-1001 : Exported flow parameters
RUN-1001 : Exported /
RUN-1001 : Exported libs
RUN-1001 : Exported entities
RUN-1001 : Exported ports
RUN-1001 : Exported pins
RUN-1001 : Exported instances
RUN-1001 : Exported nets
RUN-1001 : Exported buses
RUN-1001 : Exported models
RUN-1001 : Exported phy database
RUN-1001 : Exported packer
RUN-1001 : Exported congestions
RUN-1001 : Exported violations
RUN-1001 : Exported ATMR Setting
RUN-1001 : Exported timing constraints
RUN-1001 : Exported IO constraints
RUN-1001 : Exported Inst constraints
RUN-1001 : Exported ChipWatcher
RUN-1002 : start command "commit_param -step bitgen"
RUN-1001 : Print Global Property
RUN-1001 : --------------------------------------------------------
RUN-1001 :   Parameters   |  Settings  |  Default Values  |  Note  
RUN-1001 : --------------------------------------------------------
RUN-1001 :   enable_seed  |    off     |       off        |        
RUN-1001 :     message    |  standard  |     standard     |        
RUN-1001 :   qor_monitor  |     on     |        on        |        
RUN-1001 :   syn_ip_flow  |    off     |       off        |        
RUN-1001 :     thread     |    auto    |       auto       |        
RUN-1001 : --------------------------------------------------------
RUN-1001 : Print Bitgen Property
RUN-1001 : -------------------------------------------------------------
RUN-1001 :      Parameters     |  Settings  |  Default Values  |  Note  
RUN-1001 : -------------------------------------------------------------
RUN-1001 :         bin         |    off     |       off        |        
RUN-1001 :       gen_mask      |    off     |       off        |        
RUN-1001 :      time_info      |     on     |        on        |        
RUN-1001 :   unused_io_status  |   pullup   |      pullup      |        
RUN-1001 :       version       |    0x00    |       0x00       |        
RUN-1001 : -------------------------------------------------------------
RUN-1002 : start command "bitgen -bit UDP_EXAMPLE.bit"
RUN-1002 : start command "export_bid UDP_EXAMPLE_inst.bid"
BIT-1003 : Start to generate bitstream. 
BIT-1002 : Init instances with 20 threads.
BIT-1002 : Init instances completely, inst num: 4762
BIT-1002 : Init pips with 20 threads.
BIT-1002 : Init pips completely, net num: 9742, pip num: 90519
BIT-1002 : Init feedthrough with 20 threads.
BIT-1002 : Init feedthrough completely, num: 213
BIT-1003 : Multithreading accelaration with 20 threads.
BIT-1003 : Generate bitstream completely, there are 253776 bits set as '1'.
BIT-1004 : PLL setting string = 0111
BIT-1004 : Generate bits file UDP_EXAMPLE.bit.
RUN-1003 : finish command "bitgen -bit UDP_EXAMPLE.bit" in  1.922047s wall, 27.593750s user + 0.718750s system = 28.312500s CPU (1473.0%)

RUN-1004 : used memory is 819 MB, reserved memory is 925 MB, peak memory is 819 MB
RUN-1002 : start command "setup_debugger ../../chip_debugger"
KIT-1004 : Update chipwatcher trigger condition
KIT-1004 : Generate chipwatcher configuration file: cw/compiled.cwc
KIT-1004 : Generate chipwatcher bit file: cw/compiled.bit
RUN-1002 : start command "export_bitgen_param -file .bitgen_param.f"
RUN-1002 : start command "export_flow_status -s opt_place -e bitgen"
RUN-1002 : start command "flow_status"

Location         : C:\Users\Lenovo\Desktop\key34\key34\prj\UDP_EXAMPLE\UDP_EXAMPLE_Runs\phy_1
Running with     : Tang Dynasty v6.2.168116
                   Copyright (c) 2012-2025 Anlogic Inc.
Top Model        : UDP_Example_Top
Device           : EG4S20BG256
Speed            : NA

Timing Mode      : final
Setup            : WNS -4759ps  TNS  -673603ps  NUM_FEPS   511
Hold             : WNS -5040ps  TNS  -489425ps  NUM_FEPS   250

RUN-1001 : Flow Statistics:
RUN-1001 : --------------------------------------------------------------------------------------------------
RUN-1001 :      command     |  #calls  |  wall time  |  cpu time(s)  |  used memory(mb)  |  peak memory(mb)  
RUN-1001 : --------------------------------------------------------------------------------------------------
RUN-1001 :       route      |    1     |  29s(60%)   |    36(39%)    |        815        |        815        
RUN-1001 :       place      |    1     |  18s(37%)   |    28(30%)    |        415        |        415        
RUN-1001 :      bitgen      |    1     |   1s(2%)    |    27(29%)    |        819        |        819        
RUN-1001 :     import_db    |    3     |   0s(0%)    |     0(0%)     |        279        |        279        
RUN-1001 :   import_device  |    1     |   0s(0%)    |     0(0%)     |        83         |        83         
RUN-1001 :       pack       |    1     |   0s(0%)    |     0(0%)     |        279        |        279        
RUN-1001 : --------------------------------------------------------------------------------------------------
RUN-1001 :       total      |    8     |     48s     |      91       |        819        |        819        
RUN-1001 : --------------------------------------------------------------------------------------------------
