============================================================
   Tang Dynasty, V6.2.168116
   Copyright (c) 2012-2025 Anlogic Inc.
   Executable = E:/anlu/bin/run.exe
   Built at =   16:32:07 Jun 12 2025
   Run by =     Lenovo
   Run Date =   Tue Nov  4 10:45:39 2025

   Run on =     LAPTOP-2020B3A6
============================================================
RUN-1002 : start command "import_device eagle_s20.db -package EG4S20BG256"
RUN-1001 : Using default speed grade: NA
ARC-1001 : Device Initialization.
ARC-1001 : ------------------------------------------------------------------
ARC-1001 :            OPTION            |          IO          |   SETTING   
ARC-1001 : ------------------------------------------------------------------
ARC-1001 :   cso_b/cclk/mosi/miso/dout  |  T3/R11/T10/P10/S11  |    gpio    
ARC-1001 :             done             |         P13          |    gpio    
ARC-1001 :           program_b          |          T2          |  dedicate  
ARC-1001 :        tdi/tms/tck/tdo       |   C12/A15/C14/E14    |  dedicate  
ARC-1001 : ------------------------------------------------------------------
ARC-1004 : Device setting, marked 5 dedicate IOs in total.
RUN-1002 : start command "open_project q4.prj -noanalyze"
RUN-1002 : start command "import_db ../syn_1/q4_gate.db"
RUN-1001 : Importing database generated by Tang Dynasty, V6.2.168116.
RUN-1001 : Database version number 46207
RUN-1001 : Import flow parameters
RUN-1001 : Import netlist
RUN-1001 : Import timing constraints
RUN-1001 : Import IO constraints
RUN-1001 : Import Inst constraints
RUN-1001 : Import ChipWatcher
RUN-1001 : Import design success TD_VERSION=6.2.168116 , DB_VERSION=46207
RUN-1002 : start command "commit_param -step place"
RUN-1001 : Print Global Property
RUN-1001 : --------------------------------------------------------
RUN-1001 :   Parameters   |  Settings  |  Default Values  |  Note  
RUN-1001 : --------------------------------------------------------
RUN-1001 :   enable_seed  |    off     |       off        |        
RUN-1001 :     message    |  standard  |     standard     |        
RUN-1001 :   qor_monitor  |     on     |        on        |        
RUN-1001 :   syn_ip_flow  |    off     |       off        |        
RUN-1001 :     thread     |    auto    |       auto       |        
RUN-1001 : --------------------------------------------------------
RUN-1001 : Print Place Property
RUN-1001 : -----------------------------------------------------------
RUN-1001 :     Parameters    |  Settings  |  Default Values  |  Note  
RUN-1001 : -----------------------------------------------------------
RUN-1001 :       effort      |   medium   |      medium      |        
RUN-1001 :   hfn_opt_effort  |   medium   |      medium      |        
RUN-1001 :     max_fanout    |   999999   |      999999      |        
RUN-1001 :     opt_timing    |   medium   |      medium      |        
RUN-1001 :   post_place_opt  |    auto    |       auto       |        
RUN-1001 :    pr_strategy    |     1      |        1         |        
RUN-1001 :     relaxation    |    1.00    |       1.00       |        
RUN-1001 : -----------------------------------------------------------
RUN-1002 : start command "insert_debugger ../../chip_debugger"
RUN-1002 : start command "place"
RUN-1001 : Open license file E:/anlu/license/Anlogic.lic
PHY-3001 : Placer runs in 20 thread(s).
PHY-1001 : Stage 1 | Initialize Design
PHY-1001 : Stage 1.1 | Build Design
PHY-1001 : 6675 luts, 6906 seqs, 1205 mslices, 634 lslices, 121 pads, 26 brams, 17 dsps
RUN-1002 : start command "legalize_phy_inst"
SYN-1011 : Flatten model top_dual_udp
PHY-1001 : Remove keep and sweep redundant instances ...
PHY-1001 : 6674 luts, 6886 seqs, 1205 mslices, 628 lslices, 121 pads, 26 brams, 17 dsps
PHY-1001 : End Stage 1.1 | Build Design; Time: 0.050304s wall, 0.062500s user + 0.000000s system = 0.062500s CPU (124.2%); Memory(MB): used = 222, reserved = 219, peak = 222;

PHY-1001 : Stage 1.2 | Optimize Design
OPT-1001 : Stage 1.2.1 | Simplify Lut
OPT-1001 : End Stage 1.2.1 | Simplify Lut; Time: 0.017088s wall, 0.015625s user + 0.000000s system = 0.015625s CPU (91.4%); Memory(MB): used = 222, reserved = 219, peak = 222;

OPT-1001 : Stage 1.2.2 | Sweep
OPT-1001 : End Stage 1.2.2 | Sweep; Time: 0.006297s wall, 0.000000s user + 0.000000s system = 0.000000s CPU (n/a%); Memory(MB): used = 222, reserved = 219, peak = 222;

OPT-1001 : Stage 1.2.3 | Synthesize High-fanout Net
OPT-1001 : Current memory(MB): used = 222, reserved = 219, peak = 222.
OPT-1001 : End Stage 1.2.3 | Synthesize High-fanout Net; Time: 0.000040s wall, 0.000000s user + 0.000000s system = 0.000000s CPU (n/a%); Memory(MB): used = 222, reserved = 219, peak = 222;

OPT-1001 : End physical optimization;  0.023602s wall, 0.015625s user + 0.000000s system = 0.015625s CPU (66.2%)

PHY-1001 : End Stage 1.2 | Optimize Design; Time: 0.023659s wall, 0.015625s user + 0.000000s system = 0.015625s CPU (66.0%); Memory(MB): used = 222, reserved = 219, peak = 222;

PHY-1001 : Stage 1.3 | Initialize Clock
SYN-4016 : Net sd_card_bmp_m0/bmp_read_m0/clk driven by BUFG (393 clock/control pins, 2 other pins).
SYN-4016 : Net u4_trimac_block/rx_clk driven by BUFG (370 clock/control pins, 0 other pins).
SYN-4016 : Net u4_trimac_block/gtx_clk driven by BUFG (282 clock/control pins, 1 other pins).
SYN-4016 : Net u_rx_pll/clk0_out driven by BUFG (0 clock/control pins, 1 other pins).
SYN-4016 : Net frame_read_write_m0/read_buf/clkw driven by BUFG (956 clock/control pins, 2 other pins).
SYN-4019 : Net clk_50_dup_1 is refclk of pll sys_pll_m0/pll_inst.
SYN-4020 : Net clk_50_dup_1 is fbclk of pll sys_pll_m0/pll_inst.
SYN-4027 : Net u_udp_clk_gen/clk_125_in is clkc1 of pll u_clk_gen/u_pll_0/pll_inst.
SYN-4027 : Net u4_trimac_block/u1_rgmii_interface/rgmii_txc_ddr/clk is clkc4 of pll u_clk_gen/u_pll_0/pll_inst.
SYN-4019 : Net clk_50_dup_1 is refclk of pll u_clk_gen/u_pll_0/pll_inst.
SYN-4020 : Net clk_50_dup_1 is fbclk of pll u_clk_gen/u_pll_0/pll_inst.
SYN-4019 : Net phy1_rgmii_rx_clk_dup_1 is refclk of pll u_rx_pll/pll_inst.
SYN-4020 : Net phy1_rgmii_rx_clk_dup_1 is fbclk of pll u_rx_pll/pll_inst.
SYN-4027 : Net u_sdram_ip/u2_ram/SDRAM_CLK is clkc1 of pll u_video_mem_pll/pll_inst.
SYN-4027 : Net u_video_subsystem/u_hdmi_tx/Inst_DVITransmitter/PCLK_I is clkc2 of pll u_video_mem_pll/pll_inst.
SYN-4027 : Net u_video_subsystem/u_hdmi_tx/Inst_DVITransmitter/PCLK_X5_I is clkc3 of pll u_video_mem_pll/pll_inst.
SYN-4019 : Net clk_50_dup_1 is refclk of pll u_video_mem_pll/pll_inst.
SYN-4020 : Net clk_50_dup_1 is fbclk of pll u_video_mem_pll/pll_inst.
SYN-4024 : Net "cam_pclk_dup_1" drives clk pins.
SYN-4024 : Net "u_ov5640_dri/u_i2c_dr/dri_clk" drives clk pins.
SYN-4024 : Net "frame_read_write_m0/write_clk" drives clk pins.
SYN-4025 : Tag rtl::Net cam_pclk_dup_1 as clock net
SYN-4025 : Tag rtl::Net clk_50_dup_1 as clock net
SYN-4025 : Tag rtl::Net frame_read_write_m0/read_buf/clkw as clock net
SYN-4025 : Tag rtl::Net frame_read_write_m0/write_clk as clock net
SYN-4025 : Tag rtl::Net phy1_rgmii_rx_clk_dup_1 as clock net
SYN-4025 : Tag rtl::Net sd_card_bmp_m0/bmp_read_m0/clk as clock net
SYN-4025 : Tag rtl::Net u4_trimac_block/gtx_clk as clock net
SYN-4025 : Tag rtl::Net u4_trimac_block/rx_clk as clock net
SYN-4025 : Tag rtl::Net u4_trimac_block/u1_rgmii_interface/rgmii_txc_ddr/clk as clock net
SYN-4025 : Tag rtl::Net u_ov5640_dri/u_i2c_dr/dri_clk as clock net
SYN-4025 : Tag rtl::Net u_rx_pll/clk0_out as clock net
SYN-4025 : Tag rtl::Net u_sdram_ip/u2_ram/SDRAM_CLK as clock net
SYN-4025 : Tag rtl::Net u_udp_clk_gen/clk_125_in as clock net
SYN-4025 : Tag rtl::Net u_video_subsystem/u_hdmi_tx/Inst_DVITransmitter/PCLK_I as clock net
SYN-4025 : Tag rtl::Net u_video_subsystem/u_hdmi_tx/Inst_DVITransmitter/PCLK_X5_I as clock net
SYN-4026 : Tagged 15 rtl::Net as clock net
SYN-4015 : Create BUFG instance for clk Net cam_pclk_dup_1 to drive 69 clock pins.
SYN-4015 : Create BUFG instance for clk Net u_ov5640_dri/u_i2c_dr/dri_clk to drive 68 clock pins.
SYN-4015 : Create BUFG instance for clk Net frame_read_write_m0/write_clk to drive 46 clock pins.
PHY-1001 : Populate physical database on model top_dual_udp.
RUN-1001 : There are total 15572 instances
RUN-0007 : 6673 luts, 6886 seqs, 1205 mslices, 628 lslices, 121 pads, 26 brams, 17 dsps
RUN-1001 : There are total 19483 nets
RUN-1001 : 13847 nets have 2 pins
RUN-1001 : 4319 nets have [3 - 5] pins
RUN-1001 : 821 nets have [6 - 10] pins
RUN-1001 : 280 nets have [11 - 20] pins
RUN-1001 : 178 nets have [21 - 99] pins
RUN-1001 : 38 nets have 100+ pins
PHY-1001 : End Stage 1.3 | Initialize Clock; Time: 0.025826s wall, 0.031250s user + 0.000000s system = 0.031250s CPU (121.0%); Memory(MB): used = 223, reserved = 219, peak = 223;

PHY-1001 : End Stage 1 | Initialize Design; Time: 0.110504s wall, 0.125000s user + 0.000000s system = 0.125000s CPU (113.1%); Memory(MB): used = 223, reserved = 219, peak = 223;

PHY-1001 : Stage 2 | Global Placement
RUN-1001 : Report Control nets information:
RUN-1001 : DFF Distribution
RUN-1001 : -------------------------------------
RUN-1001 :   CE   |  SSR  |  ASR  |  DFF Count  
RUN-1001 : -------------------------------------
RUN-1001 :   No   |  No   |  No   |     620     
RUN-1001 :   No   |  No   |  Yes  |    1704     
RUN-1001 :   No   |  Yes  |  No   |     137     
RUN-1001 :   Yes  |  No   |  No   |     351     
RUN-1001 :   Yes  |  No   |  Yes  |    3542     
RUN-1001 :   Yes  |  Yes  |  No   |     532     
RUN-1001 : -------------------------------------
RUN-1001 : Control Group Statistic
RUN-1001 : -----------------------------
RUN-1001 :   #CLK  |  #CE  |  #SSR/ASR  
RUN-1001 : -----------------------------
RUN-1001 :    11   |  213  |     40     
RUN-1001 : -----------------------------
RUN-0007 : Control Set = 268
PHY-1001 : Stage 2.1 | Place Fixed Instances
PHY-1001 : End Stage 2.1 | Place Fixed Instances; Time: 0.084179s wall, 0.078125s user + 0.000000s system = 0.078125s CPU (92.8%); Memory(MB): used = 227, reserved = 223, peak = 227;

PHY-1001 : Stage 2.2 | Pre-Place DRC Check
PHY-1001 : Stage 2.2.1 | Force Route Constraint Check
PHY-1001 : Check Pass.
PHY-1001 : End Stage 2.2.1 | Force Route Constraint Check; Time: 0.003586s wall, 0.000000s user + 0.000000s system = 0.000000s CPU (n/a%); Memory(MB): used = 227, reserved = 224, peak = 227;

PHY-1001 : End Stage 2.2 | Pre-Place DRC Check; Time: 0.003745s wall, 0.000000s user + 0.000000s system = 0.000000s CPU (n/a%); Memory(MB): used = 227, reserved = 224, peak = 227;

PHY-1001 : Stage 2.3 | Global Placement Step 1
PHY-3001 : Target density is 52%
PHY-1001 : Stage 2.3.1 | Update Timing
RUN-1002 : start command "start_timer"
USR-6001 WARNING: No ports matched 'get_ports clk'
RUN-1101 : create_clock: defined a virtual clock: clk.
USR-6136 CRITICAL-WARNING: 'derive_pll_clocks' is obsolete. Please use 'derive_clocks' instead, which handles more types of clock deriving resources. 
Launching timing wizard will update this command automatically.
USR-6001 WARNING: No ports matched 'get_ports clk'
USR-6001 WARNING: No ports matched 'get_ports clk'
USR-6001 WARNING: No ports matched 'get_ports clk'
USR-6001 WARNING: No pins matched 'get_pins video_pll_m0/pll_inst.clkc[0]'
USR-8124 CRITICAL-WARNING: Rename_clock: please specify object list.
USR-8159 CRITICAL-WARNING: Command rename_clock -name {video_clk} -source [get_ports {clk}] -master_clock {clk} [get_pins {video_pll_m0/pll_inst.clkc[0]}] in C:/Users/Lenovo/Desktop/11_3/10_29_class/q3q4/top.sdc(25) fails.
USR-6136 CRITICAL-WARNING: 'derive_pll_clocks' is obsolete. Please use 'derive_clocks' instead, which handles more types of clock deriving resources. 
Launching timing wizard will update this command automatically.
USR-1002 : Derived clock:  create_generated_clock -name {sys_pll_m0/pll_inst.clkc[0]} -source [get_pins {sys_pll_m0/pll_inst.refclk}] -master_clock {sys_pll_m0/pll_inst.refclk} -multiply_by 2.0000 -duty_cycle 50.0000 [get_pins {sys_pll_m0/pll_inst.clkc[0]}]
USR-1002 : Derived clock:  create_generated_clock -name {u_clk_gen/u_pll_0/pll_inst.clkc[0]} -source [get_pins {u_clk_gen/u_pll_0/pll_inst.refclk}] -master_clock {u_clk_gen/u_pll_0/pll_inst.refclk} -multiply_by 2.5000 -duty_cycle 50.0000 [get_pins {u_clk_gen/u_pll_0/pll_inst.clkc[0]}]
USR-1002 : Derived clock:  create_generated_clock -name {u_clk_gen/u_pll_0/pll_inst.clkc[1]} -source [get_pins {u_clk_gen/u_pll_0/pll_inst.refclk}] -master_clock {u_clk_gen/u_pll_0/pll_inst.refclk} -multiply_by 2.5000 -duty_cycle 50.0000 [get_pins {u_clk_gen/u_pll_0/pll_inst.clkc[1]}]
USR-1002 : Derived clock:  create_generated_clock -name {u_clk_gen/u_pll_0/pll_inst.clkc[4]} -source [get_pins {u_clk_gen/u_pll_0/pll_inst.refclk}] -master_clock {u_clk_gen/u_pll_0/pll_inst.refclk} -multiply_by 2.5000 -phase 90 -duty_cycle 50.0000 [get_pins {u_clk_gen/u_pll_0/pll_inst.clkc[4]}]
USR-1002 : Derived clock:  create_generated_clock -name {u_rx_pll/pll_inst.clkc[0]} -source [get_pins {u_rx_pll/pll_inst.refclk}] -master_clock {u_rx_pll/pll_inst.refclk} -multiply_by 1.0000 -duty_cycle 50.0000 [get_pins {u_rx_pll/pll_inst.clkc[0]}]
USR-1002 : Derived clock:  create_generated_clock -name {u_rx_pll/pll_inst.clkc[1]} -source [get_pins {u_rx_pll/pll_inst.refclk}] -master_clock {u_rx_pll/pll_inst.refclk} -multiply_by 1.0000 -duty_cycle 50.0000 [get_pins {u_rx_pll/pll_inst.clkc[1]}]
USR-1002 : Derived clock:  create_generated_clock -name {u_video_mem_pll/pll_inst.clkc[0]} -source [get_pins {u_video_mem_pll/pll_inst.refclk}] -master_clock {u_video_mem_pll/pll_inst.refclk} -multiply_by 2.5000 -duty_cycle 50.0000 [get_pins {u_video_mem_pll/pll_inst.clkc[0]}]
USR-1002 : Derived clock:  create_generated_clock -name {u_video_mem_pll/pll_inst.clkc[1]} -source [get_pins {u_video_mem_pll/pll_inst.refclk}] -master_clock {u_video_mem_pll/pll_inst.refclk} -multiply_by 2.5000 -phase 90 -duty_cycle 50.0000 [get_pins {u_video_mem_pll/pll_inst.clkc[1]}]
USR-1002 : Derived clock:  create_generated_clock -name {u_video_mem_pll/pll_inst.clkc[2]} -source [get_pins {u_video_mem_pll/pll_inst.refclk}] -master_clock {u_video_mem_pll/pll_inst.refclk} -divide_by 2.0000 -duty_cycle 50.0000 [get_pins {u_video_mem_pll/pll_inst.clkc[2]}]
USR-1002 : Derived clock:  create_generated_clock -name {u_video_mem_pll/pll_inst.clkc[3]} -source [get_pins {u_video_mem_pll/pll_inst.refclk}] -master_clock {u_video_mem_pll/pll_inst.refclk} -multiply_by 2.5000 -duty_cycle 50.0000 [get_pins {u_video_mem_pll/pll_inst.clkc[3]}]
USR-6001 WARNING: No ports matched 'get_ports clk'
USR-6001 WARNING: No ports matched 'get_ports clk'
USR-8125 CRITICAL-WARNING: Rename_clock: cannot find target clock.
USR-8159 CRITICAL-WARNING: Command rename_clock -name {ext_mem_clk} -source [get_ports {clk}] -master_clock {clk} [get_pins {sys_pll_m0/pll_inst.clkc[1]}] in C:/Users/Lenovo/Desktop/11_3/10_29_class/q3q4/top.sdc(24) fails.
RUN-1003 : finish command "start_timer" in  4.058627s wall, 3.765625s user + 0.031250s system = 3.796875s CPU (93.6%)

RUN-1004 : used memory is 341 MB, reserved memory is 336 MB, peak memory is 341 MB
TMR-2502 : Net delay update with mode: Synthesized
USR-6133 CRITICAL-WARNING: Clock definition problem: primary clock sys_pll_m0/pll_inst.refclk is defined on internal clock network. Please use create_generated_clock instead.
USR-6133 CRITICAL-WARNING: Clock definition problem: primary clock u_clk_gen/u_pll_0/pll_inst.refclk is defined on internal clock network. Please use create_generated_clock instead.
USR-6133 CRITICAL-WARNING: Clock definition problem: primary clock u_rx_pll/pll_inst.refclk is defined on internal clock network. Please use create_generated_clock instead.
USR-6133 CRITICAL-WARNING: Clock definition problem: primary clock u_video_mem_pll/pll_inst.refclk is defined on internal clock network. Please use create_generated_clock instead.
PHY-1001 : SWNS: -7291, STNS: -1415708, FEP: 1049
PHY-1001 : End Stage 2.3.1 | Update Timing; Time: 5.964369s wall, 5.578125s user + 0.078125s system = 5.656250s CPU (94.8%); Memory(MB): used = 399, reserved = 393, peak = 399;

PHY-0007 : Cell area utilization is 52%
RUN-1001 : Huge Net Statistic
RUN-1001 : -------------------------------------------------
RUN-1001 :   Fanout  |  Slack  |            Net             
RUN-1001 : -------------------------------------------------
RUN-1001 :    2835   |  -1513  |    u7_rx_fifo/wr_sreset    
RUN-1001 :    1109   |  -1513  |  u_udp_cam_ctrl_cam/rst_n  
RUN-1001 : -------------------------------------------------
PHY-3001 : Clustering ...
PHY-3001 : End clustering;  0.143225s wall, 0.203125s user + 0.031250s system = 0.234375s CPU (163.6%)

PHY-3001 : Target density is 52%
PHY-1001 : Stage 2.3.2 | GP Iteration
PHY-1001 : End Stage 2.3.2 | GP Iteration; Time: 3.747199s wall, 11.203125s user + 1.453125s system = 12.656250s CPU (337.8%); Memory(MB): used = 404, reserved = 398, peak = 404;

PHY-3001 : Multithread accelerating rate: 3.30
PHY-3001 : Low accelerating rate: 3.30. This may happen when it is heavy-loaded.
TMR-2502 : Net delay update with mode: Placed
PHY-3001 : No need to merge 9x9 Dsps.
PHY-1001 : Populate physical database on model top_dual_udp.
PHY-1001 : End Stage 2.3 | Global Placement Step 1; Time: 12.367267s wall, 18.968750s user + 1.578125s system = 20.546875s CPU (166.1%); Memory(MB): used = 407, reserved = 400, peak = 407;

PHY-1001 : Stage 2.4 | RAM/DSP Legalization and Detailed Placement
PHY-1001 : Stage 2.4.1 | Legalization
PHY-3001 : Before Legalized: Len = 378781
PHY-3001 : After Legalized: Len = 386138, Over = 152.531
PHY-1001 : End Stage 2.4.1 | Legalization; Time: 1.980405s wall, 1.843750s user + 0.015625s system = 1.859375s CPU (93.9%); Memory(MB): used = 407, reserved = 400, peak = 407;

PHY-1001 : End Stage 2.4 | RAM/DSP Legalization and Detailed Placement; Time: 1.982411s wall, 1.843750s user + 0.015625s system = 1.859375s CPU (93.8%); Memory(MB): used = 407, reserved = 400, peak = 407;

PHY-1001 : Stage 2.5 | Global Placement Step 2
PHY-3001 : Target density is 59%
PHY-1001 : Stage 2.5.1 | Update Timing
PHY-1001 : SWNS: -9893, STNS: -648671, FEP: 486
PHY-1001 : End Stage 2.5.1 | Update Timing; Time: 0.210894s wall, 0.171875s user + 0.000000s system = 0.171875s CPU (81.5%); Memory(MB): used = 407, reserved = 400, peak = 407;

PHY-1001 : Stage 2.5.2 | Refresh Congestion
RUN-1001 : Generating global routing grids ...
RUN-1001 : Building simple global routing graph ...
PHY-1001 : Generate routing nets ...
PHY-1001 : Reuse net number 0/8565.
PHY-1001 : Global iterations in 20 thread ...
PHY-1002 : len = 428656, over cnt = 1275(3%), over = 7885, worst = 71
PHY-1001 : End global iterations;  1.255311s wall, 2.218750s user + 0.015625s system = 2.234375s CPU (178.0%)

PHY-1001 : Congestion index:
PHY-1001 : top1  = 99.55(S 178.28, N 148.84, E 121.38, W 117.56, I 0.00, O 0.00)
PHY-1001 : top5  = 65.46(S 106.67, N 98.27, E 67.60, W 68.99, I 0.00, O 0.00)
PHY-1001 : top10 = 51.75(S 79.85, N 74.27, E 50.25, W 52.09, I 0.00, O 0.00)
PHY-1001 : top15 = 44.14(S 65.81, N 60.81, E 41.45, W 43.09, I 0.00, O 0.00)
PHY-1001 : End Stage 2.5.2 | Refresh Congestion; Time: 1.654070s wall, 2.593750s user + 0.015625s system = 2.609375s CPU (157.8%); Memory(MB): used = 451, reserved = 445, peak = 451;

PHY-1001 : Stage 2.5.3 | GP Iteration
PHY-1001 : End Stage 2.5.3 | GP Iteration; Time: 5.833926s wall, 19.546875s user + 0.750000s system = 20.296875s CPU (347.9%); Memory(MB): used = 451, reserved = 445, peak = 451;

PHY-3001 : Multithread accelerating rate: 3.47
PHY-3001 : Low accelerating rate: 3.47. This may happen when it is heavy-loaded.
PHY-1001 : End Stage 2.5 | Global Placement Step 2; Time: 10.263472s wall, 24.484375s user + 0.765625s system = 25.250000s CPU (246.0%); Memory(MB): used = 453, reserved = 446, peak = 453;

PHY-1001 : Stage 2.6 | RAM/DSP Detailed Placement
PHY-1001 : End Stage 2.6 | RAM/DSP Detailed Placement; Time: 0.026116s wall, 0.000000s user + 0.000000s system = 0.000000s CPU (n/a%); Memory(MB): used = 453, reserved = 446, peak = 453;

PHY-1001 : Stage 2.7 | Optimize Design
OPT-1001 : Start physical optimization ...
OPT-1001 : Total overflow 578.34 peak overflow 6.66
OPT-1001 : Stage 2.7.1 | Synthesize High-fanout Net
OPT-1001 : Start high-fanout net optimization in pre-pack flow with medium effort ...
OPT-1001 : Update timing in Manhattan mode
OPT-1001 : End timing update;  2.194670s wall, 2.046875s user + 0.000000s system = 2.046875s CPU (93.3%)

OPT-1001 : Start: SWNS -9793 STNS -585604 NUM_FEPS 479
OPT-1001 : Total overflow 578.34 peak overflow 6.66
PHY-1001 : Populate physical database on model top_dual_udp.
OPT-1001 : 34 high-fanout net processed.
PHY-3001 : Start incremental placement ...
PHY-1001 : Populate physical database on model top_dual_udp.
PHY-3001 : Target density is 60%
PHY-3001 : Target density is 60%
PHY-1001 : Stage 2.7.1.1 | Update Timing
PHY-1001 : SWNS: -9793, STNS: -617032, FEP: 481
PHY-1001 : End Stage 2.7.1.1 | Update Timing; Time: 0.261587s wall, 0.187500s user + 0.000000s system = 0.187500s CPU (71.7%); Memory(MB): used = 457, reserved = 450, peak = 457;

PHY-1001 : Stage 2.7.1.2 | Refresh Congestion
RUN-1001 : Generating global routing grids ...
PHY-1001 : Generate routing nets ...
PHY-1001 : Reuse net number 133/15851.
PHY-1001 : Global iterations in 20 thread ...
PHY-1002 : len = 555432, over cnt = 2503(7%), over = 10082, worst = 45
PHY-1001 : End global iterations;  2.045916s wall, 4.250000s user + 0.046875s system = 4.296875s CPU (210.0%)

PHY-1001 : Congestion index:
PHY-1001 : top1  = 67.03(S 132.59, N 106.36, E 92.56, W 92.00, I 0.00, O 0.00)
PHY-1001 : top5  = 54.80(S 90.07, N 78.09, E 71.19, W 68.47, I 0.00, O 0.00)
PHY-1001 : top10 = 48.65(S 73.44, N 65.30, E 60.30, W 57.26, I 0.00, O 0.00)
PHY-1001 : top15 = 44.66(S 64.05, N 57.79, E 53.74, W 50.46, I 0.00, O 0.00)
PHY-1001 : End Stage 2.7.1.2 | Refresh Congestion; Time: 2.394539s wall, 4.500000s user + 0.046875s system = 4.546875s CPU (189.9%); Memory(MB): used = 467, reserved = 460, peak = 467;

PHY-1001 : Stage 2.7.1.3 | GP Iteration
PHY-1001 : End Stage 2.7.1.3 | GP Iteration; Time: 3.233049s wall, 11.796875s user + 0.437500s system = 12.234375s CPU (378.4%); Memory(MB): used = 468, reserved = 461, peak = 468;

PHY-3001 : Multithread accelerating rate: 3.79
PHY-3001 : Low accelerating rate: 3.79. This may happen when it is heavy-loaded.
PHY-3001 : Final: Len = 463017, Over = 125.75
PHY-3001 : End incremental placement;  6.459935s wall, 17.125000s user + 0.484375s system = 17.609375s CPU (272.6%)

OPT-1001 : Total overflow 593.94 peak overflow 5.84
RUN-1001 : HFN opt statistic
RUN-1001 : ------------------------------------------------------
RUN-1001 :   DriverCell type  |  HFN count  |  Duplicated count  
RUN-1001 : ------------------------------------------------------
RUN-1001 :         REG        |     22      |        130         
RUN-1001 :        LUT6        |      0      |         0          
RUN-1001 :        LUT5        |      1      |         18         
RUN-1001 :        LUT4        |      3      |        118         
RUN-1001 :        LUT3        |      3      |         14         
RUN-1001 :        LUT2        |      5      |         37         
RUN-1001 :        TOTAL       |     34      |        317         
RUN-1001 : ------------------------------------------------------
OPT-1001 : End high-fanout net optimization;  13.040489s wall, 23.500000s user + 0.500000s system = 24.000000s CPU (184.0%)

OPT-1001 : Update timing in Manhattan mode
OPT-1001 : End timing update;  2.407383s wall, 2.281250s user + 0.000000s system = 2.281250s CPU (94.8%)

OPT-1001 : Current memory(MB): used = 468, reserved = 461, peak = 468.
OPT-1001 : End Stage 2.7.1 | Synthesize High-fanout Net; Time: 15.703823s wall, 26.015625s user + 0.500000s system = 26.515625s CPU (168.8%); Memory(MB): used = 468, reserved = 461, peak = 468;

OPT-1001 : Stage 2.7.2 | Global Optimization
OPT-1001 : Start global optimization ...
OPT-0007 : Start: SWNS -9793 STNS -590397 NUM_FEPS 482
OPT-1001 : Start congestion update ...
RUN-1001 : Generating global routing grids ...
PHY-1001 : Generate routing nets ...
PHY-1001 : Reuse net number 1956/15452.
PHY-1001 : Global iterations in 20 thread ...
PHY-1002 : len = 530728, over cnt = 2341(6%), over = 6232, worst = 17
PHY-1002 : len = 569072, over cnt = 1951(5%), over = 3871, worst = 14
PHY-1002 : len = 595576, over cnt = 1282(3%), over = 2401, worst = 13
PHY-1002 : len = 623704, over cnt = 567(1%), over = 920, worst = 9
PHY-1002 : len = 646808, over cnt = 3(0%), over = 3, worst = 1
PHY-1001 : End global iterations;  4.736959s wall, 5.984375s user + 0.031250s system = 6.015625s CPU (127.0%)

PHY-1001 : Congestion index:
PHY-1001 : top1  = 53.61(S 71.90, N 68.79, E 64.07, W 63.41, I 0.00, O 0.00)
PHY-1001 : top5  = 46.27(S 58.89, N 57.35, E 53.81, W 55.27, I 0.00, O 0.00)
PHY-1001 : top10 = 42.33(S 53.03, N 50.83, E 48.31, W 50.21, I 0.00, O 0.00)
PHY-1001 : top15 = 39.83(S 49.09, N 46.78, E 44.80, W 46.46, I 0.00, O 0.00)
OPT-1001 : End congestion update;  5.281293s wall, 6.484375s user + 0.031250s system = 6.515625s CPU (123.4%)

OPT-0007 : Iter 1: improved SWNS -9793 STNS -616197 NUM_FEPS 482 with 16 cells processed and 800 slack improved
OPT-0007 : Iter 2: improved SWNS -9793 STNS -584397 NUM_FEPS 482 with 2 cells processed and 200 slack improved
OPT-0007 : Iter 3: improved SWNS -9793 STNS -584397 NUM_FEPS 482 with 0 cells processed and 0 slack improved
OPT-1001 : Overall commit ratio 1.00
OPT-1001 : End global optimization;  5.601498s wall, 6.781250s user + 0.031250s system = 6.812500s CPU (121.6%)

OPT-1001 : Current memory(MB): used = 468, reserved = 461, peak = 468.
OPT-1001 : End Stage 2.7.2 | Global Optimization; Time: 7.384444s wall, 8.406250s user + 0.031250s system = 8.437500s CPU (114.3%); Memory(MB): used = 468, reserved = 461, peak = 468;

OPT-0007 : End flow prepack: SWNS -9793 STNS -584397 NUM_FEPS 482
OPT-1001 : End physical optimization;  23.157697s wall, 34.625000s user + 0.546875s system = 35.171875s CPU (151.9%)

PHY-1001 : End Stage 2.7 | Optimize Design; Time: 23.161387s wall, 34.640625s user + 0.546875s system = 35.187500s CPU (151.9%); Memory(MB): used = 468, reserved = 461, peak = 468;

PHY-1001 : Stage 2.8 | Place Packing
PHY-1001 : Stage 2.8.1 | Packing
SYN-4007 : Packing 0 MUX to BLE ...
SYN-4008 : Packed 0 MUX and 0 SEQ to BLE.
SYN-4007 : Packing 6860 LUT to BLE ...
SYN-4008 : Packed 6860 LUT and 3973 SEQ to BLE.
SYN-4003 : Packing 3043 remaining SEQ's ...
SYN-4005 : Packed 1908 SEQ with LUT/SLICE
SYN-4006 : 1263 single LUT's are left
SYN-4006 : 1135 single SEQ's are left
SYN-4011 : Packing model "top_dual_udp" (AL_USER_NORMAL) with 7995/10008 primitive instances ...
PHY-1001 : Populate physical database on model top_dual_udp.
RUN-1001 : There are total 6432 instances
RUN-1001 : 3126 mslices, 3126 lslices, 121 pads, 26 brams, 17 dsps
RUN-1001 : There are total 16042 nets
RUN-1001 : 10056 nets have 2 pins
RUN-1001 : 4312 nets have [3 - 5] pins
RUN-1001 : 931 nets have [6 - 10] pins
RUN-1001 : 373 nets have [11 - 20] pins
RUN-1001 : 358 nets have [21 - 99] pins
RUN-1001 : 12 nets have 100+ pins
PHY-3001 : Target density is 72%
RUN-1002 : start command "start_timer"
USR-6001 WARNING: No ports matched 'get_ports clk'
RUN-1101 : create_clock: defined a virtual clock: clk.
USR-6136 CRITICAL-WARNING: 'derive_pll_clocks' is obsolete. Please use 'derive_clocks' instead, which handles more types of clock deriving resources. 
Launching timing wizard will update this command automatically.
USR-6001 WARNING: No ports matched 'get_ports clk'
USR-6001 WARNING: No ports matched 'get_ports clk'
USR-6001 WARNING: No ports matched 'get_ports clk'
USR-6001 WARNING: No pins matched 'get_pins video_pll_m0/pll_inst.clkc[0]'
USR-8124 CRITICAL-WARNING: Rename_clock: please specify object list.
USR-8159 CRITICAL-WARNING: Command rename_clock -name {video_clk} -source [get_ports {clk}] -master_clock {clk} [get_pins {video_pll_m0/pll_inst.clkc[0]}] in C:/Users/Lenovo/Desktop/11_3/10_29_class/q3q4/top.sdc(25) fails.
USR-6136 CRITICAL-WARNING: 'derive_pll_clocks' is obsolete. Please use 'derive_clocks' instead, which handles more types of clock deriving resources. 
Launching timing wizard will update this command automatically.
USR-1002 : Derived clock:  create_generated_clock -name {sys_pll_m0/pll_inst.clkc[0]} -source [get_pins {sys_pll_m0/pll_inst.refclk}] -master_clock {sys_pll_m0/pll_inst.refclk} -multiply_by 2.0000 -duty_cycle 50.0000 [get_pins {sys_pll_m0/pll_inst.clkc[0]}]
USR-1002 : Derived clock:  create_generated_clock -name {u_clk_gen/u_pll_0/pll_inst.clkc[0]} -source [get_pins {u_clk_gen/u_pll_0/pll_inst.refclk}] -master_clock {u_clk_gen/u_pll_0/pll_inst.refclk} -multiply_by 2.5000 -duty_cycle 50.0000 [get_pins {u_clk_gen/u_pll_0/pll_inst.clkc[0]}]
USR-1002 : Derived clock:  create_generated_clock -name {u_clk_gen/u_pll_0/pll_inst.clkc[1]} -source [get_pins {u_clk_gen/u_pll_0/pll_inst.refclk}] -master_clock {u_clk_gen/u_pll_0/pll_inst.refclk} -multiply_by 2.5000 -duty_cycle 50.0000 [get_pins {u_clk_gen/u_pll_0/pll_inst.clkc[1]}]
USR-1002 : Derived clock:  create_generated_clock -name {u_clk_gen/u_pll_0/pll_inst.clkc[4]} -source [get_pins {u_clk_gen/u_pll_0/pll_inst.refclk}] -master_clock {u_clk_gen/u_pll_0/pll_inst.refclk} -multiply_by 2.5000 -phase 90 -duty_cycle 50.0000 [get_pins {u_clk_gen/u_pll_0/pll_inst.clkc[4]}]
USR-1002 : Derived clock:  create_generated_clock -name {u_rx_pll/pll_inst.clkc[0]} -source [get_pins {u_rx_pll/pll_inst.refclk}] -master_clock {u_rx_pll/pll_inst.refclk} -multiply_by 1.0000 -duty_cycle 50.0000 [get_pins {u_rx_pll/pll_inst.clkc[0]}]
USR-1002 : Derived clock:  create_generated_clock -name {u_rx_pll/pll_inst.clkc[1]} -source [get_pins {u_rx_pll/pll_inst.refclk}] -master_clock {u_rx_pll/pll_inst.refclk} -multiply_by 1.0000 -duty_cycle 50.0000 [get_pins {u_rx_pll/pll_inst.clkc[1]}]
USR-1002 : Derived clock:  create_generated_clock -name {u_video_mem_pll/pll_inst.clkc[0]} -source [get_pins {u_video_mem_pll/pll_inst.refclk}] -master_clock {u_video_mem_pll/pll_inst.refclk} -multiply_by 2.5000 -duty_cycle 50.0000 [get_pins {u_video_mem_pll/pll_inst.clkc[0]}]
USR-1002 : Derived clock:  create_generated_clock -name {u_video_mem_pll/pll_inst.clkc[1]} -source [get_pins {u_video_mem_pll/pll_inst.refclk}] -master_clock {u_video_mem_pll/pll_inst.refclk} -multiply_by 2.5000 -phase 90 -duty_cycle 50.0000 [get_pins {u_video_mem_pll/pll_inst.clkc[1]}]
USR-1002 : Derived clock:  create_generated_clock -name {u_video_mem_pll/pll_inst.clkc[2]} -source [get_pins {u_video_mem_pll/pll_inst.refclk}] -master_clock {u_video_mem_pll/pll_inst.refclk} -divide_by 2.0000 -duty_cycle 50.0000 [get_pins {u_video_mem_pll/pll_inst.clkc[2]}]
USR-1002 : Derived clock:  create_generated_clock -name {u_video_mem_pll/pll_inst.clkc[3]} -source [get_pins {u_video_mem_pll/pll_inst.refclk}] -master_clock {u_video_mem_pll/pll_inst.refclk} -multiply_by 2.5000 -duty_cycle 50.0000 [get_pins {u_video_mem_pll/pll_inst.clkc[3]}]
USR-6001 WARNING: No ports matched 'get_ports clk'
USR-6001 WARNING: No ports matched 'get_ports clk'
USR-8125 CRITICAL-WARNING: Rename_clock: cannot find target clock.
USR-8159 CRITICAL-WARNING: Command rename_clock -name {ext_mem_clk} -source [get_ports {clk}] -master_clock {clk} [get_pins {sys_pll_m0/pll_inst.clkc[1]}] in C:/Users/Lenovo/Desktop/11_3/10_29_class/q3q4/top.sdc(24) fails.
RUN-1003 : finish command "start_timer" in  4.914731s wall, 4.593750s user + 0.015625s system = 4.609375s CPU (93.8%)

RUN-1004 : used memory is 471 MB, reserved memory is 463 MB, peak memory is 471 MB
PHY-1001 : End Stage 2.8.1 | Packing; Time: 10.341511s wall, 9.343750s user + 0.046875s system = 9.390625s CPU (90.8%); Memory(MB): used = 475, reserved = 468, peak = 475;

PHY-1001 : Stage 2.8.2 | Post Pack GP
PHY-3001 : Target density is 70%
PHY-3001 : Cell area utilization is 70%
PHY-3001 : After packing: Len = 464070, Over = 269.75
PHY-3001 : Target density is 70%
PHY-1001 : Stage 2.8.2.1 | Update Timing
PHY-1001 : SWNS: -9843, STNS: -489609, FEP: 331
PHY-1001 : End Stage 2.8.2.1 | Update Timing; Time: 0.199911s wall, 0.156250s user + 0.000000s system = 0.156250s CPU (78.2%); Memory(MB): used = 477, reserved = 469, peak = 477;

PHY-1001 : Stage 2.8.2.2 | Refresh Congestion
RUN-1001 : Generating global routing grids ...
PHY-1001 : Generate routing nets ...
PHY-1001 : Reuse net number 7113/12878.
PHY-1001 : Global iterations in 20 thread ...
PHY-1002 : len = 598416, over cnt = 1495(4%), over = 2781, worst = 9
PHY-1002 : len = 611120, over cnt = 1030(2%), over = 1652, worst = 8
PHY-1002 : len = 628208, over cnt = 364(1%), over = 512, worst = 8
PHY-1002 : len = 633120, over cnt = 175(0%), over = 231, worst = 7
PHY-1002 : len = 637784, over cnt = 12(0%), over = 16, worst = 3
PHY-1001 : End global iterations;  3.238291s wall, 3.781250s user + 0.015625s system = 3.796875s CPU (117.2%)

PHY-1001 : Congestion index:
PHY-1001 : top1  = 55.14(S 74.31, N 69.96, E 61.55, W 62.80, I 0.00, O 0.00)
PHY-1001 : top5  = 46.55(S 60.38, N 57.81, E 52.12, W 53.69, I 0.00, O 0.00)
PHY-1001 : top10 = 42.32(S 53.82, N 51.16, E 46.91, W 48.22, I 0.00, O 0.00)
PHY-1001 : top15 = 39.53(S 49.46, N 47.01, E 43.35, W 44.41, I 0.00, O 0.00)
PHY-1001 : End Stage 2.8.2.2 | Refresh Congestion; Time: 3.883229s wall, 4.375000s user + 0.046875s system = 4.421875s CPU (113.9%); Memory(MB): used = 480, reserved = 473, peak = 480;

PHY-1001 : Stage 2.8.2.3 | GP Iteration
PHY-1001 : End Stage 2.8.2.3 | GP Iteration; Time: 3.197157s wall, 8.656250s user + 0.531250s system = 9.187500s CPU (287.4%); Memory(MB): used = 480, reserved = 473, peak = 480;

PHY-3001 : Multithread accelerating rate: 2.87
PHY-3001 : Low accelerating rate: 2.87. This may happen when it is heavy-loaded.
PHY-1001 : End Stage 2.8.2 | Post Pack GP; Time: 7.309183s wall, 13.203125s user + 0.578125s system = 13.781250s CPU (188.5%); Memory(MB): used = 480, reserved = 473, peak = 480;

PHY-1001 : End Stage 2.8 | Place Packing; Time: 17.651090s wall, 22.546875s user + 0.625000s system = 23.171875s CPU (131.3%); Memory(MB): used = 480, reserved = 473, peak = 480;

PHY-1001 : Stage 2.9 | Legalization
PHY-3001 : Before Legalized: Len = 580508
PHY-3001 : After Legalized: Len = 651911, Over = 0
PHY-1001 : End Stage 2.9 | Legalization; Time: 0.055104s wall, 0.062500s user + 0.000000s system = 0.062500s CPU (113.4%); Memory(MB): used = 480, reserved = 473, peak = 480;

PHY-1001 : Stage 2.10 | Global Placement Step 3
PHY-3001 : Target density is 68%
PHY-1001 : Stage 2.10.1 | Update Timing
PHY-1001 : SWNS: -9843, STNS: -482312, FEP: 337
PHY-1001 : End Stage 2.10.1 | Update Timing; Time: 2.100304s wall, 1.875000s user + 0.015625s system = 1.890625s CPU (90.0%); Memory(MB): used = 482, reserved = 475, peak = 482;

PHY-1001 : Stage 2.10.2 | Refresh Congestion
RUN-1001 : Generating global routing grids ...
PHY-1001 : Generate routing nets ...
PHY-1001 : Reuse net number 262/13614.
PHY-1001 : Global iterations in 20 thread ...
PHY-1002 : len = 740192, over cnt = 2141(6%), over = 3755, worst = 7
PHY-1002 : len = 765320, over cnt = 1291(3%), over = 1882, worst = 7
PHY-1002 : len = 786432, over cnt = 322(0%), over = 416, worst = 6
PHY-1002 : len = 791248, over cnt = 82(0%), over = 100, worst = 4
PHY-1002 : len = 792880, over cnt = 0(0%), over = 0, worst = 0
PHY-1001 : End global iterations;  5.889676s wall, 6.234375s user + 0.015625s system = 6.250000s CPU (106.1%)

PHY-1001 : Congestion index:
PHY-1001 : top1  = 51.27(S 68.45, N 66.83, E 61.10, W 62.82, I 0.00, O 0.00)
PHY-1001 : top5  = 45.90(S 58.92, N 57.75, E 52.46, W 54.95, I 0.00, O 0.00)
PHY-1001 : top10 = 43.05(S 54.41, N 52.85, E 48.06, W 49.99, I 0.00, O 0.00)
PHY-1001 : top15 = 41.09(S 51.60, N 49.74, E 44.92, W 46.55, I 0.00, O 0.00)
PHY-1001 : End Stage 2.10.2 | Refresh Congestion; Time: 6.614301s wall, 6.812500s user + 0.015625s system = 6.828125s CPU (103.2%); Memory(MB): used = 493, reserved = 486, peak = 493;

PHY-1001 : Stage 2.10.3 | GP Iteration
PHY-1001 : End Stage 2.10.3 | GP Iteration; Time: 1.763299s wall, 4.281250s user + 0.375000s system = 4.656250s CPU (264.1%); Memory(MB): used = 494, reserved = 486, peak = 494;

PHY-3001 : Multithread accelerating rate: 2.64
PHY-3001 : Low accelerating rate: 2.64. This may happen when it is heavy-loaded.
PHY-1001 : End Stage 2.10 | Global Placement Step 3; Time: 10.560391s wall, 13.031250s user + 0.421875s system = 13.453125s CPU (127.4%); Memory(MB): used = 494, reserved = 487, peak = 494;

PHY-1001 : Stage 2.11 | Final Legalization
PHY-3001 : Before Legalized: Len = 596256
PHY-3001 : After Legalized: Len = 621267, Over = 0
PHY-1001 : End Stage 2.11 | Final Legalization; Time: 0.048003s wall, 0.046875s user + 0.000000s system = 0.046875s CPU (97.7%); Memory(MB): used = 494, reserved = 487, peak = 494;

PHY-1001 : End Stage 2 | Global Placement; Time: 76.243554s wall, 115.734375s user + 3.953125s system = 119.687500s CPU (157.0%); Memory(MB): used = 494, reserved = 487, peak = 494;

PHY-1001 : Stage 3 | Detailed Placement
PHY-1001 : Stage 3.1 | SLICE Detailed Placement
PHY-1001 : Stage 3.1.1 | Spreading
PHY-3001 : Spreading special nets. 156 overflows in 2952 tiles.
PHY-3001 : End spreading;  0.104094s wall, 0.109375s user + 0.000000s system = 0.109375s CPU (105.1%)

PHY-1001 : End Stage 3.1.1 | Spreading; Time: 0.104281s wall, 0.109375s user + 0.000000s system = 0.109375s CPU (104.9%); Memory(MB): used = 495, reserved = 488, peak = 495;

PHY-3001 : Final: Len = 624085, Over = 0
PHY-1001 : End Stage 3.1 | SLICE Detailed Placement; Time: 2.263145s wall, 2.000000s user + 0.000000s system = 2.000000s CPU (88.4%); Memory(MB): used = 495, reserved = 488, peak = 495;

PHY-3001 : BANK 5 DIFFRESISTOR:NONE VOD:350M VCM:1.2
PHY-3001 : End Detailed Place; 
PHY-1001 : Stage 3.2 | Optimize Design
OPT-1001 : Start physical optimization ...
OPT-1001 : Total overflow 0.00 peak overflow 0.00
OPT-1001 : Stage 3.2.1 | Physical Optimization
OPT-1001 : Start high-fanout net optimization in optimize equivalent flow with medium effort ...
OPT-1001 : Clean unloaded insts before merging registers
PHY-1001 : Populate physical database on model top_dual_udp.
PHY-1001 : Populate physical database on model top_dual_udp.
PHY-1001 : Populate physical database on model top_dual_udp.
OPT-1001 : Total overflow 0.00 peak overflow 0.00
OPT-1001 : End optimize duplicated nets. Total 183 instances are merged and 3253 sinks are reconnected,  0.548378s wall, 0.421875s user + 0.000000s system = 0.421875s CPU (76.9%)

OPT-1001 : End high-fanout net optimization;  0.549903s wall, 0.421875s user + 0.000000s system = 0.421875s CPU (76.7%)

OPT-1001 : Update timing in Manhattan mode
RUN-1002 : start command "start_timer"
RUN-1003 : finish command "start_timer" in  2.135481s wall, 1.937500s user + 0.000000s system = 1.937500s CPU (90.7%)

RUN-1004 : used memory is 495 MB, reserved memory is 488 MB, peak memory is 495 MB
OPT-1001 : End timing update;  4.224691s wall, 3.906250s user + 0.000000s system = 3.906250s CPU (92.5%)

OPT-1001 : Current memory(MB): used = 495, reserved = 488, peak = 495.
OPT-1001 : End Stage 3.2.1 | Physical Optimization; Time: 4.993624s wall, 4.531250s user + 0.015625s system = 4.546875s CPU (91.1%); Memory(MB): used = 495, reserved = 488, peak = 495;

OPT-1001 : Stage 3.2.2 | Synthesize High-fanout Net
OPT-1001 : Start high-fanout net optimization in post-pack flow with medium effort ...
OPT-1001 : Start: SWNS -9793 STNS -483235 NUM_FEPS 337
OPT-1001 : Total overflow 0.00 peak overflow 0.00
PHY-1001 : Populate physical database on model top_dual_udp.
OPT-1001 : 31 high-fanout net processed.
OPT-1001 : Total overflow 0.00 peak overflow 0.00
RUN-1001 : HFN opt statistic
RUN-1001 : ------------------------------------------------------
RUN-1001 :   DriverCell type  |  HFN count  |  Duplicated count  
RUN-1001 : ------------------------------------------------------
RUN-1001 :       LSLICE       |      0      |         0          
RUN-1001 :       MSLICE       |      0      |         0          
RUN-1001 :        OTHER       |     31      |        146         
RUN-1001 :        TOTAL       |     31      |        146         
RUN-1001 : ------------------------------------------------------
OPT-1001 : End high-fanout net optimization;  4.225144s wall, 3.968750s user + 0.015625s system = 3.984375s CPU (94.3%)

OPT-1001 : Current memory(MB): used = 495, reserved = 488, peak = 495.
OPT-1001 : End Stage 3.2.2 | Synthesize High-fanout Net; Time: 4.486631s wall, 4.171875s user + 0.031250s system = 4.203125s CPU (93.7%); Memory(MB): used = 495, reserved = 488, peak = 495;

OPT-1001 : Stage 3.2.3 | Optimize Path
OPT-1001 : Start path based optimization ...
OPT-0007 : Start: SWNS -9793 STNS -502575 NUM_FEPS 340 with mode 0
OPT-1001 : Start congestion update ...
RUN-1001 : Generating global routing grids ...
PHY-1001 : Generate routing nets ...
PHY-1001 : Reuse net number 3760/13471.
PHY-1001 : Global iterations in 20 thread ...
PHY-1002 : len = 723712, over cnt = 1956(5%), over = 3205, worst = 7
PHY-1002 : len = 740744, over cnt = 1273(3%), over = 1876, worst = 7
PHY-1002 : len = 760008, over cnt = 417(1%), over = 582, worst = 7
PHY-1002 : len = 766024, over cnt = 159(0%), over = 219, worst = 7
PHY-1002 : len = 768432, over cnt = 0(0%), over = 0, worst = 0
PHY-1001 : End global iterations;  5.114262s wall, 4.953125s user + 0.000000s system = 4.953125s CPU (96.8%)

PHY-1001 : Congestion index:
PHY-1001 : top1  = 48.79(S 66.12, N 66.55, E 60.04, W 59.94, I 0.00, O 0.00)
PHY-1001 : top5  = 44.36(S 57.64, N 56.35, E 51.63, W 53.33, I 0.00, O 0.00)
PHY-1001 : top10 = 41.61(S 53.34, N 51.69, E 47.03, W 48.87, I 0.00, O 0.00)
PHY-1001 : top15 = 39.71(S 50.30, N 48.71, E 44.05, W 45.61, I 0.00, O 0.00)
OPT-1001 : End congestion update;  5.883398s wall, 5.656250s user + 0.000000s system = 5.656250s CPU (96.1%)

PHY-3001 : Start incremental legalization ...
PHY-1001 : Populate physical database on model top_dual_udp.
PHY-7002 CRITICAL-WARNING: Instance u_sdram_ip/sdram location (12, 12) is not honored. Cell's initial location is not legal at the beginning of ECO placement, and will be moved during placement. Please verify user location constraints through the adc file.
PHY-3001 : Target density is 65%
PHY-3001 : Target density is 71%
PHY-3001 : Initial: Len = 636813, Over = 0
PHY-3001 : End spreading;  0.075070s wall, 0.046875s user + 0.000000s system = 0.046875s CPU (62.4%)

PHY-3001 : Final: Len = 636813, Over = 0
PHY-3001 : End incremental legalization;  0.553708s wall, 0.515625s user + 0.000000s system = 0.515625s CPU (93.1%)

OPT-0007 : Iter 1: improved SWNS -9793 STNS -502575 NUM_FEPS 340 with 131(6338) cells and 3198(3198) paths processed with 22284 slack improved, crit_thod: -2 ratio: 0.99(131/132) rt: 2.4s
OPT-0007 : Iter 2: improved SWNS -9793 STNS -502575 NUM_FEPS 340 with 0(0) cells and 0(0) paths processed with 0 slack improved, crit_thod: -75 ratio: -1.00(0/0) rt: 0.0s
OPT-1001 : End path based optimization;  8.316328s wall, 8.046875s user + 0.000000s system = 8.046875s CPU (96.8%)

OPT-1001 : Update timing in Manhattan mode
OPT-1001 : End timing update;  2.555579s wall, 2.218750s user + 0.000000s system = 2.218750s CPU (86.8%)

OPT-1001 : Current memory(MB): used = 506, reserved = 496, peak = 506.
OPT-1001 : End Stage 3.2.3 | Optimize Path; Time: 11.185474s wall, 10.515625s user + 0.000000s system = 10.515625s CPU (94.0%); Memory(MB): used = 506, reserved = 496, peak = 506;

OPT-1001 : Stage 3.2.4 | Optimize Duplicated Nets
OPT-1001 : Start: WNS -8643 TNS -453526 NUM_FEPS 336
OPT-1001 : Clean unloaded insts before merging registers
PHY-1001 : Populate physical database on model top_dual_udp.
PHY-1001 : Populate physical database on model top_dual_udp.
OPT-1001 : Total overflow 0.00 peak overflow 0.00
OPT-1001 : End optimize duplicated nets. Total 24 instances are merged and 2797 sinks are reconnected,  1.150123s wall, 1.000000s user + 0.000000s system = 1.000000s CPU (86.9%)

OPT-1001 : Update timing in Manhattan mode
RUN-1002 : start command "start_timer"
RUN-1003 : finish command "start_timer" in  2.179233s wall, 1.671875s user + 0.000000s system = 1.671875s CPU (76.7%)

RUN-1004 : used memory is 506 MB, reserved memory is 496 MB, peak memory is 506 MB
OPT-1001 : End timing update;  4.237368s wall, 3.453125s user + 0.015625s system = 3.468750s CPU (81.9%)

OPT-1001 : Current memory(MB): used = 506, reserved = 496, peak = 506.
OPT-1001 : End Stage 3.2.4 | Optimize Duplicated Nets; Time: 5.622799s wall, 4.687500s user + 0.015625s system = 4.703125s CPU (83.6%); Memory(MB): used = 506, reserved = 496, peak = 506;

OPT-1001 : Stage 3.2.5 | Swap Pins
OPT-1001 : Start pin optimization...
OPT-1001 : skip pin optimization...
OPT-1001 : Current memory(MB): used = 506, reserved = 496, peak = 506.
OPT-1001 : End Stage 3.2.5 | Swap Pins; Time: 0.248188s wall, 0.218750s user + 0.000000s system = 0.218750s CPU (88.1%); Memory(MB): used = 506, reserved = 496, peak = 506;

OPT-0007 : End flow postpack: SWNS -8643 STNS -446876 NUM_FEPS 330
RUN-1001 : Generating global routing grids ...
PHY-1001 : Generate routing nets ...
PHY-1001 : Reuse net number 12998/13438.
PHY-1001 : Global iterations in 20 thread ...
PHY-1002 : len = 773904, over cnt = 424(1%), over = 515, worst = 6
PHY-1002 : len = 776560, over cnt = 243(0%), over = 269, worst = 4
PHY-1002 : len = 779440, over cnt = 43(0%), over = 43, worst = 1
PHY-1002 : len = 780160, over cnt = 3(0%), over = 3, worst = 1
PHY-1002 : len = 780192, over cnt = 0(0%), over = 0, worst = 0
PHY-1001 : End global iterations;  1.063931s wall, 1.171875s user + 0.000000s system = 1.171875s CPU (110.1%)

PHY-1001 : Congestion index:
PHY-1001 : top1  = 50.21(S 66.12, N 66.57, E 60.28, W 62.00, I 0.00, O 0.00)
PHY-1001 : top5  = 45.48(S 57.78, N 57.13, E 51.86, W 54.78, I 0.00, O 0.00)
PHY-1001 : top10 = 42.55(S 53.54, N 52.38, E 47.19, W 49.84, I 0.00, O 0.00)
PHY-1001 : top15 = 40.51(S 50.54, N 49.34, E 44.19, W 46.47, I 0.00, O 0.00)
RUN-1001 : QoR Analysis:
OPT-0007 :   SWNS -8643 STNS -446876 NUM_FEPS 330
RUN-1001 :   No local congestion issue, and most congested 1% tile average routing util is 49.758621
RUN-1001 :   Top critical paths
RUN-1001 :       #1 path slack -8643ps with logic level 2 
RUN-1001 :       #2 path slack -8643ps with logic level 2 
RUN-1001 :       #3 path slack -8643ps with logic level 2 
RUN-1001 :       #4 path slack -8643ps with logic level 2 
RUN-1001 :       #5 path slack -8593ps with logic level 2 
RUN-1001 :       #6 path slack -8593ps with logic level 2 
RUN-1001 :       #7 path slack -8543ps with logic level 2 
RUN-1001 :       #8 path slack -8543ps with logic level 2 
RUN-1001 :   0 HFN exist on timing critical paths out of 15956 nets
RUN-1001 :   0 long nets exist on timing critical paths out of 15956 nets
OPT-1001 : End physical optimization;  28.604140s wall, 26.156250s user + 0.062500s system = 26.218750s CPU (91.7%)

PHY-1001 : End Stage 3.2 | Optimize Design; Time: 28.604514s wall, 26.156250s user + 0.062500s system = 26.218750s CPU (91.7%); Memory(MB): used = 506, reserved = 496, peak = 506;

PHY-1001 : End Stage 3 | Detailed Placement; Time: 30.903549s wall, 28.187500s user + 0.062500s system = 28.250000s CPU (91.4%); Memory(MB): used = 506, reserved = 496, peak = 506;

PHY-1001 : Stage 4 | Optimize Design
PHY-3001 : Start incremental legalization ...
PHY-1001 : Populate physical database on model top_dual_udp.
PHY-7002 CRITICAL-WARNING: Instance u_sdram_ip/sdram location (164, 288) is not honored. Cell's initial location is not legal at the beginning of ECO placement, and will be moved during placement. Please verify user location constraints through the adc file.
PHY-3001 : Target density is 64%
PHY-3001 : Target density is 70%
PHY-3001 : Initial: Len = 629877, Over = 0
PHY-1001 : Stage 4.1 | Spreading
PHY-3001 : End spreading;  0.066821s wall, 0.078125s user + 0.000000s system = 0.078125s CPU (116.9%)

PHY-1001 : End Stage 4.1 | Spreading; Time: 0.067130s wall, 0.078125s user + 0.000000s system = 0.078125s CPU (116.4%); Memory(MB): used = 506, reserved = 496, peak = 506;

PHY-3001 : Final: Len = 629877, Over = 0
PHY-3001 : End incremental legalization;  0.565037s wall, 0.468750s user + 0.000000s system = 0.468750s CPU (83.0%)

RUN-1002 : start command "report_qor -step place -file place.qor"
RUN-1002 : start command "start_timer"
RUN-1003 : finish command "start_timer" in  2.152214s wall, 2.000000s user + 0.031250s system = 2.031250s CPU (94.4%)

RUN-1004 : used memory is 506 MB, reserved memory is 496 MB, peak memory is 506 MB
RUN-1001 : Generating global routing grids ...
-----------------------------------------------------------
| QoR metrics               |         value               |
-----------------------------------------------------------
| Timing                    |                             |
|     Setup WNS             |        -8643                |
|     Setup TNS             |      -446876                |
|     Num of violated S-EP  |          330                |
|     FMAX                  |    60.085MHz                |
|     SWNS path clock period |       8000ps                |
|     Hold WNS              |          -11                |
|     Hold TNS              |          -11                |
|     Num of violated H-EP  |            1                |
-----------------------------------------------------------
| Routing Resource          |                             |
|     Wire length           |       627177                |
-----------------------------------------------------------
| Utilization               |                             |
|     #slices               |         6353                |
|     slices percentage     |       64.83%                |
|     #RAMs                 |           26                |
|     #DSPs                 |           17                |
|     #DRAMHARDCON          |            0                |
-----------------------------------------------------------
| Congestion                |                             |
|     Top 1% tile util      |           47                |
|     Top 1% tile avg util  |       49.76%                |
|     Over 100% util #tile  |            0                |
-----------------------------------------------------------
Report place stage QoR done.

RUN-1003 : finish command "report_qor -step place -file place.qor" in  5.062915s wall, 4.890625s user + 0.046875s system = 4.937500s CPU (97.5%)

RUN-1004 : used memory is 507 MB, reserved memory is 496 MB, peak memory is 507 MB
PHY-1001 : End Stage 4 | Optimize Design; Time: 5.643568s wall, 5.375000s user + 0.046875s system = 5.421875s CPU (96.1%); Memory(MB): used = 507, reserved = 496, peak = 507;

PHY-1001 : Stage 5 | DRC Check
PHY-1001 : Stage 5.1 | Force Route Constraint Check
PHY-1001 : Check Pass.
PHY-1001 : End Stage 5.1 | Force Route Constraint Check; Time: 0.003865s wall, 0.000000s user + 0.000000s system = 0.000000s CPU (n/a%); Memory(MB): used = 507, reserved = 496, peak = 507;

PHY-1001 : Stage 5.2 | Duplicated SelfDriven Check
PHY-1001 : Check pass.
PHY-1001 : End Stage 5.2 | Duplicated SelfDriven Check; Time: 0.061364s wall, 0.062500s user + 0.000000s system = 0.062500s CPU (101.9%); Memory(MB): used = 507, reserved = 496, peak = 507;

PHY-1001 : Stage 5.3 | Clock Rule Check
PHY-1001 : End Stage 5.3 | Clock Rule Check; Time: 0.001480s wall, 0.000000s user + 0.000000s system = 0.000000s CPU (n/a%); Memory(MB): used = 507, reserved = 496, peak = 507;

PHY-1001 : End Stage 5 | DRC Check; Time: 0.124378s wall, 0.109375s user + 0.000000s system = 0.109375s CPU (87.9%); Memory(MB): used = 507, reserved = 496, peak = 507;

OPT-1001 : QoR tracer report on placement steps:
    SWNS [   incr ]     STNS [    incr ]    FEPS [   incr ]    CRIT [   incr ]      CELL [     incr ]        WL [     incr ]    CONG [   incr ]    PDES [   incr ]   RT(s) [   incr ]   MEM(mb) [     incr ]
       0 [      0 ]        0 [       0 ]       0 [      0 ]       0 [      0 ]     15569 [        0 ]         0 [        0 ]    0.00 [   0.00 ]       0 [      0 ]       0 [      0 ]       222 [        0 ] : preplace:simplify_lut
       0 [      0 ]        0 [       0 ]       0 [      0 ]       0 [      0 ]     15569 [        0 ]         0 [        0 ]    0.00 [   0.00 ]       0 [      0 ]       0 [      0 ]       222 [        0 ] : preplace:sweep
       0 [      0 ]        0 [       0 ]       0 [      0 ]       0 [      0 ]     15569 [        0 ]         0 [        0 ]    0.00 [   0.00 ]       0 [      0 ]       0 [      0 ]       222 [        0 ] : preplace:hfn_opt
   -9893 [  -9893 ]  -647187 [ -647187 ]     488 [    488 ]    2659 [   2659 ]     15572 [        3 ]    375398 [   375398 ]    0.00 [   0.00 ]       0 [      0 ]      12 [     12 ]       406 [      184 ] : step1_gp
   -9893 [      0 ]  -648671 [   -1484 ]     486 [     -2 ]    2605 [    -54 ]     15572 [        0 ]    382882 [     7484 ]    0.00 [   0.00 ]       0 [      0 ]      14 [      2 ]       407 [        1 ] : step1_legal
   -9793 [    100 ]  -585604 [   63067 ]     479 [     -7 ]    2592 [    -13 ]     15572 [        0 ]    458283 [    75401 ]   99.14 [  99.14 ]       0 [      0 ]      24 [     10 ]       453 [       46 ] : step2_gp
   -9793 [      0 ]  -590397 [   -4793 ]     482 [      3 ]    2677 [     85 ]     15889 [      317 ]    459518 [     1235 ]   66.59 [ -32.55 ]       0 [      0 ]      40 [     16 ]       468 [       15 ] : prepack:hfn_opt
   -9793 [      0 ]  -584397 [    6000 ]     482 [      0 ]    2665 [    -12 ]     15889 [        0 ]    459681 [      163 ]   53.21 [ -13.38 ]       0 [      0 ]      47 [      7 ]       468 [        0 ] : prepack:global_opt
   -9843 [    -50 ]  -489609 [   94788 ]     331 [   -151 ]    2637 [    -28 ]      6432 [    -9457 ]    461353 [     1672 ]   53.21 [   0.00 ]       0 [      0 ]      58 [     11 ]       475 [        7 ] : pack
   -9793 [     50 ]  -482321 [    7288 ]     337 [      6 ]    2481 [   -156 ]      6432 [        0 ]    618551 [   157198 ]   50.90 [  -2.31 ]       0 [      0 ]      78 [     20 ]       495 [       20 ] : post_pack_place
   -9793 [      0 ]  -482271 [      50 ]     337 [      0 ]    2481 [      0 ]      6432 [        0 ]    621369 [     2818 ]   50.90 [   0.00 ]       0 [      0 ]      80 [      2 ]       495 [        0 ] : post_pack_spreading
   -9793 [      0 ]  -483235 [    -964 ]     337 [      0 ]    2487 [      6 ]      6408 [      -24 ]    599609 [   -21760 ]   50.90 [   0.00 ]       0 [      0 ]      85 [      5 ]       495 [        0 ] : postpack:optimize_equivalent_quick
   -9793 [      0 ]  -502575 [  -19340 ]     340 [      3 ]    2419 [    -68 ]      6554 [      146 ]    618112 [    18503 ]   50.90 [   0.00 ]       0 [      0 ]      90 [      5 ]       495 [        0 ] : postpack:hfn_opt
   -8643 [   1150 ]  -453526 [   49049 ]     336 [     -4 ]    2424 [      5 ]      6554 [        0 ]    634108 [    15996 ]   48.24 [  -2.66 ]       0 [      0 ]     101 [     11 ]       506 [       11 ] : postpack:path_opt
   -8643 [      0 ]  -446876 [    6650 ]     330 [     -6 ]    2426 [      2 ]      6534 [      -20 ]    627177 [    -6931 ]   48.24 [   0.00 ]       0 [      0 ]     107 [      6 ]       506 [        0 ] : postpack:optimize_equivalent
   -8643 [      0 ]  -446876 [       0 ]     330 [      0 ]    2426 [      0 ]      6534 [        0 ]    627177 [        0 ]   48.24 [   0.00 ]       0 [      0 ]     107 [      0 ]       506 [        0 ] : postpack:pin_opt

RUN-1003 : finish command "place" in  115.301838s wall, 151.609375s user + 4.078125s system = 155.687500s CPU (135.0%)

RUN-1004 : used memory is 507 MB, reserved memory is 496 MB, peak memory is 507 MB
RUN-1002 : start command "update_timing -mode manhattan"
RUN-1002 : start command "start_timer"
RUN-1003 : finish command "start_timer" in  2.222768s wall, 1.765625s user + 0.015625s system = 1.781250s CPU (80.1%)

RUN-1004 : used memory is 507 MB, reserved memory is 496 MB, peak memory is 507 MB
RUN-1003 : finish command "update_timing -mode manhattan" in  4.232198s wall, 3.546875s user + 0.015625s system = 3.562500s CPU (84.2%)

RUN-1004 : used memory is 507 MB, reserved memory is 496 MB, peak memory is 507 MB
RUN-1002 : start command "report_timing_summary -file q4_place.timing"
RUN-1002 : start command "report_area -io_info -file q4_phy.area"
RUN-1001 : standard
***Report Model: top_dual_udp Device: EG4S20BG256***

IO Statistics
#IO                        62   out of    188   32.98%
  #input                   25
  #output                  36
  #inout                    1
#virtual IO                 1
  #input                    0
  #output                   0
  #inout                    0

Utilization Statistics
#lut                    10849   out of  19600   55.35%
#reg                     7179   out of  19600   36.63%
#le                     11959
  #lut only              4780   out of  11959   39.97%
  #reg only              1110   out of  11959    9.28%
  #lut&reg               6069   out of  11959   50.75%
#bram                      26   out of     64   40.62%
  #bram9k                  26
  #fifo9k                   0
#bram32k                    0   out of     16    0.00%
#dsp                       17   out of     29   58.62%
#pad                       66   out of    188   35.11%
  #ireg                    17
  #oreg                    34
  #treg                     0
#pll                        4   out of      4  100.00%
#gclk                       8   out of     16   50.00%

RUN-1002 : start command "flow_status -file place_flow.status"
Location         : C:\Users\Lenovo\Desktop\11_3\10_29_class\q3q4\q4_Runs\phy_1
Running with     : Tang Dynasty v6.2.168116
                   Copyright (c) 2012-2025 Anlogic Inc.
Top Model        : top_dual_udp
Device           : EG4S20BG256
Speed            : NA

Timing Mode      : manhattan
Setup            : WNS -8643ps  TNS  -446876ps  NUM_FEPS   330
Hold             : WNS   -11ps  TNS      -11ps  NUM_FEPS     1

Flow Statistics  :
RUN-1001 : Flow Statistics:
RUN-1001 : ----------------------------------------------------------------------------------------------------
RUN-1001 :      command     |  #calls  |   wall time   |  cpu time(s)  |  used memory(mb)  |  peak memory(mb)  
RUN-1001 : ----------------------------------------------------------------------------------------------------
RUN-1001 :       place      |    1     |  1m55s(100%)  |   155(100%)   |        507        |        507        
RUN-1001 :     import_db    |    1     |    0s(0%)     |     0(0%)     |        220        |        220        
RUN-1001 :   import_device  |    1     |    0s(0%)     |     0(0%)     |        83         |        83         
RUN-1001 : ----------------------------------------------------------------------------------------------------
RUN-1001 :       total      |    3     |     1m55s     |      155      |        507        |        507        
RUN-1001 : ----------------------------------------------------------------------------------------------------
RUN-1002 : start command "report_clock_utilization -file place_clock_utilization.txt"
RUN-1001 : Device not support command report_clock_utilization.
RUN-1002 : start command "export_db q4_place.db"
RUN-1001 : Exported flow parameters
RUN-1001 : Exported /
RUN-1001 : Exported libs
RUN-1001 : Exported entities
RUN-1001 : Exported ports
RUN-1001 : Exported pins
RUN-1001 : Exported instances
RUN-1001 : Exported nets
RUN-1001 : Exported buses
RUN-1001 : Exported models
RUN-1001 : Exported phy database
RUN-1001 : Exported packer
RUN-1001 : Exported congestions
RUN-1001 : Exported violations
RUN-1001 : Exported ATMR Setting
RUN-1001 : Exported timing constraints
RUN-1001 : Exported IO constraints
RUN-1001 : Exported Inst constraints
RUN-1001 : Exported ChipWatcher
RUN-1003 : finish command "export_db q4_place.db" in  1.106159s wall, 1.515625s user + 0.000000s system = 1.515625s CPU (137.0%)

RUN-1004 : used memory is 525 MB, reserved memory is 625 MB, peak memory is 525 MB
RUN-1002 : start command "commit_param -step route"
RUN-1001 : Print Global Property
RUN-1001 : --------------------------------------------------------
RUN-1001 :   Parameters   |  Settings  |  Default Values  |  Note  
RUN-1001 : --------------------------------------------------------
RUN-1001 :   enable_seed  |    off     |       off        |        
RUN-1001 :     message    |  standard  |     standard     |        
RUN-1001 :   qor_monitor  |     on     |        on        |        
RUN-1001 :   syn_ip_flow  |    off     |       off        |        
RUN-1001 :     thread     |    auto    |       auto       |        
RUN-1001 : --------------------------------------------------------
RUN-1001 : Print Route Property
RUN-1001 : -------------------------------------------------------
RUN-1001 :   Parameters  |  Settings  |  Default Values  |  Note  
RUN-1001 : -------------------------------------------------------
RUN-1001 :     effort    |   normal   |      normal      |        
RUN-1001 :    fix_hold   |     on     |        on        |        
RUN-1001 :     timing    |     on     |        on        |        
RUN-1001 : -------------------------------------------------------
RUN-1002 : start command "route"
RUN-1001 : Open license file E:/anlu/license/Anlogic.lic
PHY-1001 : Route runs in 20 thread(s)
RUN-1001 : There are total 6534 instances
RUN-1001 : 3155 mslices, 3198 lslices, 121 pads, 26 brams, 17 dsps
RUN-1001 : There are total 15956 nets
RUN-1001 : 10031 nets have 2 pins
RUN-1001 : 4320 nets have [3 - 5] pins
RUN-1001 : 946 nets have [6 - 10] pins
RUN-1001 : 339 nets have [11 - 20] pins
RUN-1001 : 301 nets have [21 - 99] pins
RUN-1001 : 19 nets have 100+ pins
RUN-1002 : start command "start_timer"
RUN-1003 : finish command "start_timer" in  2.144386s wall, 2.000000s user + 0.015625s system = 2.015625s CPU (94.0%)

RUN-1004 : used memory is 525 MB, reserved memory is 625 MB, peak memory is 525 MB
PHY-1001 : 3155 mslices, 3198 lslices, 121 pads, 26 brams, 17 dsps

PHY-1001 : Stage 1 | Global Routing
PHY-1001 : Start global routing, caller is route ...
RUN-1001 : Generating global routing grids ...
PHY-1001 : Generate routing nets ...
RUN-1001 : Generate nets statistics:
RUN-1001 : ----------------------------
RUN-1001 :        Type       |  Nets   
RUN-1001 : ----------------------------
RUN-1001 :   TotalRouteNets  |  13513  
RUN-1001 :   DontRouteNets   |   642   
RUN-1001 :     RouteNets     |  12871  
RUN-1001 :     RouteSinks    |  29799  
RUN-1001 : ----------------------------
PHY-1001 : Global iterations in 20 thread ...
PHY-1002 : len = 714864, over cnt = 2118(6%), over = 3824, worst = 8
PHY-1002 : len = 737352, over cnt = 1300(3%), over = 2065, worst = 8
PHY-1002 : len = 757472, over cnt = 474(1%), over = 707, worst = 8
PHY-1002 : len = 768680, over cnt = 7(0%), over = 7, worst = 1
PHY-1002 : len = 768968, over cnt = 0(0%), over = 0, worst = 0
PHY-1001 : End global iterations;  6.786101s wall, 6.609375s user + 0.062500s system = 6.671875s CPU (98.3%)

PHY-1001 : Congestion index:
PHY-1001 : top1  = 50.09(S 67.84, N 67.82, E 59.40, W 62.13, I 0.00, O 0.00)
PHY-1001 : top5  = 45.15(S 57.89, N 56.73, E 51.26, W 54.07, I 0.00, O 0.00)
PHY-1001 : top10 = 42.20(S 53.31, N 52.05, E 46.80, W 49.42, I 0.00, O 0.00)
PHY-1001 : top15 = 40.19(S 50.21, N 48.94, E 43.93, W 46.06, I 0.00, O 0.00)
PHY-1001 : End global routing;  7.521999s wall, 7.218750s user + 0.062500s system = 7.281250s CPU (96.8%)

PHY-1001 : End Stage 1 | Global Routing; Time: 7.522195s wall, 7.218750s user + 0.062500s system = 7.281250s CPU (96.8%); Memory(MB): used = 525, reserved = 625, peak = 525;

PHY-1001 : Stage 2 | Detail Routing
PHY-1001 : Stage 2.1 | Build Routing Design
PHY-1001 : Routing in high effort: false
PHY-1001 : Routing Mode: normal
PHY-1001 : Generate detailed routing grids ...
PHY-1001 : End build routing graph; 7.808905s wall, 6.546875s user + 0.156250s system = 6.703125s CPU (85.8%)

PHY-1001 : Generate nets ...
PHY-1001 : net clk_50_dup_1 will be routed on clock mesh
PHY-1001 : net phy1_rgmii_rx_clk_dup_1 will be routed on clock mesh
PHY-1001 : clock net frame_read_write_m0/read_buf/clkw will be merged with clock u_video_mem_pll/clk0_buf
PHY-1001 : clock net sd_card_bmp_m0/bmp_read_m0/clk will be merged with clock sys_pll_m0/clk0_buf
PHY-1001 : clock net u_ov5640_dri/u_i2c_dr/dri_clk_syn_4 will be merged with clock u_ov5640_dri/u_i2c_dr/dri_clk
PHY-1001 : clock net frame_read_write_m0/write_clk_syn_4 will be merged with clock frame_read_write_m0/write_clk
PHY-1001 : clock net cam_pclk_syn_4 will be merged with clock cam_pclk_dup_1
PHY-1001 : clock net u4_trimac_block/gtx_clk will be merged with clock u_clk_gen/u_pll_0/clk0_buf
PHY-1001 : clock net u4_trimac_block/rx_clk will be merged with clock u4_trimac_block/u1_rgmii_interface/rgmii_rxc
PHY-1001 : net u4_trimac_block/u1_rgmii_interface/rgmii_txc_ddr/clk will be routed on clock mesh
PHY-1001 : clock net u_rx_pll/clk0_out will be merged with clock u_rx_pll/clk0_buf
PHY-1001 : net u_sdram_ip/u2_ram/SDRAM_CLK will be routed on clock mesh
PHY-1001 : net u_video_subsystem/u_hdmi_tx/Inst_DVITransmitter/PCLK_X5_I will be routed on clock mesh
PHY-1001 : net u_video_subsystem/u_hdmi_tx/Inst_DVITransmitter/PCLK_I will be routed on clock mesh
PHY-1001 : net u_udp_clk_gen/clk_125_in will be routed on clock mesh
RUN-1001 : Generate nets statistics:
RUN-1001 : ------------------------------
RUN-1001 :         Type        |  Nets   
RUN-1001 : ------------------------------
RUN-1001 :        Route        |  13513  
RUN-1001 :      DontRoute      |  2443   
RUN-1001 :      RouteSinks     |  45742  
RUN-1001 :   RouteEntitySinks  |    0    
RUN-1001 :       Lut2Dff       |    0    
RUN-1001 :       Ram2Dff       |    0    
RUN-1001 :      Carry2Dff      |    0    
RUN-1001 : ------------------------------
RUN-1001 : DR clock net summary:
RUN-1001 : ----------------------------------------------------------------------------------------
RUN-1001 :   Net Idx  |                          Net Name                           |  Clock Type  
RUN-1001 : ----------------------------------------------------------------------------------------
RUN-1001 :      1     |                       cam_pclk_syn_4                        |    Normal    
RUN-1001 :      2     |                        clk_50_dup_1                         |    Normal    
RUN-1001 :      3     |              frame_read_write_m0/read_buf/clkw              |    Normal    
RUN-1001 :      4     |             frame_read_write_m0/write_clk_syn_4             |    Normal    
RUN-1001 :      5     |                   phy1_rgmii_rx_clk_dup_1                   |    Normal    
RUN-1001 :      6     |               sd_card_bmp_m0/bmp_read_m0/clk                |    Normal    
RUN-1001 :      7     |                   u4_trimac_block/gtx_clk                   |    Normal    
RUN-1001 :      8     |                   u4_trimac_block/rx_clk                    |    Normal    
RUN-1001 :      9     |    u4_trimac_block/u1_rgmii_interface/rgmii_txc_ddr/clk     |    Normal    
RUN-1001 :     10     |             u_ov5640_dri/u_i2c_dr/dri_clk_syn_4             |    Normal    
RUN-1001 :     11     |                      u_rx_pll/clk0_out                      |    Normal    
RUN-1001 :     12     |                 u_sdram_ip/u2_ram/SDRAM_CLK                 |    Normal    
RUN-1001 :     13     |                  u_udp_clk_gen/clk_125_in                   |    Normal    
RUN-1001 :     14     |   u_video_subsystem/u_hdmi_tx/Inst_DVITransmitter/PCLK_I    |    Normal    
RUN-1001 :     15     |  u_video_subsystem/u_hdmi_tx/Inst_DVITransmitter/PCLK_X5_I  |    Normal    
RUN-1001 : ----------------------------------------------------------------------------------------
RUN-1001 : DR clock buffer summary:
RUN-1001 : ----------------
RUN-1001 :   Idx  |  Name  
RUN-1001 : ----------------
RUN-1001 : ----------------
PHY-1001 : End Stage 2.1 | Build Routing Design; Time: 8.545558s wall, 7.109375s user + 0.187500s system = 7.296875s CPU (85.4%); Memory(MB): used = 790, reserved = 779, peak = 790;

RUN-1001 : Top Percentage Crit. Net Stat.
RUN-1001 : -------------------------------------------------------
RUN-1001 :   Top %  |  Net Count  |  Avg. Fanout  |  Avg. Slack   
RUN-1001 : -------------------------------------------------------
RUN-1001 :     1    |     159     |   5.031447    |  -511.792453  
RUN-1001 :     2    |     319     |   3.115987    |  112.156740   
RUN-1001 :     3    |     478     |   3.179916    |  521.217573   
RUN-1001 :     4    |     638     |   2.887147    |  876.311912   
RUN-1001 :     5    |     797     |   2.637390    |  1149.874529  
RUN-1001 :     6    |     957     |   2.983281    |  1392.365726  
RUN-1001 :     7    |    1116     |   3.131720    |  1598.118280  
RUN-1001 :     8    |    1276     |   3.431818    |  1774.500000  
RUN-1001 :     9    |    1436     |   3.582173    |  1931.377437  
RUN-1001 :    10    |    1595     |   3.719122    |  2069.267712  
RUN-1001 : -------------------------------------------------------
PHY-1001 : Stage 2.2 | Clock Nets Routing
PHY-1001 : Routed 0% nets.
PHY-1001 : len = 217704, over cnt = 0(0%), over = 0, worst = 0, crit = 0
PHY-1001 : End Stage 2.2 | Clock Nets Routing; Time: 13.097701s wall, 12.390625s user + 0.093750s system = 12.484375s CPU (95.3%); Memory(MB): used = 822, reserved = 819, peak = 822;

PHY-1001 : Stage 2.3 | Routing Initialization
PHY-1001 : Mark 1% net(place mode slack < -19ps) as critical nets.
PHY-1001 : Stage 2.3.1 | Normal Nets Routing
PHY-1001 : Routed 84% nets.
PHY-1001 : len = 1.23602e+06, over cnt = 1472(0%), over = 1473, worst = 2, crit = 0
PHY-1001 : End Stage 2.3.1 | Normal Nets Routing; Time: 40.668402s wall, 58.812500s user + 0.531250s system = 59.343750s CPU (145.9%); Memory(MB): used = 832, reserved = 829, peak = 832;

PHY-1001 : Stage 2.3.2 | Update Timing
RUN-1002 : start command "start_timer"
USR-6001 WARNING: No ports matched 'get_ports clk'
RUN-1101 : create_clock: defined a virtual clock: clk.
USR-6136 CRITICAL-WARNING: 'derive_pll_clocks' is obsolete. Please use 'derive_clocks' instead, which handles more types of clock deriving resources. 
Launching timing wizard will update this command automatically.
USR-6001 WARNING: No ports matched 'get_ports clk'
USR-6001 WARNING: No ports matched 'get_ports clk'
USR-6001 WARNING: No ports matched 'get_ports clk'
USR-6001 WARNING: No pins matched 'get_pins video_pll_m0/pll_inst.clkc[0]'
USR-8124 CRITICAL-WARNING: Rename_clock: please specify object list.
USR-8159 CRITICAL-WARNING: Command rename_clock -name {video_clk} -source [get_ports {clk}] -master_clock {clk} [get_pins {video_pll_m0/pll_inst.clkc[0]}] in C:/Users/Lenovo/Desktop/11_3/10_29_class/q3q4/top.sdc(25) fails.
USR-6136 CRITICAL-WARNING: 'derive_pll_clocks' is obsolete. Please use 'derive_clocks' instead, which handles more types of clock deriving resources. 
Launching timing wizard will update this command automatically.
USR-1002 : Derived clock:  create_generated_clock -name {sys_pll_m0/pll_inst.clkc[0]} -source [get_pins {sys_pll_m0/pll_inst.refclk}] -master_clock {sys_pll_m0/pll_inst.refclk} -multiply_by 2.0000 -duty_cycle 50.0000 [get_pins {sys_pll_m0/pll_inst.clkc[0]}]
USR-1002 : Derived clock:  create_generated_clock -name {u_clk_gen/u_pll_0/pll_inst.clkc[0]} -source [get_pins {u_clk_gen/u_pll_0/pll_inst.refclk}] -master_clock {u_clk_gen/u_pll_0/pll_inst.refclk} -multiply_by 2.5000 -duty_cycle 50.0000 [get_pins {u_clk_gen/u_pll_0/pll_inst.clkc[0]}]
USR-1002 : Derived clock:  create_generated_clock -name {u_clk_gen/u_pll_0/pll_inst.clkc[1]} -source [get_pins {u_clk_gen/u_pll_0/pll_inst.refclk}] -master_clock {u_clk_gen/u_pll_0/pll_inst.refclk} -multiply_by 2.5000 -duty_cycle 50.0000 [get_pins {u_clk_gen/u_pll_0/pll_inst.clkc[1]}]
USR-1002 : Derived clock:  create_generated_clock -name {u_clk_gen/u_pll_0/pll_inst.clkc[4]} -source [get_pins {u_clk_gen/u_pll_0/pll_inst.refclk}] -master_clock {u_clk_gen/u_pll_0/pll_inst.refclk} -multiply_by 2.5000 -phase 90 -duty_cycle 50.0000 [get_pins {u_clk_gen/u_pll_0/pll_inst.clkc[4]}]
USR-1002 : Derived clock:  create_generated_clock -name {u_rx_pll/pll_inst.clkc[0]} -source [get_pins {u_rx_pll/pll_inst.refclk}] -master_clock {u_rx_pll/pll_inst.refclk} -multiply_by 1.0000 -duty_cycle 50.0000 [get_pins {u_rx_pll/pll_inst.clkc[0]}]
USR-1002 : Derived clock:  create_generated_clock -name {u_rx_pll/pll_inst.clkc[1]} -source [get_pins {u_rx_pll/pll_inst.refclk}] -master_clock {u_rx_pll/pll_inst.refclk} -multiply_by 1.0000 -duty_cycle 50.0000 [get_pins {u_rx_pll/pll_inst.clkc[1]}]
USR-1002 : Derived clock:  create_generated_clock -name {u_video_mem_pll/pll_inst.clkc[0]} -source [get_pins {u_video_mem_pll/pll_inst.refclk}] -master_clock {u_video_mem_pll/pll_inst.refclk} -multiply_by 2.5000 -duty_cycle 50.0000 [get_pins {u_video_mem_pll/pll_inst.clkc[0]}]
USR-1002 : Derived clock:  create_generated_clock -name {u_video_mem_pll/pll_inst.clkc[1]} -source [get_pins {u_video_mem_pll/pll_inst.refclk}] -master_clock {u_video_mem_pll/pll_inst.refclk} -multiply_by 2.5000 -phase 90 -duty_cycle 50.0000 [get_pins {u_video_mem_pll/pll_inst.clkc[1]}]
USR-1002 : Derived clock:  create_generated_clock -name {u_video_mem_pll/pll_inst.clkc[2]} -source [get_pins {u_video_mem_pll/pll_inst.refclk}] -master_clock {u_video_mem_pll/pll_inst.refclk} -divide_by 2.0000 -duty_cycle 50.0000 [get_pins {u_video_mem_pll/pll_inst.clkc[2]}]
USR-1002 : Derived clock:  create_generated_clock -name {u_video_mem_pll/pll_inst.clkc[3]} -source [get_pins {u_video_mem_pll/pll_inst.refclk}] -master_clock {u_video_mem_pll/pll_inst.refclk} -multiply_by 2.5000 -duty_cycle 50.0000 [get_pins {u_video_mem_pll/pll_inst.clkc[3]}]
USR-6001 WARNING: No ports matched 'get_ports clk'
USR-6001 WARNING: No ports matched 'get_ports clk'
USR-8125 CRITICAL-WARNING: Rename_clock: cannot find target clock.
USR-8159 CRITICAL-WARNING: Command rename_clock -name {ext_mem_clk} -source [get_ports {clk}] -master_clock {clk} [get_pins {sys_pll_m0/pll_inst.clkc[1]}] in C:/Users/Lenovo/Desktop/11_3/10_29_class/q3q4/top.sdc(24) fails.
RUN-1003 : finish command "start_timer" in  3.012215s wall, 2.921875s user + 0.000000s system = 2.921875s CPU (97.0%)

RUN-1004 : used memory is 833 MB, reserved memory is 829 MB, peak memory is 833 MB
TMR-2502 : Net delay update with mode: Routed
USR-6133 CRITICAL-WARNING: Clock definition problem: primary clock sys_pll_m0/pll_inst.refclk is defined on internal clock network. Please use create_generated_clock instead.
USR-6133 CRITICAL-WARNING: Clock definition problem: primary clock u_clk_gen/u_pll_0/pll_inst.refclk is defined on internal clock network. Please use create_generated_clock instead.
USR-6133 CRITICAL-WARNING: Clock definition problem: primary clock u_rx_pll/pll_inst.refclk is defined on internal clock network. Please use create_generated_clock instead.
USR-6133 CRITICAL-WARNING: Clock definition problem: primary clock u_video_mem_pll/pll_inst.refclk is defined on internal clock network. Please use create_generated_clock instead.
PHY-1001 : 785/13513(5%) critical/total net(s).
PHY-1001 : Setup: WNS(ns) = -4.958, TNS(ns) = -1210.606, FEP = 1004 | Hold: WNS(ns) = -2.879, TNS(ns) = -43.005, FEP = 29.
PHY-1001 : End Stage 2.3.2 | Update Timing; Time: 5.309606s wall, 5.140625s user + 0.015625s system = 5.156250s CPU (97.1%); Memory(MB): used = 837, reserved = 833, peak = 837;

PHY-1001 : End Stage 2.3 | Routing Initialization; Time: 46.049732s wall, 64.031250s user + 0.546875s system = 64.578125s CPU (140.2%); Memory(MB): used = 837, reserved = 834, peak = 837;

PHY-1001 : Stage 2.4 | Routing Optimization
PHY-1001 : Build lut bridge;  0.207498s wall, 0.187500s user + 0.000000s system = 0.187500s CPU (90.4%)

PHY-1001 : Stage 2.4.1 | Phase 1
PHY-1001 : Stage 2.4.1.1 | Setup TimeOptimization
PHY-1001 : Start to optimize setup violation with net base ...
PHY-1001 : Iter 1; Processed 58 pins with SWNS -4.958ns STNS -997.282ns FEP 906 took 2.35634 seconds.
PHY-1001 : len = 1.23837e+06, over cnt = 1519(0%), over = 1520, worst = 2, crit = 0
PHY-1001 : End Stage 2.4.1.1 | Setup TimeOptimization; Time: 2.590531s wall, 2.500000s user + 0.031250s system = 2.531250s CPU (97.7%); Memory(MB): used = 838, reserved = 835, peak = 838;

PHY-1001 : Stage 2.4.1.2 | Rip-up And ReRoute
PHY-1001 : Iter 1: len = 1.24327e+06, over cnt = 567(0%), over = 569, worst = 2, crit = 0, time(s) = 2.39
PHY-1001 : Iter 2: len = 1.24449e+06, over cnt = 314(0%), over = 314, worst = 1, crit = 0, time(s) = 0.93
PHY-1001 : Iter 3: len = 1.2447e+06, over cnt = 276(0%), over = 276, worst = 1, crit = 0, time(s) = 0.52
PHY-1001 : Iter 4: len = 1.24717e+06, over cnt = 84(0%), over = 84, worst = 1, crit = 0, time(s) = 0.60
PHY-1001 : Iter 5: len = 1.24772e+06, over cnt = 52(0%), over = 52, worst = 1, crit = 0, time(s) = 0.17
PHY-1001 : Iter 6: len = 1.2477e+06, over cnt = 52(0%), over = 52, worst = 1, crit = 0, time(s) = 0.14
PHY-1001 : Iter 7: len = 1.24771e+06, over cnt = 51(0%), over = 51, worst = 1, crit = 0, time(s) = 0.16
PHY-1001 : Switch mode......
PHY-1001 : Iter 8: len = 1.24873e+06, over cnt = 13(0%), over = 13, worst = 1, crit = 0, time(s) = 0.11
PHY-1001 : Iter 9: len = 1.24883e+06, over cnt = 10(0%), over = 10, worst = 1, crit = 0, time(s) = 0.06
PHY-1001 : Iter 10: len = 1.24888e+06, over cnt = 6(0%), over = 6, worst = 1, crit = 0, time(s) = 0.09
PHY-1001 : Iter 11: len = 1.2489e+06, over cnt = 6(0%), over = 6, worst = 1, crit = 0, time(s) = 0.06
PHY-1001 : Iter 12: len = 1.24904e+06, over cnt = 1(0%), over = 1, worst = 1, crit = 0, time(s) = 0.05
PHY-1001 : Iter 13: len = 1.2491e+06, over cnt = 0(0%), over = 0, worst = 0, crit = 0, time(s) = 0.04
PHY-1001 : End Stage 2.4.1.2 | Rip-up And ReRoute; Time: 5.385984s wall, 8.359375s user + 0.046875s system = 8.406250s CPU (156.1%); Memory(MB): used = 838, reserved = 836, peak = 838;

PHY-1001 : Stage 2.4.1.3 | Update Timing
RUN-1002 : start command "start_timer"
RUN-1003 : finish command "start_timer" in  1.611130s wall, 1.515625s user + 0.000000s system = 1.515625s CPU (94.1%)

RUN-1004 : used memory is 839 MB, reserved memory is 836 MB, peak memory is 839 MB
PHY-1001 : 749/13513(5%) critical/total net(s).
PHY-1001 : Setup: WNS(ns) = -4.958, TNS(ns) = -998.998, FEP = 907 | Hold: WNS(ns) = -2.879, TNS(ns) = -42.239, FEP = 29.
PHY-1001 : End Stage 2.4.1.3 | Update Timing; Time: 3.959854s wall, 3.734375s user + 0.000000s system = 3.734375s CPU (94.3%); Memory(MB): used = 840, reserved = 837, peak = 840;

PHY-1001 : Stage 2.4.1.4 | Commit Data
PHY-1001 : Commit better result to database ...
PHY-1001 : 319 feed throughs used by 274 nets
PHY-1001 : End Stage 2.4.1.4 | Commit Data; Time: 2.413300s wall, 2.031250s user + 0.031250s system = 2.062500s CPU (85.5%); Memory(MB): used = 889, reserved = 885, peak = 889;

PHY-1001 : End Stage 2.4.1 | Phase 1; Time: 14.592305s wall, 16.859375s user + 0.109375s system = 16.968750s CPU (116.3%); Memory(MB): used = 889, reserved = 885, peak = 889;

PHY-1001 : Stage 2.4.2 | Phase 2
PHY-1001 : Stage 2.4.2.1 | Setup TimeOptimization
PHY-1001 : Start to optimize setup violation with net base ...
PHY-1001 : Iter 1; Processed 24 pins with SWNS -4.958ns STNS -993.079ns FEP 903 took 0.678123 seconds.
PHY-1001 : len = 1.24909e+06, over cnt = 9(0%), over = 9, worst = 1, crit = 0
PHY-1001 : End Stage 2.4.2.1 | Setup TimeOptimization; Time: 0.884921s wall, 0.890625s user + 0.015625s system = 0.906250s CPU (102.4%); Memory(MB): used = 889, reserved = 886, peak = 889;

PHY-1001 : Stage 2.4.2.2 | Rip-up And ReRoute
PHY-0007 : Congestion: {51.45, 47.55, 45.13, 43.48}; Timing: {-4.958ns, -993.079ns, 903}
PHY-1001 : Iter 1: len = 1.249e+06, over cnt = 1(0%), over = 1, worst = 1, crit = 0, time(s) = 0.11
PHY-1001 : Iter 2: len = 1.249e+06, over cnt = 0(0%), over = 0, worst = 0, crit = 0, time(s) = 0.05
PHY-1001 : End Stage 2.4.2.2 | Rip-up And ReRoute; Time: 0.229118s wall, 0.375000s user + 0.000000s system = 0.375000s CPU (163.7%); Memory(MB): used = 889, reserved = 886, peak = 889;

PHY-1001 : Stage 2.4.2.3 | Update Timing
RUN-1002 : start command "start_timer"
RUN-1003 : finish command "start_timer" in  1.597422s wall, 1.484375s user + 0.062500s system = 1.546875s CPU (96.8%)

RUN-1004 : used memory is 890 MB, reserved memory is 886 MB, peak memory is 890 MB
PHY-1001 : 737/13513(5%) critical/total net(s).
PHY-1001 : Setup: WNS(ns) = -4.958, TNS(ns) = -999.916, FEP = 903 | Hold: WNS(ns) = -2.879, TNS(ns) = -42.010, FEP = 29.
PHY-1001 : End Stage 2.4.2.3 | Update Timing; Time: 3.847716s wall, 3.343750s user + 0.093750s system = 3.437500s CPU (89.3%); Memory(MB): used = 891, reserved = 887, peak = 891;

PHY-1001 : Stage 2.4.2.4 | Commit Data
PHY-1001 : Don't need to commit to database ...
PHY-1001 : End Stage 2.4.2.4 | Commit Data; Time: 0.023333s wall, 0.015625s user + 0.000000s system = 0.015625s CPU (67.0%); Memory(MB): used = 891, reserved = 887, peak = 891;

PHY-1001 : End Stage 2.4.2 | Phase 2; Time: 5.213549s wall, 4.796875s user + 0.125000s system = 4.921875s CPU (94.4%); Memory(MB): used = 891, reserved = 887, peak = 891;

PHY-1001 : End Stage 2.4 | Routing Optimization; Time: 22.293800s wall, 24.078125s user + 0.234375s system = 24.312500s CPU (109.1%); Memory(MB): used = 891, reserved = 887, peak = 891;

PHY-1003 : Routed, final wirelength = 1.249e+06
RUN-1002 : start command "export_db q4_pr.db"
RUN-1001 : Exported flow parameters
RUN-1001 : Exported /
RUN-1001 : Exported libs
RUN-1001 : Exported entities
RUN-1001 : Exported ports
RUN-1001 : Exported pins
RUN-1001 : Exported instances
RUN-1001 : Exported nets
RUN-1001 : Exported buses
RUN-1001 : Exported models
RUN-1001 : Exported phy database
RUN-1001 : Exported packer
RUN-1001 : Exported congestions
RUN-1001 : Exported violations
RUN-1001 : Exported ATMR Setting
RUN-1001 : Exported timing constraints
RUN-1001 : Exported IO constraints
RUN-1001 : Exported Inst constraints
RUN-1001 : Exported ChipWatcher
PHY-1001 : Current memory(MB): used = 930, reserved = 1046, peak = 930.
PHY-1001 : End export database. 1.040591s wall, 1.437500s user + 0.015625s system = 1.453125s CPU (139.6%)

PHY-1001 : End detail routing;  92.817223s wall, 110.625000s user + 1.093750s system = 111.718750s CPU (120.4%)

PHY-1001 : End Stage 2 | Detail Routing; Time: 92.817479s wall, 110.625000s user + 1.093750s system = 111.718750s CPU (120.4%); Memory(MB): used = 930, reserved = 1046, peak = 930;

PHY-1001 : Stage 3 | Hold Fix
RUN-1002 : start command "start_timer"
RUN-1003 : finish command "start_timer" in  1.608866s wall, 1.546875s user + 0.000000s system = 1.546875s CPU (96.1%)

RUN-1004 : used memory is 930 MB, reserved memory is 1046 MB, peak memory is 930 MB
RUN-1001 : Too much hold violation, please check the src code.
PHY-1001 : End Stage 3 | Hold Fix; Time: 3.848300s wall, 3.671875s user + 0.015625s system = 3.687500s CPU (95.8%); Memory(MB): used = 930, reserved = 1046, peak = 930;

PHY-1001 : Stage 4 | Report Route Qor
RUN-1002 : start command "report_qor -step route -file route.qor"
RUN-1002 : start command "start_timer"
RUN-1003 : finish command "start_timer" in  1.641768s wall, 1.562500s user + 0.031250s system = 1.593750s CPU (97.1%)

RUN-1004 : used memory is 930 MB, reserved memory is 1046 MB, peak memory is 930 MB
-----------------------------------------------------------
| QoR metrics               |         value               |
-----------------------------------------------------------
| Timing                    |                             |
|     Setup WNS             |        -4958                |
|     Setup TNS             |      -998998                |
|     Num of violated S-EP  |          907                |
|     Hold WNS              |        -2879                |
|     Hold TNS              |       -42239                |
|     Num of violated H-EP  |           29                |
-----------------------------------------------------------
| Routing Resource          |                             |
|     Wire length           |      1249104                |
-----------------------------------------------------------
| Utilization               |                             |
|     #slices               |         6353                |
|     slices percentage     |       64.83%                |
|     #RAMs                 |           26                |
|     #DSPs                 |           17                |
|     #DRAMHARDCON          |            0                |
-----------------------------------------------------------
Report route stage QoR done.

RUN-1003 : finish command "report_qor -step route -file route.qor" in  3.745989s wall, 3.562500s user + 0.031250s system = 3.593750s CPU (95.9%)

RUN-1004 : used memory is 930 MB, reserved memory is 1046 MB, peak memory is 930 MB
RUN-1002 : start command "update_timing -mode final"
RUN-1002 : start command "start_timer"
RUN-1003 : finish command "start_timer" in  1.651187s wall, 1.515625s user + 0.078125s system = 1.593750s CPU (96.5%)

RUN-1004 : used memory is 930 MB, reserved memory is 1046 MB, peak memory is 930 MB
RUN-1003 : finish command "update_timing -mode final" in  3.822584s wall, 3.625000s user + 0.078125s system = 3.703125s CPU (96.9%)

RUN-1004 : used memory is 930 MB, reserved memory is 1046 MB, peak memory is 930 MB
RUN-1002 : start command "report_timing_summary -file final_timing.rpt"
OPT-1001 : QoR tracer report on route step:
    SWNS [   incr ]      STNS [     incr ]  S-FEPS [   incr ]    HWNS [   incr ]      HTNS [     incr ]    H-FEPS [     incr ]    CELL [   incr ]       WL [    incr ]   RT(s) [   incr ]   MEM(mb) [     incr ]
   -4958 [      0 ]  -1210606 [        0 ]    1004 [      0 ]   -2879 [      0 ]    -43005 [        0 ]        29 [        0 ]    6534 [      0 ]  1236016 [       0 ]      81 [      0 ]       837 [        0 ] : dr_initialization
   -4958 [      0 ]   -997282 [   213324 ]     906 [    -98 ]   -2879 [      0 ]    -43005 [        0 ]        29 [        0 ]    6534 [      0 ]  1238368 [    2352 ]      86 [      5 ]       838 [        1 ] : dr_timing_opt_phase1
   -4958 [      0 ]   -998998 [    -1716 ]     907 [      1 ]   -2879 [      0 ]    -42239 [      766 ]        29 [        0 ]    6534 [      0 ]  1249104 [   10736 ]      98 [     12 ]       889 [       51 ] : dr_opt_phase1
   -4958 [      0 ]   -993079 [     5919 ]     903 [     -4 ]   -2879 [      0 ]    -42239 [        0 ]        29 [        0 ]    6534 [      0 ]  1249088 [     -16 ]      99 [      1 ]       889 [        0 ] : dr_timing_opt_phase2
   -4958 [      0 ]   -999916 [    -6837 ]     903 [      0 ]   -2879 [      0 ]    -42010 [      229 ]        29 [        0 ]    6534 [      0 ]  1249000 [     -88 ]     103 [      4 ]       891 [        2 ] : dr_opt_phase2
   -4958 [      0 ]   -999916 [        0 ]     903 [      0 ]   -2879 [      0 ]    -42010 [        0 ]        29 [        0 ]    6534 [      0 ]  1249000 [       0 ]     103 [      0 ]       891 [        0 ] : multi_try_opt
   -4958 [      0 ]   -998998 [      918 ]     907 [      4 ]   -2879 [      0 ]    -42239 [     -229 ]        29 [        0 ]    6534 [      0 ]  1249104 [     104 ]     108 [      5 ]       930 [       39 ] : fix_hold_opt

PHY-1001 : End Stage 4 | Report Route Qor; Time: 7.743021s wall, 7.375000s user + 0.109375s system = 7.484375s CPU (96.7%); Memory(MB): used = 930, reserved = 1046, peak = 930;

PHY-1001 : Stage 5 | Routing DRC
PHY-1001 : Start multi-drive drc check......
PHY-1001 : No multi-drive.
PHY-1001 : Stage 5.1 | Clock Net Status Check
PHY-1001 : 1 clock net(s) utilize local routing resource.
PHY-5079 CRITICAL-WARNING: Marked 1 clock net(s) utilize the local routing resources. Please check log message and the sinks of clock nets.
RUN-1001 : CTS Local Wire Summary
RUN-1001 : ---------------------------------------------------------------------------------------------------------------------------------
RUN-1001 :               ClockName              |  DriverType  |  Clock/Fanout  |  LocalWireNum  |            NetName            |  Marked  
RUN-1001 : ---------------------------------------------------------------------------------------------------------------------------------
RUN-1001 :   u_video_mem_pll/pll_inst.clkc[1]   |  AL_PHY_PLL  |      0/1       |       1        |  u_sdram_ip/u2_ram/SDRAM_CLK  |   true   
RUN-1001 : ---------------------------------------------------------------------------------------------------------------------------------
PHY-1001 : End Stage 5.1 | Clock Net Status Check; Time: 0.006615s wall, 0.000000s user + 0.000000s system = 0.000000s CPU (n/a%); Memory(MB): used = 930, reserved = 1046, peak = 930;

PHY-1001 : Stage 5.2 | Abnormal Timing Path check
PHY-5089 WARNING: Skip 21 abnormal timing path for routing due to clock skew is greater than 1000ps or hold slack is less than -1000ps, use load pr.db and report_abnormal_timing_target -file to get detail message. If need to fix these hold violation, place turn on hold fix high.
PHY-1001 : End Stage 5.2 | Abnormal Timing Path check; Time: 0.199683s wall, 0.187500s user + 0.000000s system = 0.187500s CPU (93.9%); Memory(MB): used = 930, reserved = 1046, peak = 930;

PHY-1001 : End Stage 5 | Routing DRC; Time: 0.361606s wall, 0.312500s user + 0.031250s system = 0.343750s CPU (95.1%); Memory(MB): used = 930, reserved = 1046, peak = 930;

RUN-1003 : finish command "route" in  116.708821s wall, 133.343750s user + 1.328125s system = 134.671875s CPU (115.4%)

RUN-1004 : used memory is 930 MB, reserved memory is 1046 MB, peak memory is 930 MB
RUN-1002 : start command "report_area -io_info -file q4_phy.area"
RUN-1001 : standard
***Report Model: top_dual_udp Device: EG4S20BG256***

IO Statistics
#IO                        62   out of    188   32.98%
  #input                   25
  #output                  36
  #inout                    1
#virtual IO                 1
  #input                    0
  #output                   0
  #inout                    0

Utilization Statistics
#lut                    10849   out of  19600   55.35%
#reg                     7179   out of  19600   36.63%
#le                     11959
  #lut only              4780   out of  11959   39.97%
  #reg only              1110   out of  11959    9.28%
  #lut&reg               6069   out of  11959   50.75%
#bram                      26   out of     64   40.62%
  #bram9k                  26
  #fifo9k                   0
#bram32k                    0   out of     16    0.00%
#dsp                       17   out of     29   58.62%
#pad                       66   out of    188   35.11%
  #ireg                    17
  #oreg                    34
  #treg                     0
#pll                        4   out of      4  100.00%
#gclk                       8   out of     16   50.00%


DataNet Average Fanout:

   Index     Fanout     Nets  
    #1          1       9909  
    #2          2       2898  
    #3          3       929   
    #4          4       493   
    #5        5-10      1002  
    #6        11-50     519   
    #7       51-100      61   
    #8       101-500     10   
  Average     2.79            

RUN-1002 : start command "update_timing -mode final"
RUN-1002 : start command "start_timer"
RUN-1003 : finish command "start_timer" in  1.549028s wall, 1.515625s user + 0.015625s system = 1.531250s CPU (98.9%)

RUN-1004 : used memory is 930 MB, reserved memory is 1046 MB, peak memory is 930 MB
RUN-1003 : finish command "update_timing -mode final" in  3.896737s wall, 3.468750s user + 0.046875s system = 3.515625s CPU (90.2%)

RUN-1004 : used memory is 930 MB, reserved memory is 1046 MB, peak memory is 930 MB
RUN-1002 : start command "report_timing_status -file q4_phy.ts"
RUN-1002 : start command "report_timing_summary -file q4_pr.timing"
RUN-1002 : start command "report_timing_exception -file q4_exception.timing"
RUN-1002 : start command "flow_status -file route_flow.status"
Location         : C:\Users\Lenovo\Desktop\11_3\10_29_class\q3q4\q4_Runs\phy_1
Running with     : Tang Dynasty v6.2.168116
                   Copyright (c) 2012-2025 Anlogic Inc.
Top Model        : top_dual_udp
Device           : EG4S20BG256
Speed            : NA

Timing Mode      : final
Setup            : WNS -4958ps  TNS  -998998ps  NUM_FEPS   907
Hold             : WNS -2879ps  TNS   -42239ps  NUM_FEPS    29

Flow Statistics  :
RUN-1001 : Flow Statistics:
RUN-1001 : ---------------------------------------------------------------------------------------------------
RUN-1001 :      command     |  #calls  |  wall time   |  cpu time(s)  |  used memory(mb)  |  peak memory(mb)  
RUN-1001 : ---------------------------------------------------------------------------------------------------
RUN-1001 :       route      |    1     |  1m56s(50%)  |   134(46%)    |        930        |        930        
RUN-1001 :       place      |    1     |  1m55s(49%)  |   155(53%)    |        507        |        507        
RUN-1001 :     import_db    |    1     |    0s(0%)    |     0(0%)     |        220        |        220        
RUN-1001 :   import_device  |    1     |    0s(0%)    |     0(0%)     |        83         |        83         
RUN-1001 : ---------------------------------------------------------------------------------------------------
RUN-1001 :       total      |    4     |    3m51s     |      289      |        930        |        930        
RUN-1001 : ---------------------------------------------------------------------------------------------------
RUN-1002 : start command "report_clock_utilization -file route_clock_utilization.txt"
RUN-1001 : Device not support command report_clock_utilization.
RUN-1002 : start command "export_db q4_pr.db"
RUN-1001 : Exported flow parameters
RUN-1001 : Exported /
RUN-1001 : Exported libs
RUN-1001 : Exported entities
RUN-1001 : Exported ports
RUN-1001 : Exported pins
RUN-1001 : Exported instances
RUN-1001 : Exported nets
RUN-1001 : Exported buses
RUN-1001 : Exported models
RUN-1001 : Exported phy database
RUN-1001 : Exported packer
RUN-1001 : Exported congestions
RUN-1001 : Exported violations
RUN-1001 : Exported ATMR Setting
RUN-1001 : Exported timing constraints
RUN-1001 : Exported IO constraints
RUN-1001 : Exported Inst constraints
RUN-1001 : Exported ChipWatcher
RUN-1003 : finish command "export_db q4_pr.db" in  1.156657s wall, 1.343750s user + 0.046875s system = 1.390625s CPU (120.2%)

RUN-1004 : used memory is 933 MB, reserved memory is 1046 MB, peak memory is 933 MB
RUN-1002 : start command "commit_param -step bitgen"
RUN-1001 : Print Global Property
RUN-1001 : --------------------------------------------------------
RUN-1001 :   Parameters   |  Settings  |  Default Values  |  Note  
RUN-1001 : --------------------------------------------------------
RUN-1001 :   enable_seed  |    off     |       off        |        
RUN-1001 :     message    |  standard  |     standard     |        
RUN-1001 :   qor_monitor  |     on     |        on        |        
RUN-1001 :   syn_ip_flow  |    off     |       off        |        
RUN-1001 :     thread     |    auto    |       auto       |        
RUN-1001 : --------------------------------------------------------
RUN-1001 : Print Bitgen Property
RUN-1001 : -------------------------------------------------------------
RUN-1001 :      Parameters     |  Settings  |  Default Values  |  Note  
RUN-1001 : -------------------------------------------------------------
RUN-1001 :         bin         |    off     |       off        |        
RUN-1001 :       gen_mask      |    off     |       off        |        
RUN-1001 :      time_info      |     on     |        on        |        
RUN-1001 :   unused_io_status  |   pullup   |      pullup      |        
RUN-1001 :       version       |    0x00    |       0x00       |        
RUN-1001 : -------------------------------------------------------------
RUN-1002 : start command "bitgen -bit q4.bit"
RUN-1002 : start command "export_bid q4_inst.bid"
BIT-1003 : Start to generate bitstream. 
BIT-1002 : Init instances with 20 threads.
BIT-1002 : Init instances completely, inst num: 6532
BIT-1002 : Init pips with 20 threads.
BIT-1002 : Init pips completely, net num: 13506, pip num: 129513
BIT-1002 : Init feedthrough with 20 threads.
BIT-1002 : Init feedthrough completely, num: 319
BIT-1003 : Multithreading accelaration with 20 threads.
BIT-1003 : Generate bitstream completely, there are 370138 bits set as '1'.
BIT-1004 : PLL setting string = 1111
BIT-1004 : Generate bits file q4.bit.
RUN-1003 : finish command "bitgen -bit q4.bit" in  17.985376s wall, 39.109375s user + 0.921875s system = 40.031250s CPU (222.6%)

RUN-1004 : used memory is 933 MB, reserved memory is 1046 MB, peak memory is 934 MB
RUN-1002 : start command "setup_debugger ../../chip_debugger"
RUN-1002 : start command "export_bitgen_param -file .bitgen_param.f"
RUN-1002 : start command "export_flow_status -s opt_place -e bitgen"
RUN-1002 : start command "flow_status"

Location         : C:\Users\Lenovo\Desktop\11_3\10_29_class\q3q4\q4_Runs\phy_1
Running with     : Tang Dynasty v6.2.168116
                   Copyright (c) 2012-2025 Anlogic Inc.
Top Model        : top_dual_udp
Device           : EG4S20BG256
Speed            : NA

Timing Mode      : final
Setup            : WNS -4958ps  TNS  -998998ps  NUM_FEPS   907
Hold             : WNS -2879ps  TNS   -42239ps  NUM_FEPS    29

RUN-1001 : Flow Statistics:
RUN-1001 : ---------------------------------------------------------------------------------------------------
RUN-1001 :      command     |  #calls  |  wall time   |  cpu time(s)  |  used memory(mb)  |  peak memory(mb)  
RUN-1001 : ---------------------------------------------------------------------------------------------------
RUN-1001 :       route      |    1     |  1m56s(46%)  |   134(40%)    |        930        |        930        
RUN-1001 :       place      |    1     |  1m55s(46%)  |   155(47%)    |        507        |        507        
RUN-1001 :      bitgen      |    1     |   17s(6%)    |    39(11%)    |        933        |        934        
RUN-1001 :     import_db    |    1     |    0s(0%)    |     0(0%)     |        220        |        220        
RUN-1001 :   import_device  |    1     |    0s(0%)    |     0(0%)     |        83         |        83         
RUN-1001 : ---------------------------------------------------------------------------------------------------
RUN-1001 :       total      |    5     |     4m8s     |      328      |        933        |        934        
RUN-1001 : ---------------------------------------------------------------------------------------------------
