============================================================
   Tang Dynasty, V6.2.168116
   Copyright (c) 2012-2025 Anlogic Inc.
   Executable = C:/Anlogic/TD_6.2.1_Engineer_6.2.168.116/bin/td.exe
   Built at =   16:32:07 Jun 12 2025
   Run by =     30545
   Run Date =   Mon Oct 13 02:13:17 2025

   Run on =     Ú‘¡˙16PRO
============================================================
RUN-1002 : start command "import_db C:/Users/30545/Desktop/1FPGA_PRJ/q4v4/q4_Runs/phy_1/q4_pr.db"
RUN-1001 : Importing database generated by Tang Dynasty, V6.2.168116.
RUN-1001 : Database version number 46207
RUN-1001 : Import flow parameters
RUN-1001 : Import netlist
PHY-1001 : Generate detailed routing grids ...
PHY-1001 : End build routing graph; 2.117311s wall, 2.062500s user + 0.156250s system = 2.218750s CPU (104.8%)

PHY-1001 : Build lut bridge;  0.055461s wall, 0.046875s user + 0.000000s system = 0.046875s CPU (84.5%)

PHY-1001 : Generate nets ...
PHY-1001 : net clk_dup_1 will be routed on clock mesh
PHY-1001 : net phy1_rgmii_rx_clk_dup_1 will be routed on clock mesh
PHY-1001 : net U3/u2_ram/SDRAM_CLK will be routed on clock mesh
PHY-1001 : clock net u_ov5640_dri/u_i2c_dr/dri_clk_syn_4 will be merged with clock u_ov5640_dri/u_i2c_dr/dri_clk
PHY-1001 : clock net frame_read_write_m0/write_buf/clkw_syn_2 will be merged with clock frame_read_write_m0/write_buf/clkw
PHY-1001 : clock net frame_read_write_m0/read_buf/clkw will be merged with clock sys_pll_m0/clk0_buf
PHY-1001 : clock net u_rx_pll/clk0_out will be merged with clock u_rx_pll/clk0_buf
PHY-1001 : clock net u_clk_gen/u_pll_0/clk0_out will be merged with clock u_clk_gen/u_pll_0/clk0_buf
PHY-1001 : net u4_trimac_block/gtx_clk will be routed on clock mesh
PHY-1001 : clock net u4_trimac_block/rx_clk will be merged with clock u4_trimac_block/u1_rgmii_interface/rgmii_rxc
PHY-1001 : net u4_trimac_block/u1_rgmii_interface/rgmii_txc_ddr/clk will be routed on clock mesh
PHY-1001 : eco open net = 0
PHY-1001 : 212 feed throughs used by 145 nets
RUN-1001 : Import phy database
RUN-1001 : Import timing constraints
RUN-1001 : Import IO constraints
RUN-1001 : Import Inst constraints
RUN-1001 : Import ChipWatcher
RUN-1001 : Import design success TD_VERSION=6.2.168116 , DB_VERSION=46207
RUN-1003 : finish command "import_db C:/Users/30545/Desktop/1FPGA_PRJ/q4v4/q4_Runs/phy_1/q4_pr.db" in  3.770812s wall, 3.468750s user + 0.296875s system = 3.765625s CPU (99.9%)

RUN-1004 : used memory is 689 MB, reserved memory is 647 MB, peak memory is 772 MB
